[2017-07-09 14:41:50.004][debug][command:27b828c3-dd51-4555-8f28-9f9389578bc3][tid:01][com.facebook.buck.event.listener.SuperConsoleEventBusListener] Starting render scheduler (interval 100 ms)
[2017-07-09 14:41:50.076][debug][command:27b828c3-dd51-4555-8f28-9f9389578bc3][tid:01][com.google.common.util.concurrent.ServiceManager] Starting PerfStatsTracking [RUNNING].
[2017-07-09 14:41:50.076][debug][command:27b828c3-dd51-4555-8f28-9f9389578bc3][tid:01][com.google.common.util.concurrent.ServiceManager] Started PerfStatsTracking [RUNNING] in 530.0 μs.
[2017-07-09 14:41:50.084][debug][command:27b828c3-dd51-4555-8f28-9f9389578bc3][tid:01][com.google.common.util.concurrent.ServiceManager] Starting ProcessTracker [STARTING].
[2017-07-09 14:41:50.084][debug][command:null][tid:17][com.facebook.buck.util.perf.ProcessTracker] startUp
[2017-07-09 14:41:50.084][debug][command:null][tid:17][com.facebook.buck.util.perf.ProcessTracker] startUp
[2017-07-09 14:41:50.085][debug][command:27b828c3-dd51-4555-8f28-9f9389578bc3][tid:01][com.facebook.buck.cli.Main] InvocationInfo BuildId=[27b828c3-dd51-4555-8f28-9f9389578bc3] Args=[project, mhc]
[2017-07-09 14:41:50.124][debug][command:27b828c3-dd51-4555-8f28-9f9389578bc3][tid:01][com.facebook.buck.util.environment.MacWifiSsidFinder] Getting current SSID..
[2017-07-09 14:41:50.200][debug][command:27b828c3-dd51-4555-8f28-9f9389578bc3][tid:01][com.facebook.buck.util.environment.MacWifiSsidFinder] Getting SSID from Wi-Fi interface: <CWInterface: 0x7fd46a814af0> [interfaceName=en0]
[2017-07-09 14:41:50.202][debug][command:27b828c3-dd51-4555-8f28-9f9389578bc3][tid:01][com.facebook.buck.util.environment.MacWifiSsidFinder] Found SSID: Intranet
[2017-07-09 14:41:50.220][debug][command:null][tid:17][com.google.common.util.concurrent.ServiceManager] Started ProcessTracker [RUNNING] in 136.2 ms.
[2017-07-09 14:41:50.220][debug][command:null][tid:17][com.google.common.util.concurrent.ServiceManager] Started ProcessTracker [RUNNING] in 136.2 ms.
[2017-07-09 14:41:51.065][warn ][command:null][tid:20][com.facebook.buck.event.listener.PublicAnnouncementManager] Failed to get public announcements. Reason: Failed to establish connection to server.
[2017-07-09 14:41:51.065][warn ][command:null][tid:20][com.facebook.buck.event.listener.PublicAnnouncementManager] Failed to get public announcements. Reason: Failed to establish connection to server.
[2017-07-09 14:41:51.102][info ][command:null][tid:22][com.facebook.buck.util.versioncontrol.VersionControlStatsGenerator] Starting generation of version control stats.
[2017-07-09 14:41:51.102][info ][command:null][tid:22][com.facebook.buck.util.versioncontrol.VersionControlStatsGenerator] Starting generation of version control stats.
[2017-07-09 14:41:51.108][debug][command:null][tid:22][com.facebook.buck.util.versioncontrol.VersionControlCmdLineInterface] Executing command: hg log -l 1 --template {node|short}
[2017-07-09 14:41:51.108][debug][command:null][tid:22][com.facebook.buck.util.versioncontrol.VersionControlCmdLineInterface] Executing command: hg log -l 1 --template {node|short}
[2017-07-09 14:41:51.122][warn ][command:null][tid:22][com.facebook.buck.util.versioncontrol.DelegatingVersionControlCmdLineInterface] Mercurial is the only VCS supported for VCS stats generation, however current project (which has enabled VCS stats generation in its .buckconfig) does not appear to be a Mercurial repository: 
com.facebook.buck.util.versioncontrol.VersionControlCommandFailedException: java.io.IOException: Cannot run program "hg" (in directory "/Users/chengxiang/Projects/muhanCoupon"): error=2, No such file or directory
[2017-07-09 14:41:51.122][warn ][command:null][tid:22][com.facebook.buck.util.versioncontrol.DelegatingVersionControlCmdLineInterface] Mercurial is the only VCS supported for VCS stats generation, however current project (which has enabled VCS stats generation in its .buckconfig) does not appear to be a Mercurial repository: 
com.facebook.buck.util.versioncontrol.VersionControlCommandFailedException: java.io.IOException: Cannot run program "hg" (in directory "/Users/chengxiang/Projects/muhanCoupon"): error=2, No such file or directory
[2017-07-09 14:41:51.123][debug][command:null][tid:22][com.facebook.buck.util.versioncontrol.DelegatingVersionControlCmdLineInterface] Using NoOpCmdLineInterface.
[2017-07-09 14:41:51.123][debug][command:null][tid:22][com.facebook.buck.util.versioncontrol.DelegatingVersionControlCmdLineInterface] Using NoOpCmdLineInterface.
[2017-07-09 14:41:51.125][warn ][command:null][tid:22][com.facebook.buck.util.versioncontrol.VersionControlStatsGenerator] Skipping generation of version control stats as unsupported repository type.
[2017-07-09 14:41:51.125][warn ][command:null][tid:22][com.facebook.buck.util.versioncontrol.VersionControlStatsGenerator] Skipping generation of version control stats as unsupported repository type.
[2017-07-09 14:41:56.333][debug][command:27b828c3-dd51-4555-8f28-9f9389578bc3][tid:01][com.facebook.buck.parser.DaemonicParserState] Starting to invalidate caches for /Users/chengxiang/Projects/muhanCoupon..
[2017-07-09 14:41:56.334][debug][command:27b828c3-dd51-4555-8f28-9f9389578bc3][tid:01][com.facebook.buck.parser.DaemonicParserState] Cell caches were empty, no data invalidated.
[2017-07-09 14:41:56.372][debug][command:27b828c3-dd51-4555-8f28-9f9389578bc3][tid:23][com.facebook.buck.io.ExecutableFinder] Executable 'python2' mapped to 'Optional.empty'
[2017-07-09 14:41:56.373][debug][command:27b828c3-dd51-4555-8f28-9f9389578bc3][tid:23][com.facebook.buck.io.ExecutableFinder] Executable 'python' mapped to 'Optional[/usr/bin/python]'
[2017-07-09 14:41:56.460][debug][command:27b828c3-dd51-4555-8f28-9f9389578bc3][tid:23][com.facebook.buck.apple.AppleToolchainDiscovery] Searching for Xcode toolchains under /Applications/Xcode.app/Contents/Developer/Toolchains
[2017-07-09 14:41:56.460][debug][command:27b828c3-dd51-4555-8f28-9f9389578bc3][tid:23][com.facebook.buck.apple.AppleToolchainDiscovery] Searching for Xcode toolchains in /Applications/Xcode.app/Contents/Developer/Toolchains
[2017-07-09 14:41:56.462][debug][command:27b828c3-dd51-4555-8f28-9f9389578bc3][tid:23][com.facebook.buck.apple.AppleToolchainDiscovery] Getting identifier for for Xcode toolchain under /Applications/Xcode.app/Contents/Developer/Toolchains/Swift_2.3.xctoolchain
[2017-07-09 14:41:56.462][debug][command:27b828c3-dd51-4555-8f28-9f9389578bc3][tid:23][com.facebook.buck.apple.AppleToolchainDiscovery] Loading toolchain from plist ToolchainInfo.plist for /Applications/Xcode.app/Contents/Developer/Toolchains/Swift_2.3.xctoolchain failed
[2017-07-09 14:41:56.462][debug][command:27b828c3-dd51-4555-8f28-9f9389578bc3][tid:23][com.facebook.buck.apple.AppleToolchainDiscovery] Loading toolchain from plist Info.plist for /Applications/Xcode.app/Contents/Developer/Toolchains/Swift_2.3.xctoolchain failed
[2017-07-09 14:41:56.462][debug][command:27b828c3-dd51-4555-8f28-9f9389578bc3][tid:23][com.facebook.buck.apple.AppleToolchainDiscovery] Failed to resolve info about toolchain /Applications/Xcode.app/Contents/Developer/Toolchains/Swift_2.3.xctoolchain from plist files [ToolchainInfo.plist, Info.plist]
[2017-07-09 14:41:56.462][debug][command:27b828c3-dd51-4555-8f28-9f9389578bc3][tid:23][com.facebook.buck.apple.AppleToolchainDiscovery] Getting identifier for for Xcode toolchain under /Applications/Xcode.app/Contents/Developer/Toolchains/XcodeDefault.xctoolchain
[2017-07-09 14:41:56.484][debug][command:27b828c3-dd51-4555-8f28-9f9389578bc3][tid:23][com.facebook.buck.apple.AppleToolchainDiscovery] Mapped SDK identifier com.apple.dt.toolchain.XcodeDefault to path /Applications/Xcode.app/Contents/Developer/Toolchains/XcodeDefault.xctoolchain
[2017-07-09 14:41:56.497][debug][command:27b828c3-dd51-4555-8f28-9f9389578bc3][tid:23][com.facebook.buck.apple.AppleSdkDiscovery] Searching for Xcode platforms under /Applications/Xcode.app/Contents/Developer/Platforms
[2017-07-09 14:41:56.502][debug][command:27b828c3-dd51-4555-8f28-9f9389578bc3][tid:23][com.facebook.buck.apple.AppleSdkDiscovery] Searching for Xcode SDKs in /Applications/Xcode.app/Contents/Developer/Platforms
[2017-07-09 14:41:56.503][debug][command:27b828c3-dd51-4555-8f28-9f9389578bc3][tid:23][com.facebook.buck.apple.AppleSdkDiscovery] Fetching SDK name for /Applications/Xcode.app/Contents/Developer/Platforms/AppleTVOS.platform/Developer/SDKs/AppleTVOS.sdk
[2017-07-09 14:41:56.526][debug][command:27b828c3-dd51-4555-8f28-9f9389578bc3][tid:23][com.facebook.buck.apple.AppleSdkDiscovery] Found SDK AppleSdk{name=appletvos10.2, version=10.2, applePlatform=ApplePlatform{name=appletvos, provisioningProfileName=tvOS, architectures=[arm64], minVersionFlagPrefix=-mtvos-version-min=, appIncludesFrameworks=false}, architectures=[arm64], toolchains=[AppleToolchain{identifier=com.apple.dt.toolchain.XcodeDefault, path=/Applications/Xcode.app/Contents/Developer/Toolchains/XcodeDefault.xctoolchain}]}
[2017-07-09 14:41:56.531][debug][command:27b828c3-dd51-4555-8f28-9f9389578bc3][tid:23][com.facebook.buck.apple.AppleSdkDiscovery] Fetching SDK name for /Applications/Xcode.app/Contents/Developer/Platforms/AppleTVOS.platform/Developer/SDKs/AppleTVOS10.2.sdk
[2017-07-09 14:41:56.532][debug][command:27b828c3-dd51-4555-8f28-9f9389578bc3][tid:23][com.facebook.buck.apple.AppleSdkDiscovery] Skipping already scanned SDK directory /Applications/Xcode.app/Contents/Developer/Platforms/AppleTVOS.platform/Developer/SDKs/AppleTVOS.sdk
[2017-07-09 14:41:56.533][debug][command:27b828c3-dd51-4555-8f28-9f9389578bc3][tid:23][com.facebook.buck.apple.AppleSdkDiscovery] Fetching SDK name for /Applications/Xcode.app/Contents/Developer/Platforms/AppleTVSimulator.platform/Developer/SDKs/AppleTVSimulator.sdk
[2017-07-09 14:41:56.587][debug][command:27b828c3-dd51-4555-8f28-9f9389578bc3][tid:23][com.facebook.buck.apple.AppleSdkDiscovery] Specified toolchain com.apple.dt.toolchain.AppleTVOS10_2 not found for SDK path /Applications/Xcode.app/Contents/Developer/Platforms/AppleTVSimulator.platform/Developer/SDKs/AppleTVSimulator.sdk
[2017-07-09 14:41:56.588][debug][command:27b828c3-dd51-4555-8f28-9f9389578bc3][tid:23][com.facebook.buck.apple.AppleSdkDiscovery] Found SDK AppleSdk{name=appletvsimulator10.2, version=10.2, applePlatform=ApplePlatform{name=appletvsimulator, swiftName=tvos, architectures=[x86_64], minVersionFlagPrefix=-mtvos-simulator-version-min=, appIncludesFrameworks=false}, architectures=[x86_64], toolchains=[AppleToolchain{identifier=com.apple.dt.toolchain.XcodeDefault, path=/Applications/Xcode.app/Contents/Developer/Toolchains/XcodeDefault.xctoolchain}]}
[2017-07-09 14:41:56.589][debug][command:27b828c3-dd51-4555-8f28-9f9389578bc3][tid:23][com.facebook.buck.apple.AppleSdkDiscovery] Fetching SDK name for /Applications/Xcode.app/Contents/Developer/Platforms/AppleTVSimulator.platform/Developer/SDKs/AppleTVSimulator10.2.sdk
[2017-07-09 14:41:56.589][debug][command:27b828c3-dd51-4555-8f28-9f9389578bc3][tid:23][com.facebook.buck.apple.AppleSdkDiscovery] Skipping already scanned SDK directory /Applications/Xcode.app/Contents/Developer/Platforms/AppleTVSimulator.platform/Developer/SDKs/AppleTVSimulator.sdk
[2017-07-09 14:41:56.589][debug][command:27b828c3-dd51-4555-8f28-9f9389578bc3][tid:23][com.facebook.buck.apple.AppleSdkDiscovery] Fetching SDK name for /Applications/Xcode.app/Contents/Developer/Platforms/iPhoneOS.platform/Developer/SDKs/iPhoneOS.sdk
[2017-07-09 14:41:56.590][debug][command:27b828c3-dd51-4555-8f28-9f9389578bc3][tid:23][com.facebook.buck.apple.AppleSdkDiscovery] Found SDK AppleSdk{name=iphoneos10.3, version=10.3, applePlatform=ApplePlatform{name=iphoneos, swiftName=ios, provisioningProfileName=iOS, architectures=[armv7, arm64], minVersionFlagPrefix=-mios-version-min=, stubBinaryPath=Library/Application Support/WatchKit/WK, appIncludesFrameworks=false}, architectures=[armv7, arm64], toolchains=[AppleToolchain{identifier=com.apple.dt.toolchain.XcodeDefault, path=/Applications/Xcode.app/Contents/Developer/Toolchains/XcodeDefault.xctoolchain}]}
[2017-07-09 14:41:56.591][debug][command:27b828c3-dd51-4555-8f28-9f9389578bc3][tid:23][com.facebook.buck.apple.AppleSdkDiscovery] Fetching SDK name for /Applications/Xcode.app/Contents/Developer/Platforms/iPhoneOS.platform/Developer/SDKs/iPhoneOS10.3.sdk
[2017-07-09 14:41:56.592][debug][command:27b828c3-dd51-4555-8f28-9f9389578bc3][tid:23][com.facebook.buck.apple.AppleSdkDiscovery] Skipping already scanned SDK directory /Applications/Xcode.app/Contents/Developer/Platforms/iPhoneOS.platform/Developer/SDKs/iPhoneOS.sdk
[2017-07-09 14:41:56.593][debug][command:27b828c3-dd51-4555-8f28-9f9389578bc3][tid:23][com.facebook.buck.apple.AppleSdkDiscovery] Fetching SDK name for /Applications/Xcode.app/Contents/Developer/Platforms/iPhoneSimulator.platform/Developer/SDKs/iPhoneSimulator.sdk
[2017-07-09 14:41:56.598][debug][command:27b828c3-dd51-4555-8f28-9f9389578bc3][tid:23][com.facebook.buck.apple.AppleSdkDiscovery] Specified toolchain com.apple.dt.toolchain.iOS10_3 not found for SDK path /Applications/Xcode.app/Contents/Developer/Platforms/iPhoneSimulator.platform/Developer/SDKs/iPhoneSimulator.sdk
[2017-07-09 14:41:56.599][debug][command:27b828c3-dd51-4555-8f28-9f9389578bc3][tid:23][com.facebook.buck.apple.AppleSdkDiscovery] Found SDK AppleSdk{name=iphonesimulator10.3, version=10.3, applePlatform=ApplePlatform{name=iphonesimulator, swiftName=ios, architectures=[i386, x86_64], minVersionFlagPrefix=-mios-simulator-version-min=, stubBinaryPath=Library/Application Support/WatchKit/WK, appIncludesFrameworks=false}, architectures=[i386, x86_64], toolchains=[AppleToolchain{identifier=com.apple.dt.toolchain.XcodeDefault, path=/Applications/Xcode.app/Contents/Developer/Toolchains/XcodeDefault.xctoolchain}]}
[2017-07-09 14:41:56.599][debug][command:27b828c3-dd51-4555-8f28-9f9389578bc3][tid:23][com.facebook.buck.apple.AppleSdkDiscovery] Fetching SDK name for /Applications/Xcode.app/Contents/Developer/Platforms/iPhoneSimulator.platform/Developer/SDKs/iPhoneSimulator10.3.sdk
[2017-07-09 14:41:56.599][debug][command:27b828c3-dd51-4555-8f28-9f9389578bc3][tid:23][com.facebook.buck.apple.AppleSdkDiscovery] Skipping already scanned SDK directory /Applications/Xcode.app/Contents/Developer/Platforms/iPhoneSimulator.platform/Developer/SDKs/iPhoneSimulator.sdk
[2017-07-09 14:41:56.600][debug][command:27b828c3-dd51-4555-8f28-9f9389578bc3][tid:23][com.facebook.buck.apple.AppleSdkDiscovery] Fetching SDK name for /Applications/Xcode.app/Contents/Developer/Platforms/MacOSX.platform/Developer/SDKs/MacOSX.sdk
[2017-07-09 14:41:56.603][debug][command:27b828c3-dd51-4555-8f28-9f9389578bc3][tid:23][com.facebook.buck.apple.AppleSdkDiscovery] Found SDK AppleSdk{name=macosx10.12, version=10.12, applePlatform=ApplePlatform{name=macosx, architectures=[i386, x86_64], minVersionFlagPrefix=-mmacosx-version-min=, appIncludesFrameworks=true}, architectures=[i386, x86_64], toolchains=[AppleToolchain{identifier=com.apple.dt.toolchain.XcodeDefault, path=/Applications/Xcode.app/Contents/Developer/Toolchains/XcodeDefault.xctoolchain}]}
[2017-07-09 14:41:56.604][debug][command:27b828c3-dd51-4555-8f28-9f9389578bc3][tid:23][com.facebook.buck.apple.AppleSdkDiscovery] Fetching SDK name for /Applications/Xcode.app/Contents/Developer/Platforms/MacOSX.platform/Developer/SDKs/MacOSX10.12.sdk
[2017-07-09 14:41:56.604][debug][command:27b828c3-dd51-4555-8f28-9f9389578bc3][tid:23][com.facebook.buck.apple.AppleSdkDiscovery] Skipping already scanned SDK directory /Applications/Xcode.app/Contents/Developer/Platforms/MacOSX.platform/Developer/SDKs/MacOSX.sdk
[2017-07-09 14:41:56.604][debug][command:27b828c3-dd51-4555-8f28-9f9389578bc3][tid:23][com.facebook.buck.apple.AppleSdkDiscovery] Fetching SDK name for /Applications/Xcode.app/Contents/Developer/Platforms/WatchOS.platform/Developer/SDKs/WatchOS.sdk
[2017-07-09 14:41:56.605][debug][command:27b828c3-dd51-4555-8f28-9f9389578bc3][tid:23][com.facebook.buck.apple.AppleSdkDiscovery] Found SDK AppleSdk{name=watchos3.2, version=3.2, applePlatform=ApplePlatform{name=watchos, provisioningProfileName=iOS, architectures=[armv7k], minVersionFlagPrefix=-mwatchos-version-min=, stubBinaryPath=Library/Application Support/WatchKit/WK, appIncludesFrameworks=false}, architectures=[armv7k], toolchains=[AppleToolchain{identifier=com.apple.dt.toolchain.XcodeDefault, path=/Applications/Xcode.app/Contents/Developer/Toolchains/XcodeDefault.xctoolchain}]}
[2017-07-09 14:41:56.606][debug][command:27b828c3-dd51-4555-8f28-9f9389578bc3][tid:23][com.facebook.buck.apple.AppleSdkDiscovery] Fetching SDK name for /Applications/Xcode.app/Contents/Developer/Platforms/WatchOS.platform/Developer/SDKs/WatchOS3.2.sdk
[2017-07-09 14:41:56.606][debug][command:27b828c3-dd51-4555-8f28-9f9389578bc3][tid:23][com.facebook.buck.apple.AppleSdkDiscovery] Skipping already scanned SDK directory /Applications/Xcode.app/Contents/Developer/Platforms/WatchOS.platform/Developer/SDKs/WatchOS.sdk
[2017-07-09 14:41:56.606][debug][command:27b828c3-dd51-4555-8f28-9f9389578bc3][tid:23][com.facebook.buck.apple.AppleSdkDiscovery] Fetching SDK name for /Applications/Xcode.app/Contents/Developer/Platforms/WatchSimulator.platform/Developer/SDKs/WatchSimulator.sdk
[2017-07-09 14:41:56.610][debug][command:27b828c3-dd51-4555-8f28-9f9389578bc3][tid:23][com.facebook.buck.apple.AppleSdkDiscovery] Specified toolchain com.apple.dt.toolchain.WatchOS3_2 not found for SDK path /Applications/Xcode.app/Contents/Developer/Platforms/WatchSimulator.platform/Developer/SDKs/WatchSimulator.sdk
[2017-07-09 14:41:56.611][debug][command:27b828c3-dd51-4555-8f28-9f9389578bc3][tid:23][com.facebook.buck.apple.AppleSdkDiscovery] Found SDK AppleSdk{name=watchsimulator3.2, version=3.2, applePlatform=ApplePlatform{name=watchsimulator, architectures=[i386], minVersionFlagPrefix=-mwatchos-simulator-version-min=, stubBinaryPath=Library/Application Support/WatchKit/WK, appIncludesFrameworks=false}, architectures=[i386], toolchains=[AppleToolchain{identifier=com.apple.dt.toolchain.XcodeDefault, path=/Applications/Xcode.app/Contents/Developer/Toolchains/XcodeDefault.xctoolchain}]}
[2017-07-09 14:41:56.612][debug][command:27b828c3-dd51-4555-8f28-9f9389578bc3][tid:23][com.facebook.buck.apple.AppleSdkDiscovery] Fetching SDK name for /Applications/Xcode.app/Contents/Developer/Platforms/WatchSimulator.platform/Developer/SDKs/WatchSimulator3.2.sdk
[2017-07-09 14:41:56.612][debug][command:27b828c3-dd51-4555-8f28-9f9389578bc3][tid:23][com.facebook.buck.apple.AppleSdkDiscovery] Skipping already scanned SDK directory /Applications/Xcode.app/Contents/Developer/Platforms/WatchSimulator.platform/Developer/SDKs/WatchSimulator.sdk
[2017-07-09 14:41:56.626][debug][command:27b828c3-dd51-4555-8f28-9f9389578bc3][tid:23][com.facebook.buck.apple.AppleCxxPlatforms] SDK AppleSdk{name=appletvos10.2, version=10.2, applePlatform=ApplePlatform{name=appletvos, provisioningProfileName=tvOS, architectures=[arm64], minVersionFlagPrefix=-mtvos-version-min=, appIncludesFrameworks=false}, architectures=[arm64], toolchains=[AppleToolchain{identifier=com.apple.dt.toolchain.XcodeDefault, path=/Applications/Xcode.app/Contents/Developer/Toolchains/XcodeDefault.xctoolchain}]} using default version 10.2
[2017-07-09 14:41:56.644][debug][command:27b828c3-dd51-4555-8f28-9f9389578bc3][tid:23][com.facebook.buck.apple.AppleCxxPlatforms] Xcode build version is: 8E3004b
[2017-07-09 14:41:56.705][debug][command:27b828c3-dd51-4555-8f28-9f9389578bc3][tid:23][com.facebook.buck.apple.AppleCxxPlatforms] Apple toolchain path: /Applications/Xcode.app/Contents/Developer/Toolchains/XcodeDefault.xctoolchain
[2017-07-09 14:41:56.713][debug][command:27b828c3-dd51-4555-8f28-9f9389578bc3][tid:23][com.facebook.buck.apple.AppleCxxPlatforms] Headers verification platform whitelist: [^\Q/Applications/Xcode.app/Contents/Developer/Platforms/AppleTVOS.platform/Developer/Library/Frameworks\E\/.*, ^\Q/Applications/Xcode.app/Contents/Developer/Platforms/AppleTVOS.platform/Developer/SDKs/AppleTVOS.sdk\E\/.*, ^\Q/Applications/Xcode.app/Contents/Developer/Toolchains/XcodeDefault.xctoolchain\E\/.*]
[2017-07-09 14:41:56.763][debug][command:27b828c3-dd51-4555-8f28-9f9389578bc3][tid:23][com.facebook.buck.apple.AppleCxxPlatforms] SDK AppleSdk{name=appletvsimulator10.2, version=10.2, applePlatform=ApplePlatform{name=appletvsimulator, swiftName=tvos, architectures=[x86_64], minVersionFlagPrefix=-mtvos-simulator-version-min=, appIncludesFrameworks=false}, architectures=[x86_64], toolchains=[AppleToolchain{identifier=com.apple.dt.toolchain.XcodeDefault, path=/Applications/Xcode.app/Contents/Developer/Toolchains/XcodeDefault.xctoolchain}]} using default version 10.2
[2017-07-09 14:41:56.766][debug][command:27b828c3-dd51-4555-8f28-9f9389578bc3][tid:23][com.facebook.buck.apple.AppleCxxPlatforms] Xcode build version is: 8E3004b
[2017-07-09 14:41:56.772][warn ][command:27b828c3-dd51-4555-8f28-9f9389578bc3][tid:23][com.facebook.buck.apple.AppleCxxPlatforms] /Applications/Xcode.app/Contents/Developer/Platforms/AppleTVSimulator.platform/version.plist does not exist. Build version will be unset for this platform.
[2017-07-09 14:41:56.773][debug][command:27b828c3-dd51-4555-8f28-9f9389578bc3][tid:23][com.facebook.buck.apple.AppleCxxPlatforms] Apple toolchain path: /Applications/Xcode.app/Contents/Developer/Toolchains/XcodeDefault.xctoolchain
[2017-07-09 14:41:56.773][debug][command:27b828c3-dd51-4555-8f28-9f9389578bc3][tid:23][com.facebook.buck.apple.AppleCxxPlatforms] Headers verification platform whitelist: [^\Q/Applications/Xcode.app/Contents/Developer/Platforms/AppleTVSimulator.platform/Developer/Library/Frameworks\E\/.*, ^\Q/Applications/Xcode.app/Contents/Developer/Platforms/AppleTVSimulator.platform/Developer/SDKs/AppleTVSimulator.sdk\E\/.*, ^\Q/Applications/Xcode.app/Contents/Developer/Toolchains/XcodeDefault.xctoolchain\E\/.*]
[2017-07-09 14:41:56.776][debug][command:27b828c3-dd51-4555-8f28-9f9389578bc3][tid:23][com.facebook.buck.apple.AppleCxxPlatforms] SDK AppleSdk{name=iphoneos10.3, version=10.3, applePlatform=ApplePlatform{name=iphoneos, swiftName=ios, provisioningProfileName=iOS, architectures=[armv7, arm64], minVersionFlagPrefix=-mios-version-min=, stubBinaryPath=Library/Application Support/WatchKit/WK, appIncludesFrameworks=false}, architectures=[armv7, arm64], toolchains=[AppleToolchain{identifier=com.apple.dt.toolchain.XcodeDefault, path=/Applications/Xcode.app/Contents/Developer/Toolchains/XcodeDefault.xctoolchain}]} using default version 10.3
[2017-07-09 14:41:56.778][debug][command:27b828c3-dd51-4555-8f28-9f9389578bc3][tid:23][com.facebook.buck.apple.AppleCxxPlatforms] Xcode build version is: 8E3004b
[2017-07-09 14:41:56.785][debug][command:27b828c3-dd51-4555-8f28-9f9389578bc3][tid:23][com.facebook.buck.apple.AppleCxxPlatforms] Apple toolchain path: /Applications/Xcode.app/Contents/Developer/Toolchains/XcodeDefault.xctoolchain
[2017-07-09 14:41:56.786][debug][command:27b828c3-dd51-4555-8f28-9f9389578bc3][tid:23][com.facebook.buck.apple.AppleCxxPlatforms] Headers verification platform whitelist: [^\Q/Applications/Xcode.app/Contents/Developer/Platforms/iPhoneOS.platform/Developer/Library/Frameworks\E\/.*, ^\Q/Applications/Xcode.app/Contents/Developer/Platforms/iPhoneOS.platform/Developer/SDKs/iPhoneOS.sdk\E\/.*, ^\Q/Applications/Xcode.app/Contents/Developer/Toolchains/XcodeDefault.xctoolchain\E\/.*]
[2017-07-09 14:41:56.790][debug][command:27b828c3-dd51-4555-8f28-9f9389578bc3][tid:23][com.facebook.buck.apple.AppleCxxPlatforms] Xcode build version is: 8E3004b
[2017-07-09 14:41:56.796][debug][command:27b828c3-dd51-4555-8f28-9f9389578bc3][tid:23][com.facebook.buck.apple.AppleCxxPlatforms] Apple toolchain path: /Applications/Xcode.app/Contents/Developer/Toolchains/XcodeDefault.xctoolchain
[2017-07-09 14:41:56.797][debug][command:27b828c3-dd51-4555-8f28-9f9389578bc3][tid:23][com.facebook.buck.apple.AppleCxxPlatforms] Headers verification platform whitelist: [^\Q/Applications/Xcode.app/Contents/Developer/Platforms/iPhoneOS.platform/Developer/Library/Frameworks\E\/.*, ^\Q/Applications/Xcode.app/Contents/Developer/Platforms/iPhoneOS.platform/Developer/SDKs/iPhoneOS.sdk\E\/.*, ^\Q/Applications/Xcode.app/Contents/Developer/Toolchains/XcodeDefault.xctoolchain\E\/.*]
[2017-07-09 14:41:56.799][debug][command:27b828c3-dd51-4555-8f28-9f9389578bc3][tid:23][com.facebook.buck.apple.AppleCxxPlatforms] SDK AppleSdk{name=iphonesimulator10.3, version=10.3, applePlatform=ApplePlatform{name=iphonesimulator, swiftName=ios, architectures=[i386, x86_64], minVersionFlagPrefix=-mios-simulator-version-min=, stubBinaryPath=Library/Application Support/WatchKit/WK, appIncludesFrameworks=false}, architectures=[i386, x86_64], toolchains=[AppleToolchain{identifier=com.apple.dt.toolchain.XcodeDefault, path=/Applications/Xcode.app/Contents/Developer/Toolchains/XcodeDefault.xctoolchain}]} using default version 10.3
[2017-07-09 14:41:56.801][debug][command:27b828c3-dd51-4555-8f28-9f9389578bc3][tid:23][com.facebook.buck.apple.AppleCxxPlatforms] Xcode build version is: 8E3004b
[2017-07-09 14:41:56.807][warn ][command:27b828c3-dd51-4555-8f28-9f9389578bc3][tid:23][com.facebook.buck.apple.AppleCxxPlatforms] /Applications/Xcode.app/Contents/Developer/Platforms/iPhoneSimulator.platform/version.plist does not exist. Build version will be unset for this platform.
[2017-07-09 14:41:56.808][debug][command:27b828c3-dd51-4555-8f28-9f9389578bc3][tid:23][com.facebook.buck.apple.AppleCxxPlatforms] Apple toolchain path: /Applications/Xcode.app/Contents/Developer/Toolchains/XcodeDefault.xctoolchain
[2017-07-09 14:41:56.808][debug][command:27b828c3-dd51-4555-8f28-9f9389578bc3][tid:23][com.facebook.buck.apple.AppleCxxPlatforms] Headers verification platform whitelist: [^\Q/Applications/Xcode.app/Contents/Developer/Platforms/iPhoneSimulator.platform/Developer/Library/Frameworks\E\/.*, ^\Q/Applications/Xcode.app/Contents/Developer/Platforms/iPhoneSimulator.platform/Developer/SDKs/iPhoneSimulator.sdk\E\/.*, ^\Q/Applications/Xcode.app/Contents/Developer/Toolchains/XcodeDefault.xctoolchain\E\/.*]
[2017-07-09 14:41:56.812][debug][command:27b828c3-dd51-4555-8f28-9f9389578bc3][tid:23][com.facebook.buck.apple.AppleCxxPlatforms] Xcode build version is: 8E3004b
[2017-07-09 14:41:56.816][warn ][command:27b828c3-dd51-4555-8f28-9f9389578bc3][tid:23][com.facebook.buck.apple.AppleCxxPlatforms] /Applications/Xcode.app/Contents/Developer/Platforms/iPhoneSimulator.platform/version.plist does not exist. Build version will be unset for this platform.
[2017-07-09 14:41:56.817][debug][command:27b828c3-dd51-4555-8f28-9f9389578bc3][tid:23][com.facebook.buck.apple.AppleCxxPlatforms] Apple toolchain path: /Applications/Xcode.app/Contents/Developer/Toolchains/XcodeDefault.xctoolchain
[2017-07-09 14:41:56.817][debug][command:27b828c3-dd51-4555-8f28-9f9389578bc3][tid:23][com.facebook.buck.apple.AppleCxxPlatforms] Headers verification platform whitelist: [^\Q/Applications/Xcode.app/Contents/Developer/Platforms/iPhoneSimulator.platform/Developer/Library/Frameworks\E\/.*, ^\Q/Applications/Xcode.app/Contents/Developer/Platforms/iPhoneSimulator.platform/Developer/SDKs/iPhoneSimulator.sdk\E\/.*, ^\Q/Applications/Xcode.app/Contents/Developer/Toolchains/XcodeDefault.xctoolchain\E\/.*]
[2017-07-09 14:41:56.821][debug][command:27b828c3-dd51-4555-8f28-9f9389578bc3][tid:23][com.facebook.buck.apple.AppleCxxPlatforms] SDK AppleSdk{name=macosx10.12, version=10.12, applePlatform=ApplePlatform{name=macosx, architectures=[i386, x86_64], minVersionFlagPrefix=-mmacosx-version-min=, appIncludesFrameworks=true}, architectures=[i386, x86_64], toolchains=[AppleToolchain{identifier=com.apple.dt.toolchain.XcodeDefault, path=/Applications/Xcode.app/Contents/Developer/Toolchains/XcodeDefault.xctoolchain}]} using default version 10.12
[2017-07-09 14:41:56.824][debug][command:27b828c3-dd51-4555-8f28-9f9389578bc3][tid:23][com.facebook.buck.apple.AppleCxxPlatforms] Xcode build version is: 8E3004b
[2017-07-09 14:41:56.840][warn ][command:27b828c3-dd51-4555-8f28-9f9389578bc3][tid:23][com.facebook.buck.apple.AppleCxxPlatforms] In /Applications/Xcode.app/Contents/Developer/Platforms/MacOSX.platform/version.plist, missing ProductBuildVersion. Build version will be unset for this platform.
[2017-07-09 14:41:56.840][debug][command:27b828c3-dd51-4555-8f28-9f9389578bc3][tid:23][com.facebook.buck.apple.AppleCxxPlatforms] Apple toolchain path: /Applications/Xcode.app/Contents/Developer/Toolchains/XcodeDefault.xctoolchain
[2017-07-09 14:41:56.841][debug][command:27b828c3-dd51-4555-8f28-9f9389578bc3][tid:23][com.facebook.buck.apple.AppleCxxPlatforms] Headers verification platform whitelist: [^\Q/Applications/Xcode.app/Contents/Developer/Platforms/MacOSX.platform/Developer/Library/Frameworks\E\/.*, ^\Q/Applications/Xcode.app/Contents/Developer/Platforms/MacOSX.platform/Developer/SDKs/MacOSX.sdk\E\/.*, ^\Q/Applications/Xcode.app/Contents/Developer/Toolchains/XcodeDefault.xctoolchain\E\/.*]
[2017-07-09 14:41:56.851][debug][command:27b828c3-dd51-4555-8f28-9f9389578bc3][tid:23][com.facebook.buck.apple.AppleCxxPlatforms] Xcode build version is: 8E3004b
[2017-07-09 14:41:56.857][warn ][command:27b828c3-dd51-4555-8f28-9f9389578bc3][tid:23][com.facebook.buck.apple.AppleCxxPlatforms] In /Applications/Xcode.app/Contents/Developer/Platforms/MacOSX.platform/version.plist, missing ProductBuildVersion. Build version will be unset for this platform.
[2017-07-09 14:41:56.858][debug][command:27b828c3-dd51-4555-8f28-9f9389578bc3][tid:23][com.facebook.buck.apple.AppleCxxPlatforms] Apple toolchain path: /Applications/Xcode.app/Contents/Developer/Toolchains/XcodeDefault.xctoolchain
[2017-07-09 14:41:56.859][debug][command:27b828c3-dd51-4555-8f28-9f9389578bc3][tid:23][com.facebook.buck.apple.AppleCxxPlatforms] Headers verification platform whitelist: [^\Q/Applications/Xcode.app/Contents/Developer/Platforms/MacOSX.platform/Developer/Library/Frameworks\E\/.*, ^\Q/Applications/Xcode.app/Contents/Developer/Platforms/MacOSX.platform/Developer/SDKs/MacOSX.sdk\E\/.*, ^\Q/Applications/Xcode.app/Contents/Developer/Toolchains/XcodeDefault.xctoolchain\E\/.*]
[2017-07-09 14:41:56.863][debug][command:27b828c3-dd51-4555-8f28-9f9389578bc3][tid:23][com.facebook.buck.apple.AppleCxxPlatforms] SDK AppleSdk{name=watchos3.2, version=3.2, applePlatform=ApplePlatform{name=watchos, provisioningProfileName=iOS, architectures=[armv7k], minVersionFlagPrefix=-mwatchos-version-min=, stubBinaryPath=Library/Application Support/WatchKit/WK, appIncludesFrameworks=false}, architectures=[armv7k], toolchains=[AppleToolchain{identifier=com.apple.dt.toolchain.XcodeDefault, path=/Applications/Xcode.app/Contents/Developer/Toolchains/XcodeDefault.xctoolchain}]} using default version 3.2
[2017-07-09 14:41:56.865][debug][command:27b828c3-dd51-4555-8f28-9f9389578bc3][tid:23][com.facebook.buck.apple.AppleCxxPlatforms] Xcode build version is: 8E3004b
[2017-07-09 14:41:56.871][debug][command:27b828c3-dd51-4555-8f28-9f9389578bc3][tid:23][com.facebook.buck.apple.AppleCxxPlatforms] Apple toolchain path: /Applications/Xcode.app/Contents/Developer/Toolchains/XcodeDefault.xctoolchain
[2017-07-09 14:41:56.872][debug][command:27b828c3-dd51-4555-8f28-9f9389578bc3][tid:23][com.facebook.buck.apple.AppleCxxPlatforms] Headers verification platform whitelist: [^\Q/Applications/Xcode.app/Contents/Developer/Platforms/WatchOS.platform/Developer/Library/Frameworks\E\/.*, ^\Q/Applications/Xcode.app/Contents/Developer/Platforms/WatchOS.platform/Developer/SDKs/WatchOS.sdk\E\/.*, ^\Q/Applications/Xcode.app/Contents/Developer/Toolchains/XcodeDefault.xctoolchain\E\/.*]
[2017-07-09 14:41:56.874][debug][command:27b828c3-dd51-4555-8f28-9f9389578bc3][tid:23][com.facebook.buck.apple.AppleCxxPlatforms] SDK AppleSdk{name=watchsimulator3.2, version=3.2, applePlatform=ApplePlatform{name=watchsimulator, architectures=[i386], minVersionFlagPrefix=-mwatchos-simulator-version-min=, stubBinaryPath=Library/Application Support/WatchKit/WK, appIncludesFrameworks=false}, architectures=[i386], toolchains=[AppleToolchain{identifier=com.apple.dt.toolchain.XcodeDefault, path=/Applications/Xcode.app/Contents/Developer/Toolchains/XcodeDefault.xctoolchain}]} using default version 3.2
[2017-07-09 14:41:56.880][debug][command:27b828c3-dd51-4555-8f28-9f9389578bc3][tid:23][com.facebook.buck.apple.AppleCxxPlatforms] Xcode build version is: 8E3004b
[2017-07-09 14:41:56.886][debug][command:27b828c3-dd51-4555-8f28-9f9389578bc3][tid:23][com.facebook.buck.apple.AppleCxxPlatforms] Apple toolchain path: /Applications/Xcode.app/Contents/Developer/Toolchains/XcodeDefault.xctoolchain
[2017-07-09 14:41:56.887][debug][command:27b828c3-dd51-4555-8f28-9f9389578bc3][tid:23][com.facebook.buck.apple.AppleCxxPlatforms] Headers verification platform whitelist: [^\Q/Applications/Xcode.app/Contents/Developer/Platforms/WatchSimulator.platform/Developer/Library/Frameworks\E\/.*, ^\Q/Applications/Xcode.app/Contents/Developer/Platforms/WatchSimulator.platform/Developer/SDKs/WatchSimulator.sdk\E\/.*, ^\Q/Applications/Xcode.app/Contents/Developer/Toolchains/XcodeDefault.xctoolchain\E\/.*]
[2017-07-09 14:41:56.890][debug][command:27b828c3-dd51-4555-8f28-9f9389578bc3][tid:23][com.facebook.buck.apple.AppleCxxPlatforms] SDK AppleSdk{name=appletvos, version=10.2, applePlatform=ApplePlatform{name=appletvos, provisioningProfileName=tvOS, architectures=[arm64], minVersionFlagPrefix=-mtvos-version-min=, appIncludesFrameworks=false}, architectures=[arm64], toolchains=[AppleToolchain{identifier=com.apple.dt.toolchain.XcodeDefault, path=/Applications/Xcode.app/Contents/Developer/Toolchains/XcodeDefault.xctoolchain}]} using default version 10.2
[2017-07-09 14:41:56.892][debug][command:27b828c3-dd51-4555-8f28-9f9389578bc3][tid:23][com.facebook.buck.apple.AppleCxxPlatforms] Xcode build version is: 8E3004b
[2017-07-09 14:41:56.899][debug][command:27b828c3-dd51-4555-8f28-9f9389578bc3][tid:23][com.facebook.buck.apple.AppleCxxPlatforms] Apple toolchain path: /Applications/Xcode.app/Contents/Developer/Toolchains/XcodeDefault.xctoolchain
[2017-07-09 14:41:56.900][debug][command:27b828c3-dd51-4555-8f28-9f9389578bc3][tid:23][com.facebook.buck.apple.AppleCxxPlatforms] Headers verification platform whitelist: [^\Q/Applications/Xcode.app/Contents/Developer/Platforms/AppleTVOS.platform/Developer/Library/Frameworks\E\/.*, ^\Q/Applications/Xcode.app/Contents/Developer/Platforms/AppleTVOS.platform/Developer/SDKs/AppleTVOS.sdk\E\/.*, ^\Q/Applications/Xcode.app/Contents/Developer/Toolchains/XcodeDefault.xctoolchain\E\/.*]
[2017-07-09 14:41:56.902][debug][command:27b828c3-dd51-4555-8f28-9f9389578bc3][tid:23][com.facebook.buck.apple.AppleCxxPlatforms] SDK AppleSdk{name=appletvsimulator, version=10.2, applePlatform=ApplePlatform{name=appletvsimulator, swiftName=tvos, architectures=[x86_64], minVersionFlagPrefix=-mtvos-simulator-version-min=, appIncludesFrameworks=false}, architectures=[x86_64], toolchains=[AppleToolchain{identifier=com.apple.dt.toolchain.XcodeDefault, path=/Applications/Xcode.app/Contents/Developer/Toolchains/XcodeDefault.xctoolchain}]} using default version 10.2
[2017-07-09 14:41:56.904][debug][command:27b828c3-dd51-4555-8f28-9f9389578bc3][tid:23][com.facebook.buck.apple.AppleCxxPlatforms] Xcode build version is: 8E3004b
[2017-07-09 14:41:56.906][warn ][command:27b828c3-dd51-4555-8f28-9f9389578bc3][tid:23][com.facebook.buck.apple.AppleCxxPlatforms] /Applications/Xcode.app/Contents/Developer/Platforms/AppleTVSimulator.platform/version.plist does not exist. Build version will be unset for this platform.
[2017-07-09 14:41:56.906][debug][command:27b828c3-dd51-4555-8f28-9f9389578bc3][tid:23][com.facebook.buck.apple.AppleCxxPlatforms] Apple toolchain path: /Applications/Xcode.app/Contents/Developer/Toolchains/XcodeDefault.xctoolchain
[2017-07-09 14:41:56.907][debug][command:27b828c3-dd51-4555-8f28-9f9389578bc3][tid:23][com.facebook.buck.apple.AppleCxxPlatforms] Headers verification platform whitelist: [^\Q/Applications/Xcode.app/Contents/Developer/Platforms/AppleTVSimulator.platform/Developer/Library/Frameworks\E\/.*, ^\Q/Applications/Xcode.app/Contents/Developer/Platforms/AppleTVSimulator.platform/Developer/SDKs/AppleTVSimulator.sdk\E\/.*, ^\Q/Applications/Xcode.app/Contents/Developer/Toolchains/XcodeDefault.xctoolchain\E\/.*]
[2017-07-09 14:41:56.911][debug][command:27b828c3-dd51-4555-8f28-9f9389578bc3][tid:23][com.facebook.buck.apple.AppleCxxPlatforms] SDK AppleSdk{name=iphoneos, version=10.3, applePlatform=ApplePlatform{name=iphoneos, swiftName=ios, provisioningProfileName=iOS, architectures=[armv7, arm64], minVersionFlagPrefix=-mios-version-min=, stubBinaryPath=Library/Application Support/WatchKit/WK, appIncludesFrameworks=false}, architectures=[armv7, arm64], toolchains=[AppleToolchain{identifier=com.apple.dt.toolchain.XcodeDefault, path=/Applications/Xcode.app/Contents/Developer/Toolchains/XcodeDefault.xctoolchain}]} using default version 10.3
[2017-07-09 14:41:56.913][debug][command:27b828c3-dd51-4555-8f28-9f9389578bc3][tid:23][com.facebook.buck.apple.AppleCxxPlatforms] Xcode build version is: 8E3004b
[2017-07-09 14:41:56.917][debug][command:27b828c3-dd51-4555-8f28-9f9389578bc3][tid:23][com.facebook.buck.apple.AppleCxxPlatforms] Apple toolchain path: /Applications/Xcode.app/Contents/Developer/Toolchains/XcodeDefault.xctoolchain
[2017-07-09 14:41:56.918][debug][command:27b828c3-dd51-4555-8f28-9f9389578bc3][tid:23][com.facebook.buck.apple.AppleCxxPlatforms] Headers verification platform whitelist: [^\Q/Applications/Xcode.app/Contents/Developer/Platforms/iPhoneOS.platform/Developer/Library/Frameworks\E\/.*, ^\Q/Applications/Xcode.app/Contents/Developer/Platforms/iPhoneOS.platform/Developer/SDKs/iPhoneOS.sdk\E\/.*, ^\Q/Applications/Xcode.app/Contents/Developer/Toolchains/XcodeDefault.xctoolchain\E\/.*]
[2017-07-09 14:41:56.923][debug][command:27b828c3-dd51-4555-8f28-9f9389578bc3][tid:23][com.facebook.buck.apple.AppleCxxPlatforms] Xcode build version is: 8E3004b
[2017-07-09 14:41:56.929][debug][command:27b828c3-dd51-4555-8f28-9f9389578bc3][tid:23][com.facebook.buck.apple.AppleCxxPlatforms] Apple toolchain path: /Applications/Xcode.app/Contents/Developer/Toolchains/XcodeDefault.xctoolchain
[2017-07-09 14:41:56.930][debug][command:27b828c3-dd51-4555-8f28-9f9389578bc3][tid:23][com.facebook.buck.apple.AppleCxxPlatforms] Headers verification platform whitelist: [^\Q/Applications/Xcode.app/Contents/Developer/Platforms/iPhoneOS.platform/Developer/Library/Frameworks\E\/.*, ^\Q/Applications/Xcode.app/Contents/Developer/Platforms/iPhoneOS.platform/Developer/SDKs/iPhoneOS.sdk\E\/.*, ^\Q/Applications/Xcode.app/Contents/Developer/Toolchains/XcodeDefault.xctoolchain\E\/.*]
[2017-07-09 14:41:56.931][debug][command:27b828c3-dd51-4555-8f28-9f9389578bc3][tid:23][com.facebook.buck.apple.AppleCxxPlatforms] SDK AppleSdk{name=iphonesimulator, version=10.3, applePlatform=ApplePlatform{name=iphonesimulator, swiftName=ios, architectures=[i386, x86_64], minVersionFlagPrefix=-mios-simulator-version-min=, stubBinaryPath=Library/Application Support/WatchKit/WK, appIncludesFrameworks=false}, architectures=[i386, x86_64], toolchains=[AppleToolchain{identifier=com.apple.dt.toolchain.XcodeDefault, path=/Applications/Xcode.app/Contents/Developer/Toolchains/XcodeDefault.xctoolchain}]} using default version 10.3
[2017-07-09 14:41:56.933][debug][command:27b828c3-dd51-4555-8f28-9f9389578bc3][tid:23][com.facebook.buck.apple.AppleCxxPlatforms] Xcode build version is: 8E3004b
[2017-07-09 14:41:56.935][warn ][command:27b828c3-dd51-4555-8f28-9f9389578bc3][tid:23][com.facebook.buck.apple.AppleCxxPlatforms] /Applications/Xcode.app/Contents/Developer/Platforms/iPhoneSimulator.platform/version.plist does not exist. Build version will be unset for this platform.
[2017-07-09 14:41:56.936][debug][command:27b828c3-dd51-4555-8f28-9f9389578bc3][tid:23][com.facebook.buck.apple.AppleCxxPlatforms] Apple toolchain path: /Applications/Xcode.app/Contents/Developer/Toolchains/XcodeDefault.xctoolchain
[2017-07-09 14:41:56.938][debug][command:27b828c3-dd51-4555-8f28-9f9389578bc3][tid:23][com.facebook.buck.apple.AppleCxxPlatforms] Headers verification platform whitelist: [^\Q/Applications/Xcode.app/Contents/Developer/Platforms/iPhoneSimulator.platform/Developer/Library/Frameworks\E\/.*, ^\Q/Applications/Xcode.app/Contents/Developer/Platforms/iPhoneSimulator.platform/Developer/SDKs/iPhoneSimulator.sdk\E\/.*, ^\Q/Applications/Xcode.app/Contents/Developer/Toolchains/XcodeDefault.xctoolchain\E\/.*]
[2017-07-09 14:41:56.950][debug][command:27b828c3-dd51-4555-8f28-9f9389578bc3][tid:23][com.facebook.buck.apple.AppleCxxPlatforms] Xcode build version is: 8E3004b
[2017-07-09 14:41:56.953][warn ][command:27b828c3-dd51-4555-8f28-9f9389578bc3][tid:23][com.facebook.buck.apple.AppleCxxPlatforms] /Applications/Xcode.app/Contents/Developer/Platforms/iPhoneSimulator.platform/version.plist does not exist. Build version will be unset for this platform.
[2017-07-09 14:41:56.954][debug][command:27b828c3-dd51-4555-8f28-9f9389578bc3][tid:23][com.facebook.buck.apple.AppleCxxPlatforms] Apple toolchain path: /Applications/Xcode.app/Contents/Developer/Toolchains/XcodeDefault.xctoolchain
[2017-07-09 14:41:56.954][debug][command:27b828c3-dd51-4555-8f28-9f9389578bc3][tid:23][com.facebook.buck.apple.AppleCxxPlatforms] Headers verification platform whitelist: [^\Q/Applications/Xcode.app/Contents/Developer/Platforms/iPhoneSimulator.platform/Developer/Library/Frameworks\E\/.*, ^\Q/Applications/Xcode.app/Contents/Developer/Platforms/iPhoneSimulator.platform/Developer/SDKs/iPhoneSimulator.sdk\E\/.*, ^\Q/Applications/Xcode.app/Contents/Developer/Toolchains/XcodeDefault.xctoolchain\E\/.*]
[2017-07-09 14:41:56.956][debug][command:27b828c3-dd51-4555-8f28-9f9389578bc3][tid:23][com.facebook.buck.apple.AppleCxxPlatforms] SDK AppleSdk{name=macosx, version=10.12, applePlatform=ApplePlatform{name=macosx, architectures=[i386, x86_64], minVersionFlagPrefix=-mmacosx-version-min=, appIncludesFrameworks=true}, architectures=[i386, x86_64], toolchains=[AppleToolchain{identifier=com.apple.dt.toolchain.XcodeDefault, path=/Applications/Xcode.app/Contents/Developer/Toolchains/XcodeDefault.xctoolchain}]} using default version 10.12
[2017-07-09 14:41:56.957][debug][command:27b828c3-dd51-4555-8f28-9f9389578bc3][tid:23][com.facebook.buck.apple.AppleCxxPlatforms] Xcode build version is: 8E3004b
[2017-07-09 14:41:56.961][warn ][command:27b828c3-dd51-4555-8f28-9f9389578bc3][tid:23][com.facebook.buck.apple.AppleCxxPlatforms] In /Applications/Xcode.app/Contents/Developer/Platforms/MacOSX.platform/version.plist, missing ProductBuildVersion. Build version will be unset for this platform.
[2017-07-09 14:41:56.962][debug][command:27b828c3-dd51-4555-8f28-9f9389578bc3][tid:23][com.facebook.buck.apple.AppleCxxPlatforms] Apple toolchain path: /Applications/Xcode.app/Contents/Developer/Toolchains/XcodeDefault.xctoolchain
[2017-07-09 14:41:56.962][debug][command:27b828c3-dd51-4555-8f28-9f9389578bc3][tid:23][com.facebook.buck.apple.AppleCxxPlatforms] Headers verification platform whitelist: [^\Q/Applications/Xcode.app/Contents/Developer/Platforms/MacOSX.platform/Developer/Library/Frameworks\E\/.*, ^\Q/Applications/Xcode.app/Contents/Developer/Platforms/MacOSX.platform/Developer/SDKs/MacOSX.sdk\E\/.*, ^\Q/Applications/Xcode.app/Contents/Developer/Toolchains/XcodeDefault.xctoolchain\E\/.*]
[2017-07-09 14:41:56.967][debug][command:27b828c3-dd51-4555-8f28-9f9389578bc3][tid:23][com.facebook.buck.apple.AppleCxxPlatforms] Xcode build version is: 8E3004b
[2017-07-09 14:41:56.971][warn ][command:27b828c3-dd51-4555-8f28-9f9389578bc3][tid:23][com.facebook.buck.apple.AppleCxxPlatforms] In /Applications/Xcode.app/Contents/Developer/Platforms/MacOSX.platform/version.plist, missing ProductBuildVersion. Build version will be unset for this platform.
[2017-07-09 14:41:56.971][debug][command:27b828c3-dd51-4555-8f28-9f9389578bc3][tid:23][com.facebook.buck.apple.AppleCxxPlatforms] Apple toolchain path: /Applications/Xcode.app/Contents/Developer/Toolchains/XcodeDefault.xctoolchain
[2017-07-09 14:41:56.972][debug][command:27b828c3-dd51-4555-8f28-9f9389578bc3][tid:23][com.facebook.buck.apple.AppleCxxPlatforms] Headers verification platform whitelist: [^\Q/Applications/Xcode.app/Contents/Developer/Platforms/MacOSX.platform/Developer/Library/Frameworks\E\/.*, ^\Q/Applications/Xcode.app/Contents/Developer/Platforms/MacOSX.platform/Developer/SDKs/MacOSX.sdk\E\/.*, ^\Q/Applications/Xcode.app/Contents/Developer/Toolchains/XcodeDefault.xctoolchain\E\/.*]
[2017-07-09 14:41:56.973][debug][command:27b828c3-dd51-4555-8f28-9f9389578bc3][tid:23][com.facebook.buck.apple.AppleCxxPlatforms] SDK AppleSdk{name=watchos, version=3.2, applePlatform=ApplePlatform{name=watchos, provisioningProfileName=iOS, architectures=[armv7k], minVersionFlagPrefix=-mwatchos-version-min=, stubBinaryPath=Library/Application Support/WatchKit/WK, appIncludesFrameworks=false}, architectures=[armv7k], toolchains=[AppleToolchain{identifier=com.apple.dt.toolchain.XcodeDefault, path=/Applications/Xcode.app/Contents/Developer/Toolchains/XcodeDefault.xctoolchain}]} using default version 3.2
[2017-07-09 14:41:56.975][debug][command:27b828c3-dd51-4555-8f28-9f9389578bc3][tid:23][com.facebook.buck.apple.AppleCxxPlatforms] Xcode build version is: 8E3004b
[2017-07-09 14:41:56.980][debug][command:27b828c3-dd51-4555-8f28-9f9389578bc3][tid:23][com.facebook.buck.apple.AppleCxxPlatforms] Apple toolchain path: /Applications/Xcode.app/Contents/Developer/Toolchains/XcodeDefault.xctoolchain
[2017-07-09 14:41:56.981][debug][command:27b828c3-dd51-4555-8f28-9f9389578bc3][tid:23][com.facebook.buck.apple.AppleCxxPlatforms] Headers verification platform whitelist: [^\Q/Applications/Xcode.app/Contents/Developer/Platforms/WatchOS.platform/Developer/Library/Frameworks\E\/.*, ^\Q/Applications/Xcode.app/Contents/Developer/Platforms/WatchOS.platform/Developer/SDKs/WatchOS.sdk\E\/.*, ^\Q/Applications/Xcode.app/Contents/Developer/Toolchains/XcodeDefault.xctoolchain\E\/.*]
[2017-07-09 14:41:56.983][debug][command:27b828c3-dd51-4555-8f28-9f9389578bc3][tid:23][com.facebook.buck.apple.AppleCxxPlatforms] SDK AppleSdk{name=watchsimulator, version=3.2, applePlatform=ApplePlatform{name=watchsimulator, architectures=[i386], minVersionFlagPrefix=-mwatchos-simulator-version-min=, stubBinaryPath=Library/Application Support/WatchKit/WK, appIncludesFrameworks=false}, architectures=[i386], toolchains=[AppleToolchain{identifier=com.apple.dt.toolchain.XcodeDefault, path=/Applications/Xcode.app/Contents/Developer/Toolchains/XcodeDefault.xctoolchain}]} using default version 3.2
[2017-07-09 14:41:56.984][debug][command:27b828c3-dd51-4555-8f28-9f9389578bc3][tid:23][com.facebook.buck.apple.AppleCxxPlatforms] Xcode build version is: 8E3004b
[2017-07-09 14:41:56.989][debug][command:27b828c3-dd51-4555-8f28-9f9389578bc3][tid:23][com.facebook.buck.apple.AppleCxxPlatforms] Apple toolchain path: /Applications/Xcode.app/Contents/Developer/Toolchains/XcodeDefault.xctoolchain
[2017-07-09 14:41:56.990][debug][command:27b828c3-dd51-4555-8f28-9f9389578bc3][tid:23][com.facebook.buck.apple.AppleCxxPlatforms] Headers verification platform whitelist: [^\Q/Applications/Xcode.app/Contents/Developer/Platforms/WatchSimulator.platform/Developer/Library/Frameworks\E\/.*, ^\Q/Applications/Xcode.app/Contents/Developer/Platforms/WatchSimulator.platform/Developer/SDKs/WatchSimulator.sdk\E\/.*, ^\Q/Applications/Xcode.app/Contents/Developer/Toolchains/XcodeDefault.xctoolchain\E\/.*]
[2017-07-09 14:41:57.012][debug][command:27b828c3-dd51-4555-8f28-9f9389578bc3][tid:23][com.facebook.buck.io.ExecutableFinder] Executable 'clang' mapped to 'Optional[/usr/bin/clang]'
[2017-07-09 14:41:57.013][debug][command:27b828c3-dd51-4555-8f28-9f9389578bc3][tid:23][com.facebook.buck.io.ExecutableFinder] Executable 'clang++' mapped to 'Optional[/usr/bin/clang++]'
[2017-07-09 14:41:57.015][debug][command:27b828c3-dd51-4555-8f28-9f9389578bc3][tid:23][com.facebook.buck.io.ExecutableFinder] Executable 'ar' mapped to 'Optional[/usr/bin/ar]'
[2017-07-09 14:41:57.019][debug][command:27b828c3-dd51-4555-8f28-9f9389578bc3][tid:23][com.facebook.buck.io.ExecutableFinder] Executable 'strip' mapped to 'Optional[/usr/bin/strip]'
[2017-07-09 14:41:57.021][debug][command:27b828c3-dd51-4555-8f28-9f9389578bc3][tid:23][com.facebook.buck.io.ExecutableFinder] Executable 'ranlib' mapped to 'Optional[/usr/bin/ranlib]'
[2017-07-09 14:41:57.022][debug][command:27b828c3-dd51-4555-8f28-9f9389578bc3][tid:23][com.facebook.buck.io.ExecutableFinder] Executable 'nm' mapped to 'Optional[/usr/bin/nm]'
[2017-07-09 14:41:57.024][debug][command:27b828c3-dd51-4555-8f28-9f9389578bc3][tid:23][com.facebook.buck.cxx.CxxPlatforms] Using config default C++ platform CxxPlatform{flavor=iphonesimulator-x86_64, as=com.facebook.buck.cxx.CompilerProvider@5488d22c, asflags=[-isysroot, /Applications/Xcode.app/Contents/Developer/Platforms/iPhoneSimulator.platform/Developer/SDKs/iPhoneSimulator.sdk, -iquote, /Users/chengxiang/Projects/muhanCoupon, -arch, x86_64, -mios-simulator-version-min=10.3], aspp=com.facebook.buck.cxx.PreprocessorProvider@4b8904d2, asppflags=[], cc=com.facebook.buck.cxx.CompilerProvider@28b2f39b, cflags=[-isysroot, /Applications/Xcode.app/Contents/Developer/Platforms/iPhoneSimulator.platform/Developer/SDKs/iPhoneSimulator.sdk, -iquote, /Users/chengxiang/Projects/muhanCoupon, -arch, x86_64, -mios-simulator-version-min=10.3, -g, -std=c11], cxx=com.facebook.buck.cxx.CompilerProvider@5f7817ef, cxxflags=[-isysroot, /Applications/Xcode.app/Contents/Developer/Platforms/iPhoneSimulator.platform/Developer/SDKs/iPhoneSimulator.sdk, -iquote, /Users/chengxiang/Projects/muhanCoupon, -arch, x86_64, -mios-simulator-version-min=10.3, -g, -std=c++14], cpp=com.facebook.buck.cxx.PreprocessorProvider@4df3b79e, cppflags=[], cxxpp=com.facebook.buck.cxx.PreprocessorProvider@4edf9566, cxxppflags=[], cudappflags=[], cudaflags=[], asmppflags=[], asmflags=[], ld=com.facebook.buck.cxx.DefaultLinkerProvider@71ce990d, ldflags=[-isysroot, /Applications/Xcode.app/Contents/Developer/Platforms/iPhoneSimulator.platform/Developer/SDKs/iPhoneSimulator.sdk, -iquote, /Users/chengxiang/Projects/muhanCoupon, -arch, x86_64, -mios-simulator-version-min=10.3, -Wl,-sdk_version, -Wl,10.3, -Wl,-ObjC], runtimeLdflags={}, strip=VersionedTool{path=/Applications/Xcode.app/Contents/Developer/Toolchains/XcodeDefault.xctoolchain/usr/bin/strip, extraArgs=[], name=apple-strip, version=10.3:8E3004b}, stripFlags=[], ar=com.facebook.buck.cxx.LazyDelegatingArchiver@6e963fb4, arflags=[], ranlib=com.facebook.buck.rules.LazyDelegatingTool@3e892abf, ranlibflags=[], symbolNameTool=com.facebook.buck.cxx.LazyDelegatingSymbolNameTool@c4fecad, sharedLibraryExtension=dylib, sharedLibraryVersionedExtensionFormat=%s.dylib, staticLibraryExtension=a, objectFileExtension=o, compilerDebugPathSanitizer=com.facebook.buck.cxx.PrefixMapDebugPathSanitizer@94c1ad8, assemblerDebugPathSanitizer=com.facebook.buck.cxx.MungingDebugPathSanitizer@5678efda, headerVerification=HeaderVerification{mode=IGNORE, whitelist=[], platformWhitelist=[^\Q/Applications/Xcode.app/Contents/Developer/Platforms/iPhoneSimulator.platform/Developer/Library/Frameworks\E\/.*, ^\Q/Applications/Xcode.app/Contents/Developer/Platforms/iPhoneSimulator.platform/Developer/SDKs/iPhoneSimulator.sdk\E\/.*, ^\Q/Applications/Xcode.app/Contents/Developer/Toolchains/XcodeDefault.xctoolchain\E\/.*], whitelistPatterns=[^\Q/Applications/Xcode.app/Contents/Developer/Platforms/iPhoneSimulator.platform/Developer/Library/Frameworks\E\/.*, ^\Q/Applications/Xcode.app/Contents/Developer/Platforms/iPhoneSimulator.platform/Developer/SDKs/iPhoneSimulator.sdk\E\/.*, ^\Q/Applications/Xcode.app/Contents/Developer/Toolchains/XcodeDefault.xctoolchain\E\/.*]}, flagMacros={SDKROOT=/Applications/Xcode.app/Contents/Developer/Platforms/iPhoneSimulator.platform/Developer/SDKs/iPhoneSimulator.sdk, PLATFORM_DIR=/Applications/Xcode.app/Contents/Developer/Platforms/iPhoneSimulator.platform, CURRENT_ARCH=x86_64, DEVELOPER_DIR=/Applications/Xcode.app/Contents/Developer}, publicHeadersSymlinksEnabled=true, privateHeadersSymlinksEnabled=true}
[2017-07-09 14:41:57.047][debug][command:27b828c3-dd51-4555-8f28-9f9389578bc3][tid:23][com.facebook.buck.io.ExecutableFinder] Executable 'python2' mapped to 'Optional.empty'
[2017-07-09 14:41:57.048][debug][command:27b828c3-dd51-4555-8f28-9f9389578bc3][tid:23][com.facebook.buck.io.ExecutableFinder] Executable 'python' mapped to 'Optional[/usr/bin/python]'
[2017-07-09 14:41:57.236][debug][command:27b828c3-dd51-4555-8f28-9f9389578bc3][tid:23][com.facebook.buck.apple.ProvisioningProfileStore] Provisioning profile search path: /Users/chengxiang/Library/MobileDevice/Provisioning Profiles
[2017-07-09 14:41:57.617][debug][command:27b828c3-dd51-4555-8f28-9f9389578bc3][tid:23][com.facebook.buck.json.BuckPythonProgram] Writing python rules stub to /Users/chengxiang/Projects/muhanCoupon/buck-out/tmp/buck_run.ZlsQlP/buck_python_program3491662690969937537.
[2017-07-09 14:41:58.101][debug][command:27b828c3-dd51-4555-8f28-9f9389578bc3][tid:23][com.facebook.buck.json.BuckPythonProgram] Created temporary buck.py instance at /Users/chengxiang/Projects/muhanCoupon/buck-out/tmp/buck_run.ZlsQlP/buck_python_program3491662690969937537.
[2017-07-09 14:41:58.115][debug][command:27b828c3-dd51-4555-8f28-9f9389578bc3][tid:23][com.facebook.buck.json.ProjectBuildFileParser] Starting buck.py command: [/usr/bin/python, -u, /Users/chengxiang/Projects/muhanCoupon/buck-out/tmp/buck_run.ZlsQlP/buck_python_program3491662690969937537/__main__.py, --allow_empty_globs, --watchman_glob_stat_results, --project_root, /Users/chengxiang/Projects/muhanCoupon, --cell_name, , --build_file_name, BUCK, --quiet, --config, /Users/chengxiang/Projects/muhanCoupon/buck-out/tmp/buck_run.ZlsQlP/raw_config549433228580818314.json, --ignore_paths, /Users/chengxiang/Projects/muhanCoupon/buck-out/tmp/buck_run.ZlsQlP/ignore_paths1497585821536556597.json] environment: Optional[{PATH=/usr/local/bin:/usr/bin:/bin:/usr/sbin:/sbin:/usr/local/share/dotnet:/Library/Frameworks/Mono.framework/Versions/Current/Commands, JAVA_ARCH=x86_64, JAVA_MAIN_CLASS_23329=com.facebook.buck.cli.bootstrapper.ClassLoaderBootstrapper, BUCK_CLASSPATH=/Users/chengxiang/Projects/muhanCoupon/.buckd/resources/v2017.05.09.01/buck_server, TERM=xterm-256color, COMMAND_MODE=unix2003, ITERM_SESSION_ID=w2t0p0:B0131D9D-972F-4046-A568-D1E3AC340305, VERSIONER_PYTHON_VERSION=2.7, BUCK_BUILD_ID=27b828c3-dd51-4555-8f28-9f9389578bc3, LOGNAME=chengxiang, PWD=/Users/chengxiang/Projects/muhanCoupon, XPC_SERVICE_NAME=0, TERM_PROGRAM_VERSION=3.0.15, _=/usr/local/bin/buck, SHELL=/bin/bash, TERM_PROGRAM=iTerm.app, BUCK_PYTHON_SPACE_INIT_TIME=2, OLDPWD=/Users/chengxiang/Projects, SECURITYSESSIONID=186a7, USER=chengxiang, VERSIONER_PYTHON_PREFER_32_BIT=no, CLASSPATH=/Users/chengxiang/Projects/muhanCoupon/.buckd/resources/v2017.05.09.01/bootstrapper_jar, ITERM_PROFILE=Default, TMPDIR=/var/folders/v2/h1_yzm2d38l4yql994gm360c0000gn/T/, SSH_AUTH_SOCK=/private/tmp/com.apple.launchd.RhYFFqIfBl/Listeners, XPC_FLAGS=0x0, TERM_SESSION_ID=w2t0p0:B0131D9D-972F-4046-A568-D1E3AC340305, BUCK_TTY=1, __CF_USER_TEXT_ENCODING=0x1F5:0x0:0x0, Apple_PubSub_Socket_Render=/private/tmp/com.apple.launchd.Tb3ULPP6rJ/Render, com.apple.java.jvmTask=CommandLine, COLORFGBG=7;0, LC_CTYPE=UTF-8, SHLVL=1, HOME=/Users/chengxiang}]
[2017-07-09 14:41:58.122][debug][command:27b828c3-dd51-4555-8f28-9f9389578bc3][tid:23][com.facebook.buck.json.ProjectBuildFileParser] Started process com.facebook.buck.util.ProcessExecutor$LaunchedProcessImpl@2479b11f successfully
[2017-07-09 14:41:58.679][debug][command:null][tid:31][com.facebook.buck.json.ProjectBuildFileParser] Closing buck.py process stdin
[2017-07-09 14:41:58.679][debug][command:null][tid:31][com.facebook.buck.json.ProjectBuildFileParser] Closing buck.py process stdin
[2017-07-09 14:41:58.708][debug][command:27b828c3-dd51-4555-8f28-9f9389578bc3][tid:01][com.facebook.buck.util.PkillProcessManager] Checking if Xcode is running...
[2017-07-09 14:41:58.746][debug][command:null][tid:31][com.facebook.buck.json.ProjectBuildFileParser] Waiting for process com.facebook.buck.util.ProcessExecutor$LaunchedProcessImpl@2479b11f to exit...
[2017-07-09 14:41:58.746][debug][command:null][tid:31][com.facebook.buck.json.ProjectBuildFileParser] Waiting for process com.facebook.buck.util.ProcessExecutor$LaunchedProcessImpl@2479b11f to exit...
[2017-07-09 14:41:58.751][debug][command:null][tid:31][com.facebook.buck.json.ProjectBuildFileParser] Process com.facebook.buck.util.ProcessExecutor$LaunchedProcessImpl@2479b11f exited cleanly.
[2017-07-09 14:41:58.751][debug][command:null][tid:31][com.facebook.buck.json.ProjectBuildFileParser] Process com.facebook.buck.util.ProcessExecutor$LaunchedProcessImpl@2479b11f exited cleanly.
[2017-07-09 14:41:58.759][debug][command:27b828c3-dd51-4555-8f28-9f9389578bc3][tid:01][com.facebook.buck.util.PkillProcessManager] Process Xcode is not running
[2017-07-09 14:41:58.759][debug][command:27b828c3-dd51-4555-8f28-9f9389578bc3][tid:01][com.facebook.buck.apple.project_generator.XCodeProjectCommandHelper] Xcode is not running.
[2017-07-09 14:41:58.808][debug][command:27b828c3-dd51-4555-8f28-9f9389578bc3][tid:01][com.facebook.buck.apple.project_generator.XCodeProjectCommandHelper] Generating workspace for config targets [//:muhanCoupon]
[2017-07-09 14:41:58.826][debug][command:27b828c3-dd51-4555-8f28-9f9389578bc3][tid:01][com.facebook.buck.apple.project_generator.WorkspaceAndProjectGenerator] Generating workspace for target //:muhanCoupon
[2017-07-09 14:41:58.832][debug][command:27b828c3-dd51-4555-8f28-9f9389578bc3][tid:01][com.facebook.buck.apple.project_generator.WorkspaceAndProjectGenerator] Adding scheme muhanCoupon
[2017-07-09 14:41:58.841][debug][command:27b828c3-dd51-4555-8f28-9f9389578bc3][tid:01][com.facebook.buck.apple.project_generator.WorkspaceAndProjectGenerator] Getting ordered test target nodes for [//:muhanCoupon]
[2017-07-09 14:41:58.853][debug][command:null][tid:35][com.facebook.buck.apple.project_generator.WorkspaceAndProjectGenerator] Generating project for directory  with targets [//:muhanCoupon, //:muhanCouponResources]
[2017-07-09 14:41:58.853][debug][command:null][tid:35][com.facebook.buck.apple.project_generator.WorkspaceAndProjectGenerator] Generating project for directory  with targets [//:muhanCoupon, //:muhanCouponResources]
[2017-07-09 14:41:58.861][debug][command:null][tid:35][com.facebook.buck.apple.project_generator.ProjectGenerator] Output directory , profile fs root path /Users/chengxiang/Projects/muhanCoupon, repo root relative to output dir .
[2017-07-09 14:41:58.861][debug][command:null][tid:35][com.facebook.buck.apple.project_generator.ProjectGenerator] Output directory , profile fs root path /Users/chengxiang/Projects/muhanCoupon, repo root relative to output dir .
[2017-07-09 14:41:58.876][debug][command:null][tid:35][com.facebook.buck.apple.project_generator.ProjectGenerator] Creating projects for targets [//:muhanCoupon, //:muhanCouponResources]
[2017-07-09 14:41:58.876][debug][command:null][tid:35][com.facebook.buck.apple.project_generator.ProjectGenerator] Creating projects for targets [//:muhanCoupon, //:muhanCouponResources]
[2017-07-09 14:41:58.876][debug][command:null][tid:35][com.facebook.buck.apple.project_generator.ProjectGenerator] Including rule //:muhanCoupon in project
[2017-07-09 14:41:58.876][debug][command:null][tid:35][com.facebook.buck.apple.project_generator.ProjectGenerator] Including rule //:muhanCoupon in project
[2017-07-09 14:41:58.887][debug][command:null][tid:35][com.facebook.buck.apple.project_generator.ProjectGenerator] Generating binary target for node //:muhanCouponBinary
[2017-07-09 14:41:58.887][debug][command:null][tid:35][com.facebook.buck.apple.project_generator.ProjectGenerator] Generating binary target for node //:muhanCouponBinary
[2017-07-09 14:41:58.937][debug][command:null][tid:35][com.facebook.buck.apple.project_generator.NewNativeTargetProjectMutator] Added resources build phase com.facebook.buck.apple.xcode.xcodeproj.PBXResourcesBuildPhase@9205b02 isa=PBXResourcesBuildPhase gid=null
[2017-07-09 14:41:58.937][debug][command:null][tid:35][com.facebook.buck.apple.project_generator.NewNativeTargetProjectMutator] Added resources build phase com.facebook.buck.apple.xcode.xcodeproj.PBXResourcesBuildPhase@9205b02 isa=PBXResourcesBuildPhase gid=null
[2017-07-09 14:41:58.973][debug][command:null][tid:35][com.facebook.buck.apple.project_generator.CxxPlatformXcodeConfigGenerator] Cannot determine value of CLANG_CXX_LIBRARY
[2017-07-09 14:41:58.973][debug][command:null][tid:35][com.facebook.buck.apple.project_generator.CxxPlatformXcodeConfigGenerator] Cannot determine value of CLANG_CXX_LIBRARY
[2017-07-09 14:41:58.984][debug][command:null][tid:35][com.facebook.buck.apple.project_generator.ProjectGenerator] Symlink tree at buck-out/gen/_p/zM2oZvPDGJ-pub is up to date, not regenerating (key 0931b625aca4ff08191d2c1f85e1b658c22959bd).
[2017-07-09 14:41:58.984][debug][command:null][tid:35][com.facebook.buck.apple.project_generator.ProjectGenerator] Symlink tree at buck-out/gen/_p/zM2oZvPDGJ-pub is up to date, not regenerating (key 0931b625aca4ff08191d2c1f85e1b658c22959bd).
[2017-07-09 14:41:58.986][debug][command:null][tid:35][com.facebook.buck.apple.project_generator.ProjectGenerator] Symlink tree at buck-out/gen/_p/zM2oZvPDGJ-priv is up to date, not regenerating (key fe65ee95f74f614f5c3491154c77fab0ac334b4c).
[2017-07-09 14:41:58.986][debug][command:null][tid:35][com.facebook.buck.apple.project_generator.ProjectGenerator] Symlink tree at buck-out/gen/_p/zM2oZvPDGJ-priv is up to date, not regenerating (key fe65ee95f74f614f5c3491154c77fab0ac334b4c).
[2017-07-09 14:41:58.987][debug][command:null][tid:35][com.facebook.buck.apple.project_generator.ProjectGenerator] Generated iOS bundle target com.facebook.buck.apple.xcode.xcodeproj.PBXNativeTarget@420e9d38 isa=PBXNativeTarget gid=null
[2017-07-09 14:41:58.987][debug][command:null][tid:35][com.facebook.buck.apple.project_generator.ProjectGenerator] Generated iOS bundle target com.facebook.buck.apple.xcode.xcodeproj.PBXNativeTarget@420e9d38 isa=PBXNativeTarget gid=null
[2017-07-09 14:41:58.988][debug][command:null][tid:35][com.facebook.buck.apple.project_generator.ProjectGenerator] Including rule //:muhanCouponResources in project
[2017-07-09 14:41:58.988][debug][command:null][tid:35][com.facebook.buck.apple.project_generator.ProjectGenerator] Including rule //:muhanCouponResources in project
[2017-07-09 14:41:59.011][debug][command:null][tid:35][com.facebook.buck.apple.project_generator.ProjectGenerator] Not regenerating project at Project.xcodeproj/project.pbxproj (contents have not changed)
[2017-07-09 14:41:59.011][debug][command:null][tid:35][com.facebook.buck.apple.project_generator.ProjectGenerator] Not regenerating project at Project.xcodeproj/project.pbxproj (contents have not changed)
[2017-07-09 14:41:59.020][debug][command:27b828c3-dd51-4555-8f28-9f9389578bc3][tid:01][com.facebook.buck.apple.project_generator.SchemeGenerator] Generating scheme with build targets [com.facebook.buck.apple.xcode.xcodeproj.PBXNativeTarget@420e9d38 isa=PBXNativeTarget gid=E66DC04ED6A5227300000000], test build targets [], test bundle targets []
[2017-07-09 14:41:59.076][debug][command:27b828c3-dd51-4555-8f28-9f9389578bc3][tid:01][com.facebook.buck.apple.project_generator.XCodeProjectCommandHelper] Required build targets for workspace //:muhanCoupon: []
[2017-07-09 14:41:59.078][info ][command:27b828c3-dd51-4555-8f28-9f9389578bc3][tid:01][com.facebook.buck.cli.Main] Awaiting termination of HTTP Write executor service. Waiting for all jobs to complete, or up to maximum of 1800 seconds...
[2017-07-09 14:41:59.081][info ][command:27b828c3-dd51-4555-8f28-9f9389578bc3][tid:01][com.facebook.buck.cli.Main] Awaiting termination of CounterAggregatorExecutor executor service. Waiting for all jobs to complete, or up to maximum of 20 seconds...
[2017-07-09 14:41:59.085][debug][command:27b828c3-dd51-4555-8f28-9f9389578bc3][tid:17][com.facebook.buck.util.perf.ProcessTracker] shutDown
[2017-07-09 14:41:59.085][debug][command:27b828c3-dd51-4555-8f28-9f9389578bc3][tid:16][com.google.common.util.concurrent.ServiceManager] Service PerfStatsTracking [TERMINATED] has terminated. Previous state was: STOPPING
[2017-07-09 14:41:59.087][debug][command:27b828c3-dd51-4555-8f28-9f9389578bc3][tid:01][com.facebook.buck.event.listener.SuperConsoleEventBusListener] Stopping render scheduler
[2017-07-09 14:41:59.089][debug][command:null][tid:17][com.google.common.util.concurrent.ServiceManager] Service ProcessTracker [TERMINATED] has terminated. Previous state was: STOPPING
[2017-07-09 14:41:59.103][info ][command:null][tid:01][com.facebook.buck.cli.Main] Awaiting termination of CPU executor service. Waiting for all jobs to complete, or up to maximum of 60 seconds...
[2017-07-09 14:41:59.104][info ][command:null][tid:01][com.facebook.buck.cli.Main] Awaiting termination of PROJECT executor service. Waiting for all jobs to complete, or up to maximum of 60 seconds...
[2017-07-09 14:41:59.104][info ][command:null][tid:01][com.facebook.buck.cli.Main] Awaiting termination of NETWORK executor service. Waiting for all jobs to complete, or up to maximum of 60 seconds...
[2017-07-09 14:41:59.104][info ][command:null][tid:01][com.facebook.buck.cli.Main] Awaiting termination of Disk IO executor service. Waiting for all jobs to complete, or up to maximum of 10 seconds...
[2017-07-09 14:41:59.104][debug][command:null][tid:01][com.facebook.buck.event.listener.ChromeTraceBuildListener] Writing Chrome trace to buck-out/log/2017-07-09_06h41m49s_projectcommand_27b828c3-dd51-4555-8f28-9f9389578bc3/build.2017-07-09.14-41-50.27b828c3-dd51-4555-8f28-9f9389578bc3.trace
[2017-07-09 14:41:59.131][debug][command:null][tid:01][com.facebook.buck.cli.Main] Done.
