[2017-07-18 00:51:36.229][debug][command:1334dde5-8144-4e91-88d5-d1fe49edb188][tid:01][com.facebook.buck.event.listener.SuperConsoleEventBusListener] Starting render scheduler (interval 100 ms)
[2017-07-18 00:51:36.308][debug][command:1334dde5-8144-4e91-88d5-d1fe49edb188][tid:01][com.google.common.util.concurrent.ServiceManager] Starting PerfStatsTracking [RUNNING].
[2017-07-18 00:51:36.308][debug][command:1334dde5-8144-4e91-88d5-d1fe49edb188][tid:01][com.google.common.util.concurrent.ServiceManager] Started PerfStatsTracking [RUNNING] in 578.5 μs.
[2017-07-18 00:51:36.317][debug][command:1334dde5-8144-4e91-88d5-d1fe49edb188][tid:01][com.google.common.util.concurrent.ServiceManager] Starting ProcessTracker [STARTING].
[2017-07-18 00:51:36.318][debug][command:null][tid:17][com.facebook.buck.util.perf.ProcessTracker] startUp
[2017-07-18 00:51:36.318][debug][command:null][tid:17][com.facebook.buck.util.perf.ProcessTracker] startUp
[2017-07-18 00:51:36.318][debug][command:1334dde5-8144-4e91-88d5-d1fe49edb188][tid:01][com.facebook.buck.cli.Main] InvocationInfo BuildId=[1334dde5-8144-4e91-88d5-d1fe49edb188] Args=[project, mhc]
[2017-07-18 00:51:36.365][debug][command:1334dde5-8144-4e91-88d5-d1fe49edb188][tid:01][com.facebook.buck.util.environment.MacWifiSsidFinder] Getting current SSID..
[2017-07-18 00:51:36.438][debug][command:1334dde5-8144-4e91-88d5-d1fe49edb188][tid:01][com.facebook.buck.util.environment.MacWifiSsidFinder] Getting SSID from Wi-Fi interface: <CWInterface: 0x7fa5458b8200> [interfaceName=en0]
[2017-07-18 00:51:36.440][debug][command:1334dde5-8144-4e91-88d5-d1fe49edb188][tid:01][com.facebook.buck.util.environment.MacWifiSsidFinder] Found SSID: Intranet
[2017-07-18 00:51:36.466][debug][command:null][tid:17][com.google.common.util.concurrent.ServiceManager] Started ProcessTracker [RUNNING] in 149.0 ms.
[2017-07-18 00:51:36.466][debug][command:null][tid:17][com.google.common.util.concurrent.ServiceManager] Started ProcessTracker [RUNNING] in 149.0 ms.
[2017-07-18 00:51:37.410][warn ][command:null][tid:21][com.facebook.buck.event.listener.PublicAnnouncementManager] Failed to get public announcements. Reason: Failed to establish connection to server.
[2017-07-18 00:51:37.410][warn ][command:null][tid:21][com.facebook.buck.event.listener.PublicAnnouncementManager] Failed to get public announcements. Reason: Failed to establish connection to server.
[2017-07-18 00:51:37.443][info ][command:null][tid:22][com.facebook.buck.util.versioncontrol.VersionControlStatsGenerator] Starting generation of version control stats.
[2017-07-18 00:51:37.443][info ][command:null][tid:22][com.facebook.buck.util.versioncontrol.VersionControlStatsGenerator] Starting generation of version control stats.
[2017-07-18 00:51:37.453][debug][command:null][tid:22][com.facebook.buck.util.versioncontrol.VersionControlCmdLineInterface] Executing command: hg log -l 1 --template {node|short}
[2017-07-18 00:51:37.453][debug][command:null][tid:22][com.facebook.buck.util.versioncontrol.VersionControlCmdLineInterface] Executing command: hg log -l 1 --template {node|short}
[2017-07-18 00:51:37.473][warn ][command:null][tid:22][com.facebook.buck.util.versioncontrol.DelegatingVersionControlCmdLineInterface] Mercurial is the only VCS supported for VCS stats generation, however current project (which has enabled VCS stats generation in its .buckconfig) does not appear to be a Mercurial repository: 
com.facebook.buck.util.versioncontrol.VersionControlCommandFailedException: java.io.IOException: Cannot run program "hg" (in directory "/Users/chengxiang/Projects/muhanCoupon"): error=2, No such file or directory
[2017-07-18 00:51:37.473][warn ][command:null][tid:22][com.facebook.buck.util.versioncontrol.DelegatingVersionControlCmdLineInterface] Mercurial is the only VCS supported for VCS stats generation, however current project (which has enabled VCS stats generation in its .buckconfig) does not appear to be a Mercurial repository: 
com.facebook.buck.util.versioncontrol.VersionControlCommandFailedException: java.io.IOException: Cannot run program "hg" (in directory "/Users/chengxiang/Projects/muhanCoupon"): error=2, No such file or directory
[2017-07-18 00:51:37.474][debug][command:null][tid:22][com.facebook.buck.util.versioncontrol.DelegatingVersionControlCmdLineInterface] Using NoOpCmdLineInterface.
[2017-07-18 00:51:37.474][debug][command:null][tid:22][com.facebook.buck.util.versioncontrol.DelegatingVersionControlCmdLineInterface] Using NoOpCmdLineInterface.
[2017-07-18 00:51:37.477][warn ][command:null][tid:22][com.facebook.buck.util.versioncontrol.VersionControlStatsGenerator] Skipping generation of version control stats as unsupported repository type.
[2017-07-18 00:51:37.477][warn ][command:null][tid:22][com.facebook.buck.util.versioncontrol.VersionControlStatsGenerator] Skipping generation of version control stats as unsupported repository type.
[2017-07-18 00:51:42.694][debug][command:1334dde5-8144-4e91-88d5-d1fe49edb188][tid:01][com.facebook.buck.parser.DaemonicParserState] Starting to invalidate caches for /Users/chengxiang/Projects/muhanCoupon..
[2017-07-18 00:51:42.695][debug][command:1334dde5-8144-4e91-88d5-d1fe49edb188][tid:01][com.facebook.buck.parser.DaemonicParserState] Cell caches were empty, no data invalidated.
[2017-07-18 00:51:42.741][debug][command:1334dde5-8144-4e91-88d5-d1fe49edb188][tid:23][com.facebook.buck.io.ExecutableFinder] Executable 'python2' mapped to 'Optional.empty'
[2017-07-18 00:51:42.743][debug][command:1334dde5-8144-4e91-88d5-d1fe49edb188][tid:23][com.facebook.buck.io.ExecutableFinder] Executable 'python' mapped to 'Optional[/usr/bin/python]'
[2017-07-18 00:51:42.828][debug][command:1334dde5-8144-4e91-88d5-d1fe49edb188][tid:23][com.facebook.buck.apple.AppleToolchainDiscovery] Searching for Xcode toolchains under /Applications/Xcode.app/Contents/Developer/Toolchains
[2017-07-18 00:51:42.829][debug][command:1334dde5-8144-4e91-88d5-d1fe49edb188][tid:23][com.facebook.buck.apple.AppleToolchainDiscovery] Searching for Xcode toolchains in /Applications/Xcode.app/Contents/Developer/Toolchains
[2017-07-18 00:51:42.831][debug][command:1334dde5-8144-4e91-88d5-d1fe49edb188][tid:23][com.facebook.buck.apple.AppleToolchainDiscovery] Getting identifier for for Xcode toolchain under /Applications/Xcode.app/Contents/Developer/Toolchains/Swift_2.3.xctoolchain
[2017-07-18 00:51:42.832][debug][command:1334dde5-8144-4e91-88d5-d1fe49edb188][tid:23][com.facebook.buck.apple.AppleToolchainDiscovery] Loading toolchain from plist ToolchainInfo.plist for /Applications/Xcode.app/Contents/Developer/Toolchains/Swift_2.3.xctoolchain failed
[2017-07-18 00:51:42.832][debug][command:1334dde5-8144-4e91-88d5-d1fe49edb188][tid:23][com.facebook.buck.apple.AppleToolchainDiscovery] Loading toolchain from plist Info.plist for /Applications/Xcode.app/Contents/Developer/Toolchains/Swift_2.3.xctoolchain failed
[2017-07-18 00:51:42.832][debug][command:1334dde5-8144-4e91-88d5-d1fe49edb188][tid:23][com.facebook.buck.apple.AppleToolchainDiscovery] Failed to resolve info about toolchain /Applications/Xcode.app/Contents/Developer/Toolchains/Swift_2.3.xctoolchain from plist files [ToolchainInfo.plist, Info.plist]
[2017-07-18 00:51:42.832][debug][command:1334dde5-8144-4e91-88d5-d1fe49edb188][tid:23][com.facebook.buck.apple.AppleToolchainDiscovery] Getting identifier for for Xcode toolchain under /Applications/Xcode.app/Contents/Developer/Toolchains/XcodeDefault.xctoolchain
[2017-07-18 00:51:42.852][debug][command:1334dde5-8144-4e91-88d5-d1fe49edb188][tid:23][com.facebook.buck.apple.AppleToolchainDiscovery] Mapped SDK identifier com.apple.dt.toolchain.XcodeDefault to path /Applications/Xcode.app/Contents/Developer/Toolchains/XcodeDefault.xctoolchain
[2017-07-18 00:51:42.865][debug][command:1334dde5-8144-4e91-88d5-d1fe49edb188][tid:23][com.facebook.buck.apple.AppleSdkDiscovery] Searching for Xcode platforms under /Applications/Xcode.app/Contents/Developer/Platforms
[2017-07-18 00:51:42.871][debug][command:1334dde5-8144-4e91-88d5-d1fe49edb188][tid:23][com.facebook.buck.apple.AppleSdkDiscovery] Searching for Xcode SDKs in /Applications/Xcode.app/Contents/Developer/Platforms
[2017-07-18 00:51:42.871][debug][command:1334dde5-8144-4e91-88d5-d1fe49edb188][tid:23][com.facebook.buck.apple.AppleSdkDiscovery] Fetching SDK name for /Applications/Xcode.app/Contents/Developer/Platforms/AppleTVOS.platform/Developer/SDKs/AppleTVOS.sdk
[2017-07-18 00:51:42.882][debug][command:1334dde5-8144-4e91-88d5-d1fe49edb188][tid:23][com.facebook.buck.apple.AppleSdkDiscovery] Found SDK AppleSdk{name=appletvos10.2, version=10.2, applePlatform=ApplePlatform{name=appletvos, provisioningProfileName=tvOS, architectures=[arm64], minVersionFlagPrefix=-mtvos-version-min=, appIncludesFrameworks=false}, architectures=[arm64], toolchains=[AppleToolchain{identifier=com.apple.dt.toolchain.XcodeDefault, path=/Applications/Xcode.app/Contents/Developer/Toolchains/XcodeDefault.xctoolchain}]}
[2017-07-18 00:51:42.884][debug][command:1334dde5-8144-4e91-88d5-d1fe49edb188][tid:23][com.facebook.buck.apple.AppleSdkDiscovery] Fetching SDK name for /Applications/Xcode.app/Contents/Developer/Platforms/AppleTVOS.platform/Developer/SDKs/AppleTVOS10.2.sdk
[2017-07-18 00:51:42.885][debug][command:1334dde5-8144-4e91-88d5-d1fe49edb188][tid:23][com.facebook.buck.apple.AppleSdkDiscovery] Skipping already scanned SDK directory /Applications/Xcode.app/Contents/Developer/Platforms/AppleTVOS.platform/Developer/SDKs/AppleTVOS.sdk
[2017-07-18 00:51:42.885][debug][command:1334dde5-8144-4e91-88d5-d1fe49edb188][tid:23][com.facebook.buck.apple.AppleSdkDiscovery] Fetching SDK name for /Applications/Xcode.app/Contents/Developer/Platforms/AppleTVSimulator.platform/Developer/SDKs/AppleTVSimulator.sdk
[2017-07-18 00:51:42.945][debug][command:1334dde5-8144-4e91-88d5-d1fe49edb188][tid:23][com.facebook.buck.apple.AppleSdkDiscovery] Specified toolchain com.apple.dt.toolchain.AppleTVOS10_2 not found for SDK path /Applications/Xcode.app/Contents/Developer/Platforms/AppleTVSimulator.platform/Developer/SDKs/AppleTVSimulator.sdk
[2017-07-18 00:51:42.946][debug][command:1334dde5-8144-4e91-88d5-d1fe49edb188][tid:23][com.facebook.buck.apple.AppleSdkDiscovery] Found SDK AppleSdk{name=appletvsimulator10.2, version=10.2, applePlatform=ApplePlatform{name=appletvsimulator, swiftName=tvos, architectures=[x86_64], minVersionFlagPrefix=-mtvos-simulator-version-min=, appIncludesFrameworks=false}, architectures=[x86_64], toolchains=[AppleToolchain{identifier=com.apple.dt.toolchain.XcodeDefault, path=/Applications/Xcode.app/Contents/Developer/Toolchains/XcodeDefault.xctoolchain}]}
[2017-07-18 00:51:42.947][debug][command:1334dde5-8144-4e91-88d5-d1fe49edb188][tid:23][com.facebook.buck.apple.AppleSdkDiscovery] Fetching SDK name for /Applications/Xcode.app/Contents/Developer/Platforms/AppleTVSimulator.platform/Developer/SDKs/AppleTVSimulator10.2.sdk
[2017-07-18 00:51:42.947][debug][command:1334dde5-8144-4e91-88d5-d1fe49edb188][tid:23][com.facebook.buck.apple.AppleSdkDiscovery] Skipping already scanned SDK directory /Applications/Xcode.app/Contents/Developer/Platforms/AppleTVSimulator.platform/Developer/SDKs/AppleTVSimulator.sdk
[2017-07-18 00:51:42.947][debug][command:1334dde5-8144-4e91-88d5-d1fe49edb188][tid:23][com.facebook.buck.apple.AppleSdkDiscovery] Fetching SDK name for /Applications/Xcode.app/Contents/Developer/Platforms/iPhoneOS.platform/Developer/SDKs/iPhoneOS.sdk
[2017-07-18 00:51:42.948][debug][command:1334dde5-8144-4e91-88d5-d1fe49edb188][tid:23][com.facebook.buck.apple.AppleSdkDiscovery] Found SDK AppleSdk{name=iphoneos10.3, version=10.3, applePlatform=ApplePlatform{name=iphoneos, swiftName=ios, provisioningProfileName=iOS, architectures=[armv7, arm64], minVersionFlagPrefix=-mios-version-min=, stubBinaryPath=Library/Application Support/WatchKit/WK, appIncludesFrameworks=false}, architectures=[armv7, arm64], toolchains=[AppleToolchain{identifier=com.apple.dt.toolchain.XcodeDefault, path=/Applications/Xcode.app/Contents/Developer/Toolchains/XcodeDefault.xctoolchain}]}
[2017-07-18 00:51:42.949][debug][command:1334dde5-8144-4e91-88d5-d1fe49edb188][tid:23][com.facebook.buck.apple.AppleSdkDiscovery] Fetching SDK name for /Applications/Xcode.app/Contents/Developer/Platforms/iPhoneOS.platform/Developer/SDKs/iPhoneOS10.3.sdk
[2017-07-18 00:51:42.949][debug][command:1334dde5-8144-4e91-88d5-d1fe49edb188][tid:23][com.facebook.buck.apple.AppleSdkDiscovery] Skipping already scanned SDK directory /Applications/Xcode.app/Contents/Developer/Platforms/iPhoneOS.platform/Developer/SDKs/iPhoneOS.sdk
[2017-07-18 00:51:42.949][debug][command:1334dde5-8144-4e91-88d5-d1fe49edb188][tid:23][com.facebook.buck.apple.AppleSdkDiscovery] Fetching SDK name for /Applications/Xcode.app/Contents/Developer/Platforms/iPhoneSimulator.platform/Developer/SDKs/iPhoneSimulator.sdk
[2017-07-18 00:51:42.954][debug][command:1334dde5-8144-4e91-88d5-d1fe49edb188][tid:23][com.facebook.buck.apple.AppleSdkDiscovery] Specified toolchain com.apple.dt.toolchain.iOS10_3 not found for SDK path /Applications/Xcode.app/Contents/Developer/Platforms/iPhoneSimulator.platform/Developer/SDKs/iPhoneSimulator.sdk
[2017-07-18 00:51:42.954][debug][command:1334dde5-8144-4e91-88d5-d1fe49edb188][tid:23][com.facebook.buck.apple.AppleSdkDiscovery] Found SDK AppleSdk{name=iphonesimulator10.3, version=10.3, applePlatform=ApplePlatform{name=iphonesimulator, swiftName=ios, architectures=[i386, x86_64], minVersionFlagPrefix=-mios-simulator-version-min=, stubBinaryPath=Library/Application Support/WatchKit/WK, appIncludesFrameworks=false}, architectures=[i386, x86_64], toolchains=[AppleToolchain{identifier=com.apple.dt.toolchain.XcodeDefault, path=/Applications/Xcode.app/Contents/Developer/Toolchains/XcodeDefault.xctoolchain}]}
[2017-07-18 00:51:42.955][debug][command:1334dde5-8144-4e91-88d5-d1fe49edb188][tid:23][com.facebook.buck.apple.AppleSdkDiscovery] Fetching SDK name for /Applications/Xcode.app/Contents/Developer/Platforms/iPhoneSimulator.platform/Developer/SDKs/iPhoneSimulator10.3.sdk
[2017-07-18 00:51:42.955][debug][command:1334dde5-8144-4e91-88d5-d1fe49edb188][tid:23][com.facebook.buck.apple.AppleSdkDiscovery] Skipping already scanned SDK directory /Applications/Xcode.app/Contents/Developer/Platforms/iPhoneSimulator.platform/Developer/SDKs/iPhoneSimulator.sdk
[2017-07-18 00:51:42.955][debug][command:1334dde5-8144-4e91-88d5-d1fe49edb188][tid:23][com.facebook.buck.apple.AppleSdkDiscovery] Fetching SDK name for /Applications/Xcode.app/Contents/Developer/Platforms/MacOSX.platform/Developer/SDKs/MacOSX.sdk
[2017-07-18 00:51:42.959][debug][command:1334dde5-8144-4e91-88d5-d1fe49edb188][tid:23][com.facebook.buck.apple.AppleSdkDiscovery] Found SDK AppleSdk{name=macosx10.12, version=10.12, applePlatform=ApplePlatform{name=macosx, architectures=[i386, x86_64], minVersionFlagPrefix=-mmacosx-version-min=, appIncludesFrameworks=true}, architectures=[i386, x86_64], toolchains=[AppleToolchain{identifier=com.apple.dt.toolchain.XcodeDefault, path=/Applications/Xcode.app/Contents/Developer/Toolchains/XcodeDefault.xctoolchain}]}
[2017-07-18 00:51:42.959][debug][command:1334dde5-8144-4e91-88d5-d1fe49edb188][tid:23][com.facebook.buck.apple.AppleSdkDiscovery] Fetching SDK name for /Applications/Xcode.app/Contents/Developer/Platforms/MacOSX.platform/Developer/SDKs/MacOSX10.12.sdk
[2017-07-18 00:51:42.960][debug][command:1334dde5-8144-4e91-88d5-d1fe49edb188][tid:23][com.facebook.buck.apple.AppleSdkDiscovery] Skipping already scanned SDK directory /Applications/Xcode.app/Contents/Developer/Platforms/MacOSX.platform/Developer/SDKs/MacOSX.sdk
[2017-07-18 00:51:42.960][debug][command:1334dde5-8144-4e91-88d5-d1fe49edb188][tid:23][com.facebook.buck.apple.AppleSdkDiscovery] Fetching SDK name for /Applications/Xcode.app/Contents/Developer/Platforms/WatchOS.platform/Developer/SDKs/WatchOS.sdk
[2017-07-18 00:51:42.963][debug][command:1334dde5-8144-4e91-88d5-d1fe49edb188][tid:23][com.facebook.buck.apple.AppleSdkDiscovery] Found SDK AppleSdk{name=watchos3.2, version=3.2, applePlatform=ApplePlatform{name=watchos, provisioningProfileName=iOS, architectures=[armv7k], minVersionFlagPrefix=-mwatchos-version-min=, stubBinaryPath=Library/Application Support/WatchKit/WK, appIncludesFrameworks=false}, architectures=[armv7k], toolchains=[AppleToolchain{identifier=com.apple.dt.toolchain.XcodeDefault, path=/Applications/Xcode.app/Contents/Developer/Toolchains/XcodeDefault.xctoolchain}]}
[2017-07-18 00:51:42.964][debug][command:1334dde5-8144-4e91-88d5-d1fe49edb188][tid:23][com.facebook.buck.apple.AppleSdkDiscovery] Fetching SDK name for /Applications/Xcode.app/Contents/Developer/Platforms/WatchOS.platform/Developer/SDKs/WatchOS3.2.sdk
[2017-07-18 00:51:42.964][debug][command:1334dde5-8144-4e91-88d5-d1fe49edb188][tid:23][com.facebook.buck.apple.AppleSdkDiscovery] Skipping already scanned SDK directory /Applications/Xcode.app/Contents/Developer/Platforms/WatchOS.platform/Developer/SDKs/WatchOS.sdk
[2017-07-18 00:51:42.964][debug][command:1334dde5-8144-4e91-88d5-d1fe49edb188][tid:23][com.facebook.buck.apple.AppleSdkDiscovery] Fetching SDK name for /Applications/Xcode.app/Contents/Developer/Platforms/WatchSimulator.platform/Developer/SDKs/WatchSimulator.sdk
[2017-07-18 00:51:42.969][debug][command:1334dde5-8144-4e91-88d5-d1fe49edb188][tid:23][com.facebook.buck.apple.AppleSdkDiscovery] Specified toolchain com.apple.dt.toolchain.WatchOS3_2 not found for SDK path /Applications/Xcode.app/Contents/Developer/Platforms/WatchSimulator.platform/Developer/SDKs/WatchSimulator.sdk
[2017-07-18 00:51:42.970][debug][command:1334dde5-8144-4e91-88d5-d1fe49edb188][tid:23][com.facebook.buck.apple.AppleSdkDiscovery] Found SDK AppleSdk{name=watchsimulator3.2, version=3.2, applePlatform=ApplePlatform{name=watchsimulator, architectures=[i386], minVersionFlagPrefix=-mwatchos-simulator-version-min=, stubBinaryPath=Library/Application Support/WatchKit/WK, appIncludesFrameworks=false}, architectures=[i386], toolchains=[AppleToolchain{identifier=com.apple.dt.toolchain.XcodeDefault, path=/Applications/Xcode.app/Contents/Developer/Toolchains/XcodeDefault.xctoolchain}]}
[2017-07-18 00:51:42.970][debug][command:1334dde5-8144-4e91-88d5-d1fe49edb188][tid:23][com.facebook.buck.apple.AppleSdkDiscovery] Fetching SDK name for /Applications/Xcode.app/Contents/Developer/Platforms/WatchSimulator.platform/Developer/SDKs/WatchSimulator3.2.sdk
[2017-07-18 00:51:42.970][debug][command:1334dde5-8144-4e91-88d5-d1fe49edb188][tid:23][com.facebook.buck.apple.AppleSdkDiscovery] Skipping already scanned SDK directory /Applications/Xcode.app/Contents/Developer/Platforms/WatchSimulator.platform/Developer/SDKs/WatchSimulator.sdk
[2017-07-18 00:51:42.984][debug][command:1334dde5-8144-4e91-88d5-d1fe49edb188][tid:23][com.facebook.buck.apple.AppleCxxPlatforms] SDK AppleSdk{name=appletvos10.2, version=10.2, applePlatform=ApplePlatform{name=appletvos, provisioningProfileName=tvOS, architectures=[arm64], minVersionFlagPrefix=-mtvos-version-min=, appIncludesFrameworks=false}, architectures=[arm64], toolchains=[AppleToolchain{identifier=com.apple.dt.toolchain.XcodeDefault, path=/Applications/Xcode.app/Contents/Developer/Toolchains/XcodeDefault.xctoolchain}]} using default version 10.2
[2017-07-18 00:51:42.999][debug][command:1334dde5-8144-4e91-88d5-d1fe49edb188][tid:23][com.facebook.buck.apple.AppleCxxPlatforms] Xcode build version is: 8E3004b
[2017-07-18 00:51:43.041][debug][command:1334dde5-8144-4e91-88d5-d1fe49edb188][tid:23][com.facebook.buck.apple.AppleCxxPlatforms] Apple toolchain path: /Applications/Xcode.app/Contents/Developer/Toolchains/XcodeDefault.xctoolchain
[2017-07-18 00:51:43.050][debug][command:1334dde5-8144-4e91-88d5-d1fe49edb188][tid:23][com.facebook.buck.apple.AppleCxxPlatforms] Headers verification platform whitelist: [^\Q/Applications/Xcode.app/Contents/Developer/Platforms/AppleTVOS.platform/Developer/Library/Frameworks\E\/.*, ^\Q/Applications/Xcode.app/Contents/Developer/Platforms/AppleTVOS.platform/Developer/SDKs/AppleTVOS.sdk\E\/.*, ^\Q/Applications/Xcode.app/Contents/Developer/Toolchains/XcodeDefault.xctoolchain\E\/.*]
[2017-07-18 00:51:43.101][debug][command:1334dde5-8144-4e91-88d5-d1fe49edb188][tid:23][com.facebook.buck.apple.AppleCxxPlatforms] SDK AppleSdk{name=appletvsimulator10.2, version=10.2, applePlatform=ApplePlatform{name=appletvsimulator, swiftName=tvos, architectures=[x86_64], minVersionFlagPrefix=-mtvos-simulator-version-min=, appIncludesFrameworks=false}, architectures=[x86_64], toolchains=[AppleToolchain{identifier=com.apple.dt.toolchain.XcodeDefault, path=/Applications/Xcode.app/Contents/Developer/Toolchains/XcodeDefault.xctoolchain}]} using default version 10.2
[2017-07-18 00:51:43.103][debug][command:1334dde5-8144-4e91-88d5-d1fe49edb188][tid:23][com.facebook.buck.apple.AppleCxxPlatforms] Xcode build version is: 8E3004b
[2017-07-18 00:51:43.109][warn ][command:1334dde5-8144-4e91-88d5-d1fe49edb188][tid:23][com.facebook.buck.apple.AppleCxxPlatforms] /Applications/Xcode.app/Contents/Developer/Platforms/AppleTVSimulator.platform/version.plist does not exist. Build version will be unset for this platform.
[2017-07-18 00:51:43.110][debug][command:1334dde5-8144-4e91-88d5-d1fe49edb188][tid:23][com.facebook.buck.apple.AppleCxxPlatforms] Apple toolchain path: /Applications/Xcode.app/Contents/Developer/Toolchains/XcodeDefault.xctoolchain
[2017-07-18 00:51:43.111][debug][command:1334dde5-8144-4e91-88d5-d1fe49edb188][tid:23][com.facebook.buck.apple.AppleCxxPlatforms] Headers verification platform whitelist: [^\Q/Applications/Xcode.app/Contents/Developer/Platforms/AppleTVSimulator.platform/Developer/Library/Frameworks\E\/.*, ^\Q/Applications/Xcode.app/Contents/Developer/Platforms/AppleTVSimulator.platform/Developer/SDKs/AppleTVSimulator.sdk\E\/.*, ^\Q/Applications/Xcode.app/Contents/Developer/Toolchains/XcodeDefault.xctoolchain\E\/.*]
[2017-07-18 00:51:43.113][debug][command:1334dde5-8144-4e91-88d5-d1fe49edb188][tid:23][com.facebook.buck.apple.AppleCxxPlatforms] SDK AppleSdk{name=iphoneos10.3, version=10.3, applePlatform=ApplePlatform{name=iphoneos, swiftName=ios, provisioningProfileName=iOS, architectures=[armv7, arm64], minVersionFlagPrefix=-mios-version-min=, stubBinaryPath=Library/Application Support/WatchKit/WK, appIncludesFrameworks=false}, architectures=[armv7, arm64], toolchains=[AppleToolchain{identifier=com.apple.dt.toolchain.XcodeDefault, path=/Applications/Xcode.app/Contents/Developer/Toolchains/XcodeDefault.xctoolchain}]} using default version 10.3
[2017-07-18 00:51:43.115][debug][command:1334dde5-8144-4e91-88d5-d1fe49edb188][tid:23][com.facebook.buck.apple.AppleCxxPlatforms] Xcode build version is: 8E3004b
[2017-07-18 00:51:43.122][debug][command:1334dde5-8144-4e91-88d5-d1fe49edb188][tid:23][com.facebook.buck.apple.AppleCxxPlatforms] Apple toolchain path: /Applications/Xcode.app/Contents/Developer/Toolchains/XcodeDefault.xctoolchain
[2017-07-18 00:51:43.123][debug][command:1334dde5-8144-4e91-88d5-d1fe49edb188][tid:23][com.facebook.buck.apple.AppleCxxPlatforms] Headers verification platform whitelist: [^\Q/Applications/Xcode.app/Contents/Developer/Platforms/iPhoneOS.platform/Developer/Library/Frameworks\E\/.*, ^\Q/Applications/Xcode.app/Contents/Developer/Platforms/iPhoneOS.platform/Developer/SDKs/iPhoneOS.sdk\E\/.*, ^\Q/Applications/Xcode.app/Contents/Developer/Toolchains/XcodeDefault.xctoolchain\E\/.*]
[2017-07-18 00:51:43.127][debug][command:1334dde5-8144-4e91-88d5-d1fe49edb188][tid:23][com.facebook.buck.apple.AppleCxxPlatforms] Xcode build version is: 8E3004b
[2017-07-18 00:51:43.133][debug][command:1334dde5-8144-4e91-88d5-d1fe49edb188][tid:23][com.facebook.buck.apple.AppleCxxPlatforms] Apple toolchain path: /Applications/Xcode.app/Contents/Developer/Toolchains/XcodeDefault.xctoolchain
[2017-07-18 00:51:43.134][debug][command:1334dde5-8144-4e91-88d5-d1fe49edb188][tid:23][com.facebook.buck.apple.AppleCxxPlatforms] Headers verification platform whitelist: [^\Q/Applications/Xcode.app/Contents/Developer/Platforms/iPhoneOS.platform/Developer/Library/Frameworks\E\/.*, ^\Q/Applications/Xcode.app/Contents/Developer/Platforms/iPhoneOS.platform/Developer/SDKs/iPhoneOS.sdk\E\/.*, ^\Q/Applications/Xcode.app/Contents/Developer/Toolchains/XcodeDefault.xctoolchain\E\/.*]
[2017-07-18 00:51:43.136][debug][command:1334dde5-8144-4e91-88d5-d1fe49edb188][tid:23][com.facebook.buck.apple.AppleCxxPlatforms] SDK AppleSdk{name=iphonesimulator10.3, version=10.3, applePlatform=ApplePlatform{name=iphonesimulator, swiftName=ios, architectures=[i386, x86_64], minVersionFlagPrefix=-mios-simulator-version-min=, stubBinaryPath=Library/Application Support/WatchKit/WK, appIncludesFrameworks=false}, architectures=[i386, x86_64], toolchains=[AppleToolchain{identifier=com.apple.dt.toolchain.XcodeDefault, path=/Applications/Xcode.app/Contents/Developer/Toolchains/XcodeDefault.xctoolchain}]} using default version 10.3
[2017-07-18 00:51:43.140][debug][command:1334dde5-8144-4e91-88d5-d1fe49edb188][tid:23][com.facebook.buck.apple.AppleCxxPlatforms] Xcode build version is: 8E3004b
[2017-07-18 00:51:43.148][warn ][command:1334dde5-8144-4e91-88d5-d1fe49edb188][tid:23][com.facebook.buck.apple.AppleCxxPlatforms] /Applications/Xcode.app/Contents/Developer/Platforms/iPhoneSimulator.platform/version.plist does not exist. Build version will be unset for this platform.
[2017-07-18 00:51:43.148][debug][command:1334dde5-8144-4e91-88d5-d1fe49edb188][tid:23][com.facebook.buck.apple.AppleCxxPlatforms] Apple toolchain path: /Applications/Xcode.app/Contents/Developer/Toolchains/XcodeDefault.xctoolchain
[2017-07-18 00:51:43.149][debug][command:1334dde5-8144-4e91-88d5-d1fe49edb188][tid:23][com.facebook.buck.apple.AppleCxxPlatforms] Headers verification platform whitelist: [^\Q/Applications/Xcode.app/Contents/Developer/Platforms/iPhoneSimulator.platform/Developer/Library/Frameworks\E\/.*, ^\Q/Applications/Xcode.app/Contents/Developer/Platforms/iPhoneSimulator.platform/Developer/SDKs/iPhoneSimulator.sdk\E\/.*, ^\Q/Applications/Xcode.app/Contents/Developer/Toolchains/XcodeDefault.xctoolchain\E\/.*]
[2017-07-18 00:51:43.152][debug][command:1334dde5-8144-4e91-88d5-d1fe49edb188][tid:23][com.facebook.buck.apple.AppleCxxPlatforms] Xcode build version is: 8E3004b
[2017-07-18 00:51:43.156][warn ][command:1334dde5-8144-4e91-88d5-d1fe49edb188][tid:23][com.facebook.buck.apple.AppleCxxPlatforms] /Applications/Xcode.app/Contents/Developer/Platforms/iPhoneSimulator.platform/version.plist does not exist. Build version will be unset for this platform.
[2017-07-18 00:51:43.157][debug][command:1334dde5-8144-4e91-88d5-d1fe49edb188][tid:23][com.facebook.buck.apple.AppleCxxPlatforms] Apple toolchain path: /Applications/Xcode.app/Contents/Developer/Toolchains/XcodeDefault.xctoolchain
[2017-07-18 00:51:43.157][debug][command:1334dde5-8144-4e91-88d5-d1fe49edb188][tid:23][com.facebook.buck.apple.AppleCxxPlatforms] Headers verification platform whitelist: [^\Q/Applications/Xcode.app/Contents/Developer/Platforms/iPhoneSimulator.platform/Developer/Library/Frameworks\E\/.*, ^\Q/Applications/Xcode.app/Contents/Developer/Platforms/iPhoneSimulator.platform/Developer/SDKs/iPhoneSimulator.sdk\E\/.*, ^\Q/Applications/Xcode.app/Contents/Developer/Toolchains/XcodeDefault.xctoolchain\E\/.*]
[2017-07-18 00:51:43.159][debug][command:1334dde5-8144-4e91-88d5-d1fe49edb188][tid:23][com.facebook.buck.apple.AppleCxxPlatforms] SDK AppleSdk{name=macosx10.12, version=10.12, applePlatform=ApplePlatform{name=macosx, architectures=[i386, x86_64], minVersionFlagPrefix=-mmacosx-version-min=, appIncludesFrameworks=true}, architectures=[i386, x86_64], toolchains=[AppleToolchain{identifier=com.apple.dt.toolchain.XcodeDefault, path=/Applications/Xcode.app/Contents/Developer/Toolchains/XcodeDefault.xctoolchain}]} using default version 10.12
[2017-07-18 00:51:43.161][debug][command:1334dde5-8144-4e91-88d5-d1fe49edb188][tid:23][com.facebook.buck.apple.AppleCxxPlatforms] Xcode build version is: 8E3004b
[2017-07-18 00:51:43.169][warn ][command:1334dde5-8144-4e91-88d5-d1fe49edb188][tid:23][com.facebook.buck.apple.AppleCxxPlatforms] In /Applications/Xcode.app/Contents/Developer/Platforms/MacOSX.platform/version.plist, missing ProductBuildVersion. Build version will be unset for this platform.
[2017-07-18 00:51:43.169][debug][command:1334dde5-8144-4e91-88d5-d1fe49edb188][tid:23][com.facebook.buck.apple.AppleCxxPlatforms] Apple toolchain path: /Applications/Xcode.app/Contents/Developer/Toolchains/XcodeDefault.xctoolchain
[2017-07-18 00:51:43.170][debug][command:1334dde5-8144-4e91-88d5-d1fe49edb188][tid:23][com.facebook.buck.apple.AppleCxxPlatforms] Headers verification platform whitelist: [^\Q/Applications/Xcode.app/Contents/Developer/Platforms/MacOSX.platform/Developer/Library/Frameworks\E\/.*, ^\Q/Applications/Xcode.app/Contents/Developer/Platforms/MacOSX.platform/Developer/SDKs/MacOSX.sdk\E\/.*, ^\Q/Applications/Xcode.app/Contents/Developer/Toolchains/XcodeDefault.xctoolchain\E\/.*]
[2017-07-18 00:51:43.174][debug][command:1334dde5-8144-4e91-88d5-d1fe49edb188][tid:23][com.facebook.buck.apple.AppleCxxPlatforms] Xcode build version is: 8E3004b
[2017-07-18 00:51:43.178][warn ][command:1334dde5-8144-4e91-88d5-d1fe49edb188][tid:23][com.facebook.buck.apple.AppleCxxPlatforms] In /Applications/Xcode.app/Contents/Developer/Platforms/MacOSX.platform/version.plist, missing ProductBuildVersion. Build version will be unset for this platform.
[2017-07-18 00:51:43.178][debug][command:1334dde5-8144-4e91-88d5-d1fe49edb188][tid:23][com.facebook.buck.apple.AppleCxxPlatforms] Apple toolchain path: /Applications/Xcode.app/Contents/Developer/Toolchains/XcodeDefault.xctoolchain
[2017-07-18 00:51:43.179][debug][command:1334dde5-8144-4e91-88d5-d1fe49edb188][tid:23][com.facebook.buck.apple.AppleCxxPlatforms] Headers verification platform whitelist: [^\Q/Applications/Xcode.app/Contents/Developer/Platforms/MacOSX.platform/Developer/Library/Frameworks\E\/.*, ^\Q/Applications/Xcode.app/Contents/Developer/Platforms/MacOSX.platform/Developer/SDKs/MacOSX.sdk\E\/.*, ^\Q/Applications/Xcode.app/Contents/Developer/Toolchains/XcodeDefault.xctoolchain\E\/.*]
[2017-07-18 00:51:43.181][debug][command:1334dde5-8144-4e91-88d5-d1fe49edb188][tid:23][com.facebook.buck.apple.AppleCxxPlatforms] SDK AppleSdk{name=watchos3.2, version=3.2, applePlatform=ApplePlatform{name=watchos, provisioningProfileName=iOS, architectures=[armv7k], minVersionFlagPrefix=-mwatchos-version-min=, stubBinaryPath=Library/Application Support/WatchKit/WK, appIncludesFrameworks=false}, architectures=[armv7k], toolchains=[AppleToolchain{identifier=com.apple.dt.toolchain.XcodeDefault, path=/Applications/Xcode.app/Contents/Developer/Toolchains/XcodeDefault.xctoolchain}]} using default version 3.2
[2017-07-18 00:51:43.182][debug][command:1334dde5-8144-4e91-88d5-d1fe49edb188][tid:23][com.facebook.buck.apple.AppleCxxPlatforms] Xcode build version is: 8E3004b
[2017-07-18 00:51:43.189][debug][command:1334dde5-8144-4e91-88d5-d1fe49edb188][tid:23][com.facebook.buck.apple.AppleCxxPlatforms] Apple toolchain path: /Applications/Xcode.app/Contents/Developer/Toolchains/XcodeDefault.xctoolchain
[2017-07-18 00:51:43.189][debug][command:1334dde5-8144-4e91-88d5-d1fe49edb188][tid:23][com.facebook.buck.apple.AppleCxxPlatforms] Headers verification platform whitelist: [^\Q/Applications/Xcode.app/Contents/Developer/Platforms/WatchOS.platform/Developer/Library/Frameworks\E\/.*, ^\Q/Applications/Xcode.app/Contents/Developer/Platforms/WatchOS.platform/Developer/SDKs/WatchOS.sdk\E\/.*, ^\Q/Applications/Xcode.app/Contents/Developer/Toolchains/XcodeDefault.xctoolchain\E\/.*]
[2017-07-18 00:51:43.192][debug][command:1334dde5-8144-4e91-88d5-d1fe49edb188][tid:23][com.facebook.buck.apple.AppleCxxPlatforms] SDK AppleSdk{name=watchsimulator3.2, version=3.2, applePlatform=ApplePlatform{name=watchsimulator, architectures=[i386], minVersionFlagPrefix=-mwatchos-simulator-version-min=, stubBinaryPath=Library/Application Support/WatchKit/WK, appIncludesFrameworks=false}, architectures=[i386], toolchains=[AppleToolchain{identifier=com.apple.dt.toolchain.XcodeDefault, path=/Applications/Xcode.app/Contents/Developer/Toolchains/XcodeDefault.xctoolchain}]} using default version 3.2
[2017-07-18 00:51:43.193][debug][command:1334dde5-8144-4e91-88d5-d1fe49edb188][tid:23][com.facebook.buck.apple.AppleCxxPlatforms] Xcode build version is: 8E3004b
[2017-07-18 00:51:43.200][debug][command:1334dde5-8144-4e91-88d5-d1fe49edb188][tid:23][com.facebook.buck.apple.AppleCxxPlatforms] Apple toolchain path: /Applications/Xcode.app/Contents/Developer/Toolchains/XcodeDefault.xctoolchain
[2017-07-18 00:51:43.201][debug][command:1334dde5-8144-4e91-88d5-d1fe49edb188][tid:23][com.facebook.buck.apple.AppleCxxPlatforms] Headers verification platform whitelist: [^\Q/Applications/Xcode.app/Contents/Developer/Platforms/WatchSimulator.platform/Developer/Library/Frameworks\E\/.*, ^\Q/Applications/Xcode.app/Contents/Developer/Platforms/WatchSimulator.platform/Developer/SDKs/WatchSimulator.sdk\E\/.*, ^\Q/Applications/Xcode.app/Contents/Developer/Toolchains/XcodeDefault.xctoolchain\E\/.*]
[2017-07-18 00:51:43.202][debug][command:1334dde5-8144-4e91-88d5-d1fe49edb188][tid:23][com.facebook.buck.apple.AppleCxxPlatforms] SDK AppleSdk{name=appletvos, version=10.2, applePlatform=ApplePlatform{name=appletvos, provisioningProfileName=tvOS, architectures=[arm64], minVersionFlagPrefix=-mtvos-version-min=, appIncludesFrameworks=false}, architectures=[arm64], toolchains=[AppleToolchain{identifier=com.apple.dt.toolchain.XcodeDefault, path=/Applications/Xcode.app/Contents/Developer/Toolchains/XcodeDefault.xctoolchain}]} using default version 10.2
[2017-07-18 00:51:43.204][debug][command:1334dde5-8144-4e91-88d5-d1fe49edb188][tid:23][com.facebook.buck.apple.AppleCxxPlatforms] Xcode build version is: 8E3004b
[2017-07-18 00:51:43.208][debug][command:1334dde5-8144-4e91-88d5-d1fe49edb188][tid:23][com.facebook.buck.apple.AppleCxxPlatforms] Apple toolchain path: /Applications/Xcode.app/Contents/Developer/Toolchains/XcodeDefault.xctoolchain
[2017-07-18 00:51:43.209][debug][command:1334dde5-8144-4e91-88d5-d1fe49edb188][tid:23][com.facebook.buck.apple.AppleCxxPlatforms] Headers verification platform whitelist: [^\Q/Applications/Xcode.app/Contents/Developer/Platforms/AppleTVOS.platform/Developer/Library/Frameworks\E\/.*, ^\Q/Applications/Xcode.app/Contents/Developer/Platforms/AppleTVOS.platform/Developer/SDKs/AppleTVOS.sdk\E\/.*, ^\Q/Applications/Xcode.app/Contents/Developer/Toolchains/XcodeDefault.xctoolchain\E\/.*]
[2017-07-18 00:51:43.211][debug][command:1334dde5-8144-4e91-88d5-d1fe49edb188][tid:23][com.facebook.buck.apple.AppleCxxPlatforms] SDK AppleSdk{name=appletvsimulator, version=10.2, applePlatform=ApplePlatform{name=appletvsimulator, swiftName=tvos, architectures=[x86_64], minVersionFlagPrefix=-mtvos-simulator-version-min=, appIncludesFrameworks=false}, architectures=[x86_64], toolchains=[AppleToolchain{identifier=com.apple.dt.toolchain.XcodeDefault, path=/Applications/Xcode.app/Contents/Developer/Toolchains/XcodeDefault.xctoolchain}]} using default version 10.2
[2017-07-18 00:51:43.213][debug][command:1334dde5-8144-4e91-88d5-d1fe49edb188][tid:23][com.facebook.buck.apple.AppleCxxPlatforms] Xcode build version is: 8E3004b
[2017-07-18 00:51:43.215][warn ][command:1334dde5-8144-4e91-88d5-d1fe49edb188][tid:23][com.facebook.buck.apple.AppleCxxPlatforms] /Applications/Xcode.app/Contents/Developer/Platforms/AppleTVSimulator.platform/version.plist does not exist. Build version will be unset for this platform.
[2017-07-18 00:51:43.215][debug][command:1334dde5-8144-4e91-88d5-d1fe49edb188][tid:23][com.facebook.buck.apple.AppleCxxPlatforms] Apple toolchain path: /Applications/Xcode.app/Contents/Developer/Toolchains/XcodeDefault.xctoolchain
[2017-07-18 00:51:43.216][debug][command:1334dde5-8144-4e91-88d5-d1fe49edb188][tid:23][com.facebook.buck.apple.AppleCxxPlatforms] Headers verification platform whitelist: [^\Q/Applications/Xcode.app/Contents/Developer/Platforms/AppleTVSimulator.platform/Developer/Library/Frameworks\E\/.*, ^\Q/Applications/Xcode.app/Contents/Developer/Platforms/AppleTVSimulator.platform/Developer/SDKs/AppleTVSimulator.sdk\E\/.*, ^\Q/Applications/Xcode.app/Contents/Developer/Toolchains/XcodeDefault.xctoolchain\E\/.*]
[2017-07-18 00:51:43.218][debug][command:1334dde5-8144-4e91-88d5-d1fe49edb188][tid:23][com.facebook.buck.apple.AppleCxxPlatforms] SDK AppleSdk{name=iphoneos, version=10.3, applePlatform=ApplePlatform{name=iphoneos, swiftName=ios, provisioningProfileName=iOS, architectures=[armv7, arm64], minVersionFlagPrefix=-mios-version-min=, stubBinaryPath=Library/Application Support/WatchKit/WK, appIncludesFrameworks=false}, architectures=[armv7, arm64], toolchains=[AppleToolchain{identifier=com.apple.dt.toolchain.XcodeDefault, path=/Applications/Xcode.app/Contents/Developer/Toolchains/XcodeDefault.xctoolchain}]} using default version 10.3
[2017-07-18 00:51:43.219][debug][command:1334dde5-8144-4e91-88d5-d1fe49edb188][tid:23][com.facebook.buck.apple.AppleCxxPlatforms] Xcode build version is: 8E3004b
[2017-07-18 00:51:43.223][debug][command:1334dde5-8144-4e91-88d5-d1fe49edb188][tid:23][com.facebook.buck.apple.AppleCxxPlatforms] Apple toolchain path: /Applications/Xcode.app/Contents/Developer/Toolchains/XcodeDefault.xctoolchain
[2017-07-18 00:51:43.224][debug][command:1334dde5-8144-4e91-88d5-d1fe49edb188][tid:23][com.facebook.buck.apple.AppleCxxPlatforms] Headers verification platform whitelist: [^\Q/Applications/Xcode.app/Contents/Developer/Platforms/iPhoneOS.platform/Developer/Library/Frameworks\E\/.*, ^\Q/Applications/Xcode.app/Contents/Developer/Platforms/iPhoneOS.platform/Developer/SDKs/iPhoneOS.sdk\E\/.*, ^\Q/Applications/Xcode.app/Contents/Developer/Toolchains/XcodeDefault.xctoolchain\E\/.*]
[2017-07-18 00:51:43.226][debug][command:1334dde5-8144-4e91-88d5-d1fe49edb188][tid:23][com.facebook.buck.apple.AppleCxxPlatforms] Xcode build version is: 8E3004b
[2017-07-18 00:51:43.230][debug][command:1334dde5-8144-4e91-88d5-d1fe49edb188][tid:23][com.facebook.buck.apple.AppleCxxPlatforms] Apple toolchain path: /Applications/Xcode.app/Contents/Developer/Toolchains/XcodeDefault.xctoolchain
[2017-07-18 00:51:43.231][debug][command:1334dde5-8144-4e91-88d5-d1fe49edb188][tid:23][com.facebook.buck.apple.AppleCxxPlatforms] Headers verification platform whitelist: [^\Q/Applications/Xcode.app/Contents/Developer/Platforms/iPhoneOS.platform/Developer/Library/Frameworks\E\/.*, ^\Q/Applications/Xcode.app/Contents/Developer/Platforms/iPhoneOS.platform/Developer/SDKs/iPhoneOS.sdk\E\/.*, ^\Q/Applications/Xcode.app/Contents/Developer/Toolchains/XcodeDefault.xctoolchain\E\/.*]
[2017-07-18 00:51:43.233][debug][command:1334dde5-8144-4e91-88d5-d1fe49edb188][tid:23][com.facebook.buck.apple.AppleCxxPlatforms] SDK AppleSdk{name=iphonesimulator, version=10.3, applePlatform=ApplePlatform{name=iphonesimulator, swiftName=ios, architectures=[i386, x86_64], minVersionFlagPrefix=-mios-simulator-version-min=, stubBinaryPath=Library/Application Support/WatchKit/WK, appIncludesFrameworks=false}, architectures=[i386, x86_64], toolchains=[AppleToolchain{identifier=com.apple.dt.toolchain.XcodeDefault, path=/Applications/Xcode.app/Contents/Developer/Toolchains/XcodeDefault.xctoolchain}]} using default version 10.3
[2017-07-18 00:51:43.234][debug][command:1334dde5-8144-4e91-88d5-d1fe49edb188][tid:23][com.facebook.buck.apple.AppleCxxPlatforms] Xcode build version is: 8E3004b
[2017-07-18 00:51:43.236][warn ][command:1334dde5-8144-4e91-88d5-d1fe49edb188][tid:23][com.facebook.buck.apple.AppleCxxPlatforms] /Applications/Xcode.app/Contents/Developer/Platforms/iPhoneSimulator.platform/version.plist does not exist. Build version will be unset for this platform.
[2017-07-18 00:51:43.237][debug][command:1334dde5-8144-4e91-88d5-d1fe49edb188][tid:23][com.facebook.buck.apple.AppleCxxPlatforms] Apple toolchain path: /Applications/Xcode.app/Contents/Developer/Toolchains/XcodeDefault.xctoolchain
[2017-07-18 00:51:43.237][debug][command:1334dde5-8144-4e91-88d5-d1fe49edb188][tid:23][com.facebook.buck.apple.AppleCxxPlatforms] Headers verification platform whitelist: [^\Q/Applications/Xcode.app/Contents/Developer/Platforms/iPhoneSimulator.platform/Developer/Library/Frameworks\E\/.*, ^\Q/Applications/Xcode.app/Contents/Developer/Platforms/iPhoneSimulator.platform/Developer/SDKs/iPhoneSimulator.sdk\E\/.*, ^\Q/Applications/Xcode.app/Contents/Developer/Toolchains/XcodeDefault.xctoolchain\E\/.*]
[2017-07-18 00:51:43.240][debug][command:1334dde5-8144-4e91-88d5-d1fe49edb188][tid:23][com.facebook.buck.apple.AppleCxxPlatforms] Xcode build version is: 8E3004b
[2017-07-18 00:51:43.242][warn ][command:1334dde5-8144-4e91-88d5-d1fe49edb188][tid:23][com.facebook.buck.apple.AppleCxxPlatforms] /Applications/Xcode.app/Contents/Developer/Platforms/iPhoneSimulator.platform/version.plist does not exist. Build version will be unset for this platform.
[2017-07-18 00:51:43.244][debug][command:1334dde5-8144-4e91-88d5-d1fe49edb188][tid:23][com.facebook.buck.apple.AppleCxxPlatforms] Apple toolchain path: /Applications/Xcode.app/Contents/Developer/Toolchains/XcodeDefault.xctoolchain
[2017-07-18 00:51:43.245][debug][command:1334dde5-8144-4e91-88d5-d1fe49edb188][tid:23][com.facebook.buck.apple.AppleCxxPlatforms] Headers verification platform whitelist: [^\Q/Applications/Xcode.app/Contents/Developer/Platforms/iPhoneSimulator.platform/Developer/Library/Frameworks\E\/.*, ^\Q/Applications/Xcode.app/Contents/Developer/Platforms/iPhoneSimulator.platform/Developer/SDKs/iPhoneSimulator.sdk\E\/.*, ^\Q/Applications/Xcode.app/Contents/Developer/Toolchains/XcodeDefault.xctoolchain\E\/.*]
[2017-07-18 00:51:43.246][debug][command:1334dde5-8144-4e91-88d5-d1fe49edb188][tid:23][com.facebook.buck.apple.AppleCxxPlatforms] SDK AppleSdk{name=macosx, version=10.12, applePlatform=ApplePlatform{name=macosx, architectures=[i386, x86_64], minVersionFlagPrefix=-mmacosx-version-min=, appIncludesFrameworks=true}, architectures=[i386, x86_64], toolchains=[AppleToolchain{identifier=com.apple.dt.toolchain.XcodeDefault, path=/Applications/Xcode.app/Contents/Developer/Toolchains/XcodeDefault.xctoolchain}]} using default version 10.12
[2017-07-18 00:51:43.248][debug][command:1334dde5-8144-4e91-88d5-d1fe49edb188][tid:23][com.facebook.buck.apple.AppleCxxPlatforms] Xcode build version is: 8E3004b
[2017-07-18 00:51:43.251][warn ][command:1334dde5-8144-4e91-88d5-d1fe49edb188][tid:23][com.facebook.buck.apple.AppleCxxPlatforms] In /Applications/Xcode.app/Contents/Developer/Platforms/MacOSX.platform/version.plist, missing ProductBuildVersion. Build version will be unset for this platform.
[2017-07-18 00:51:43.252][debug][command:1334dde5-8144-4e91-88d5-d1fe49edb188][tid:23][com.facebook.buck.apple.AppleCxxPlatforms] Apple toolchain path: /Applications/Xcode.app/Contents/Developer/Toolchains/XcodeDefault.xctoolchain
[2017-07-18 00:51:43.252][debug][command:1334dde5-8144-4e91-88d5-d1fe49edb188][tid:23][com.facebook.buck.apple.AppleCxxPlatforms] Headers verification platform whitelist: [^\Q/Applications/Xcode.app/Contents/Developer/Platforms/MacOSX.platform/Developer/Library/Frameworks\E\/.*, ^\Q/Applications/Xcode.app/Contents/Developer/Platforms/MacOSX.platform/Developer/SDKs/MacOSX.sdk\E\/.*, ^\Q/Applications/Xcode.app/Contents/Developer/Toolchains/XcodeDefault.xctoolchain\E\/.*]
[2017-07-18 00:51:43.255][debug][command:1334dde5-8144-4e91-88d5-d1fe49edb188][tid:23][com.facebook.buck.apple.AppleCxxPlatforms] Xcode build version is: 8E3004b
[2017-07-18 00:51:43.258][warn ][command:1334dde5-8144-4e91-88d5-d1fe49edb188][tid:23][com.facebook.buck.apple.AppleCxxPlatforms] In /Applications/Xcode.app/Contents/Developer/Platforms/MacOSX.platform/version.plist, missing ProductBuildVersion. Build version will be unset for this platform.
[2017-07-18 00:51:43.259][debug][command:1334dde5-8144-4e91-88d5-d1fe49edb188][tid:23][com.facebook.buck.apple.AppleCxxPlatforms] Apple toolchain path: /Applications/Xcode.app/Contents/Developer/Toolchains/XcodeDefault.xctoolchain
[2017-07-18 00:51:43.259][debug][command:1334dde5-8144-4e91-88d5-d1fe49edb188][tid:23][com.facebook.buck.apple.AppleCxxPlatforms] Headers verification platform whitelist: [^\Q/Applications/Xcode.app/Contents/Developer/Platforms/MacOSX.platform/Developer/Library/Frameworks\E\/.*, ^\Q/Applications/Xcode.app/Contents/Developer/Platforms/MacOSX.platform/Developer/SDKs/MacOSX.sdk\E\/.*, ^\Q/Applications/Xcode.app/Contents/Developer/Toolchains/XcodeDefault.xctoolchain\E\/.*]
[2017-07-18 00:51:43.262][debug][command:1334dde5-8144-4e91-88d5-d1fe49edb188][tid:23][com.facebook.buck.apple.AppleCxxPlatforms] SDK AppleSdk{name=watchos, version=3.2, applePlatform=ApplePlatform{name=watchos, provisioningProfileName=iOS, architectures=[armv7k], minVersionFlagPrefix=-mwatchos-version-min=, stubBinaryPath=Library/Application Support/WatchKit/WK, appIncludesFrameworks=false}, architectures=[armv7k], toolchains=[AppleToolchain{identifier=com.apple.dt.toolchain.XcodeDefault, path=/Applications/Xcode.app/Contents/Developer/Toolchains/XcodeDefault.xctoolchain}]} using default version 3.2
[2017-07-18 00:51:43.263][debug][command:1334dde5-8144-4e91-88d5-d1fe49edb188][tid:23][com.facebook.buck.apple.AppleCxxPlatforms] Xcode build version is: 8E3004b
[2017-07-18 00:51:43.266][debug][command:1334dde5-8144-4e91-88d5-d1fe49edb188][tid:23][com.facebook.buck.apple.AppleCxxPlatforms] Apple toolchain path: /Applications/Xcode.app/Contents/Developer/Toolchains/XcodeDefault.xctoolchain
[2017-07-18 00:51:43.266][debug][command:1334dde5-8144-4e91-88d5-d1fe49edb188][tid:23][com.facebook.buck.apple.AppleCxxPlatforms] Headers verification platform whitelist: [^\Q/Applications/Xcode.app/Contents/Developer/Platforms/WatchOS.platform/Developer/Library/Frameworks\E\/.*, ^\Q/Applications/Xcode.app/Contents/Developer/Platforms/WatchOS.platform/Developer/SDKs/WatchOS.sdk\E\/.*, ^\Q/Applications/Xcode.app/Contents/Developer/Toolchains/XcodeDefault.xctoolchain\E\/.*]
[2017-07-18 00:51:43.268][debug][command:1334dde5-8144-4e91-88d5-d1fe49edb188][tid:23][com.facebook.buck.apple.AppleCxxPlatforms] SDK AppleSdk{name=watchsimulator, version=3.2, applePlatform=ApplePlatform{name=watchsimulator, architectures=[i386], minVersionFlagPrefix=-mwatchos-simulator-version-min=, stubBinaryPath=Library/Application Support/WatchKit/WK, appIncludesFrameworks=false}, architectures=[i386], toolchains=[AppleToolchain{identifier=com.apple.dt.toolchain.XcodeDefault, path=/Applications/Xcode.app/Contents/Developer/Toolchains/XcodeDefault.xctoolchain}]} using default version 3.2
[2017-07-18 00:51:43.269][debug][command:1334dde5-8144-4e91-88d5-d1fe49edb188][tid:23][com.facebook.buck.apple.AppleCxxPlatforms] Xcode build version is: 8E3004b
[2017-07-18 00:51:43.271][debug][command:1334dde5-8144-4e91-88d5-d1fe49edb188][tid:23][com.facebook.buck.apple.AppleCxxPlatforms] Apple toolchain path: /Applications/Xcode.app/Contents/Developer/Toolchains/XcodeDefault.xctoolchain
[2017-07-18 00:51:43.272][debug][command:1334dde5-8144-4e91-88d5-d1fe49edb188][tid:23][com.facebook.buck.apple.AppleCxxPlatforms] Headers verification platform whitelist: [^\Q/Applications/Xcode.app/Contents/Developer/Platforms/WatchSimulator.platform/Developer/Library/Frameworks\E\/.*, ^\Q/Applications/Xcode.app/Contents/Developer/Platforms/WatchSimulator.platform/Developer/SDKs/WatchSimulator.sdk\E\/.*, ^\Q/Applications/Xcode.app/Contents/Developer/Toolchains/XcodeDefault.xctoolchain\E\/.*]
[2017-07-18 00:51:43.288][debug][command:1334dde5-8144-4e91-88d5-d1fe49edb188][tid:23][com.facebook.buck.io.ExecutableFinder] Executable 'clang' mapped to 'Optional[/usr/bin/clang]'
[2017-07-18 00:51:43.289][debug][command:1334dde5-8144-4e91-88d5-d1fe49edb188][tid:23][com.facebook.buck.io.ExecutableFinder] Executable 'clang++' mapped to 'Optional[/usr/bin/clang++]'
[2017-07-18 00:51:43.290][debug][command:1334dde5-8144-4e91-88d5-d1fe49edb188][tid:23][com.facebook.buck.io.ExecutableFinder] Executable 'ar' mapped to 'Optional[/usr/bin/ar]'
[2017-07-18 00:51:43.294][debug][command:1334dde5-8144-4e91-88d5-d1fe49edb188][tid:23][com.facebook.buck.io.ExecutableFinder] Executable 'strip' mapped to 'Optional[/usr/bin/strip]'
[2017-07-18 00:51:43.295][debug][command:1334dde5-8144-4e91-88d5-d1fe49edb188][tid:23][com.facebook.buck.io.ExecutableFinder] Executable 'ranlib' mapped to 'Optional[/usr/bin/ranlib]'
[2017-07-18 00:51:43.298][debug][command:1334dde5-8144-4e91-88d5-d1fe49edb188][tid:23][com.facebook.buck.io.ExecutableFinder] Executable 'nm' mapped to 'Optional[/usr/bin/nm]'
[2017-07-18 00:51:43.300][debug][command:1334dde5-8144-4e91-88d5-d1fe49edb188][tid:23][com.facebook.buck.cxx.CxxPlatforms] Using config default C++ platform CxxPlatform{flavor=iphonesimulator-x86_64, as=com.facebook.buck.cxx.CompilerProvider@4cb19357, asflags=[-isysroot, /Applications/Xcode.app/Contents/Developer/Platforms/iPhoneSimulator.platform/Developer/SDKs/iPhoneSimulator.sdk, -iquote, /Users/chengxiang/Projects/muhanCoupon, -arch, x86_64, -mios-simulator-version-min=10.3], aspp=com.facebook.buck.cxx.PreprocessorProvider@412b0ca3, asppflags=[], cc=com.facebook.buck.cxx.CompilerProvider@5708ae77, cflags=[-isysroot, /Applications/Xcode.app/Contents/Developer/Platforms/iPhoneSimulator.platform/Developer/SDKs/iPhoneSimulator.sdk, -iquote, /Users/chengxiang/Projects/muhanCoupon, -arch, x86_64, -mios-simulator-version-min=10.3, -g, -std=c11], cxx=com.facebook.buck.cxx.CompilerProvider@3e0f002b, cxxflags=[-isysroot, /Applications/Xcode.app/Contents/Developer/Platforms/iPhoneSimulator.platform/Developer/SDKs/iPhoneSimulator.sdk, -iquote, /Users/chengxiang/Projects/muhanCoupon, -arch, x86_64, -mios-simulator-version-min=10.3, -g, -std=c++14], cpp=com.facebook.buck.cxx.PreprocessorProvider@7e640796, cppflags=[], cxxpp=com.facebook.buck.cxx.PreprocessorProvider@673352ed, cxxppflags=[], cudappflags=[], cudaflags=[], asmppflags=[], asmflags=[], ld=com.facebook.buck.cxx.DefaultLinkerProvider@755a336a, ldflags=[-isysroot, /Applications/Xcode.app/Contents/Developer/Platforms/iPhoneSimulator.platform/Developer/SDKs/iPhoneSimulator.sdk, -iquote, /Users/chengxiang/Projects/muhanCoupon, -arch, x86_64, -mios-simulator-version-min=10.3, -Wl,-sdk_version, -Wl,10.3, -Wl,-ObjC], runtimeLdflags={}, strip=VersionedTool{path=/Applications/Xcode.app/Contents/Developer/Toolchains/XcodeDefault.xctoolchain/usr/bin/strip, extraArgs=[], name=apple-strip, version=10.3:8E3004b}, stripFlags=[], ar=com.facebook.buck.cxx.LazyDelegatingArchiver@33126bb2, arflags=[], ranlib=com.facebook.buck.rules.LazyDelegatingTool@6d1482f1, ranlibflags=[], symbolNameTool=com.facebook.buck.cxx.LazyDelegatingSymbolNameTool@104d1184, sharedLibraryExtension=dylib, sharedLibraryVersionedExtensionFormat=%s.dylib, staticLibraryExtension=a, objectFileExtension=o, compilerDebugPathSanitizer=com.facebook.buck.cxx.PrefixMapDebugPathSanitizer@3428a184, assemblerDebugPathSanitizer=com.facebook.buck.cxx.MungingDebugPathSanitizer@14c71348, headerVerification=HeaderVerification{mode=IGNORE, whitelist=[], platformWhitelist=[^\Q/Applications/Xcode.app/Contents/Developer/Platforms/iPhoneSimulator.platform/Developer/Library/Frameworks\E\/.*, ^\Q/Applications/Xcode.app/Contents/Developer/Platforms/iPhoneSimulator.platform/Developer/SDKs/iPhoneSimulator.sdk\E\/.*, ^\Q/Applications/Xcode.app/Contents/Developer/Toolchains/XcodeDefault.xctoolchain\E\/.*], whitelistPatterns=[^\Q/Applications/Xcode.app/Contents/Developer/Platforms/iPhoneSimulator.platform/Developer/Library/Frameworks\E\/.*, ^\Q/Applications/Xcode.app/Contents/Developer/Platforms/iPhoneSimulator.platform/Developer/SDKs/iPhoneSimulator.sdk\E\/.*, ^\Q/Applications/Xcode.app/Contents/Developer/Toolchains/XcodeDefault.xctoolchain\E\/.*]}, flagMacros={SDKROOT=/Applications/Xcode.app/Contents/Developer/Platforms/iPhoneSimulator.platform/Developer/SDKs/iPhoneSimulator.sdk, PLATFORM_DIR=/Applications/Xcode.app/Contents/Developer/Platforms/iPhoneSimulator.platform, CURRENT_ARCH=x86_64, DEVELOPER_DIR=/Applications/Xcode.app/Contents/Developer}, publicHeadersSymlinksEnabled=true, privateHeadersSymlinksEnabled=true}
[2017-07-18 00:51:43.320][debug][command:1334dde5-8144-4e91-88d5-d1fe49edb188][tid:23][com.facebook.buck.io.ExecutableFinder] Executable 'python2' mapped to 'Optional.empty'
[2017-07-18 00:51:43.321][debug][command:1334dde5-8144-4e91-88d5-d1fe49edb188][tid:23][com.facebook.buck.io.ExecutableFinder] Executable 'python' mapped to 'Optional[/usr/bin/python]'
[2017-07-18 00:51:43.517][debug][command:1334dde5-8144-4e91-88d5-d1fe49edb188][tid:23][com.facebook.buck.apple.ProvisioningProfileStore] Provisioning profile search path: /Users/chengxiang/Library/MobileDevice/Provisioning Profiles
[2017-07-18 00:51:43.890][debug][command:1334dde5-8144-4e91-88d5-d1fe49edb188][tid:23][com.facebook.buck.json.BuckPythonProgram] Writing python rules stub to /Users/chengxiang/Projects/muhanCoupon/buck-out/tmp/buck_run.PfJoac/buck_python_program471795068226313008.
[2017-07-18 00:51:44.395][debug][command:1334dde5-8144-4e91-88d5-d1fe49edb188][tid:23][com.facebook.buck.json.BuckPythonProgram] Created temporary buck.py instance at /Users/chengxiang/Projects/muhanCoupon/buck-out/tmp/buck_run.PfJoac/buck_python_program471795068226313008.
[2017-07-18 00:51:44.409][debug][command:1334dde5-8144-4e91-88d5-d1fe49edb188][tid:23][com.facebook.buck.json.ProjectBuildFileParser] Starting buck.py command: [/usr/bin/python, -u, /Users/chengxiang/Projects/muhanCoupon/buck-out/tmp/buck_run.PfJoac/buck_python_program471795068226313008/__main__.py, --allow_empty_globs, --watchman_glob_stat_results, --project_root, /Users/chengxiang/Projects/muhanCoupon, --cell_name, , --build_file_name, BUCK, --quiet, --config, /Users/chengxiang/Projects/muhanCoupon/buck-out/tmp/buck_run.PfJoac/raw_config5928100573424454764.json, --ignore_paths, /Users/chengxiang/Projects/muhanCoupon/buck-out/tmp/buck_run.PfJoac/ignore_paths6461757875708482081.json] environment: Optional[{PATH=/usr/local/bin:/usr/bin:/bin:/usr/sbin:/sbin:/usr/local/share/dotnet:/Library/Frameworks/Mono.framework/Versions/Current/Commands, JAVA_ARCH=x86_64, BUCK_CLASSPATH=/Users/chengxiang/Projects/muhanCoupon/.buckd/resources/v2017.05.09.01/buck_server, JAVA_MAIN_CLASS_51859=com.facebook.buck.cli.bootstrapper.ClassLoaderBootstrapper, TERM=xterm-256color, COMMAND_MODE=unix2003, ITERM_SESSION_ID=w1t0p0:C5C33AB9-9C8B-457B-A6CC-98ADE4D0C623, VERSIONER_PYTHON_VERSION=2.7, BUCK_BUILD_ID=1334dde5-8144-4e91-88d5-d1fe49edb188, LOGNAME=chengxiang, PWD=/Users/chengxiang/Projects/muhanCoupon, XPC_SERVICE_NAME=0, TERM_PROGRAM_VERSION=3.0.15, _=/usr/local/bin/buck, SHELL=/bin/bash, TERM_PROGRAM=iTerm.app, BUCK_PYTHON_SPACE_INIT_TIME=2, OLDPWD=/Users/chengxiang/Projects, SECURITYSESSIONID=186a7, USER=chengxiang, VERSIONER_PYTHON_PREFER_32_BIT=no, CLASSPATH=/Users/chengxiang/Projects/muhanCoupon/.buckd/resources/v2017.05.09.01/bootstrapper_jar, ITERM_PROFILE=Default, TMPDIR=/var/folders/v2/h1_yzm2d38l4yql994gm360c0000gn/T/, SSH_AUTH_SOCK=/private/tmp/com.apple.launchd.RhYFFqIfBl/Listeners, XPC_FLAGS=0x0, TERM_SESSION_ID=w1t0p0:C5C33AB9-9C8B-457B-A6CC-98ADE4D0C623, BUCK_TTY=1, __CF_USER_TEXT_ENCODING=0x1F5:0x0:0x0, Apple_PubSub_Socket_Render=/private/tmp/com.apple.launchd.Tb3ULPP6rJ/Render, com.apple.java.jvmTask=CommandLine, COLORFGBG=7;0, LC_CTYPE=UTF-8, SHLVL=1, HOME=/Users/chengxiang}]
[2017-07-18 00:51:44.417][debug][command:1334dde5-8144-4e91-88d5-d1fe49edb188][tid:23][com.facebook.buck.json.ProjectBuildFileParser] Started process com.facebook.buck.util.ProcessExecutor$LaunchedProcessImpl@19f43ade successfully
[2017-07-18 00:51:44.912][debug][command:null][tid:31][com.facebook.buck.json.ProjectBuildFileParser] Closing buck.py process stdin
[2017-07-18 00:51:44.912][debug][command:null][tid:31][com.facebook.buck.json.ProjectBuildFileParser] Closing buck.py process stdin
[2017-07-18 00:51:44.939][debug][command:1334dde5-8144-4e91-88d5-d1fe49edb188][tid:01][com.facebook.buck.util.PkillProcessManager] Checking if Xcode is running...
[2017-07-18 00:51:44.940][debug][command:null][tid:31][com.facebook.buck.json.ProjectBuildFileParser] Waiting for process com.facebook.buck.util.ProcessExecutor$LaunchedProcessImpl@19f43ade to exit...
[2017-07-18 00:51:44.940][debug][command:null][tid:31][com.facebook.buck.json.ProjectBuildFileParser] Waiting for process com.facebook.buck.util.ProcessExecutor$LaunchedProcessImpl@19f43ade to exit...
[2017-07-18 00:51:44.941][debug][command:null][tid:31][com.facebook.buck.json.ProjectBuildFileParser] Process com.facebook.buck.util.ProcessExecutor$LaunchedProcessImpl@19f43ade exited cleanly.
[2017-07-18 00:51:44.941][debug][command:null][tid:31][com.facebook.buck.json.ProjectBuildFileParser] Process com.facebook.buck.util.ProcessExecutor$LaunchedProcessImpl@19f43ade exited cleanly.
[2017-07-18 00:51:44.975][debug][command:1334dde5-8144-4e91-88d5-d1fe49edb188][tid:01][com.facebook.buck.util.PkillProcessManager] Process Xcode is not running
[2017-07-18 00:51:44.975][debug][command:1334dde5-8144-4e91-88d5-d1fe49edb188][tid:01][com.facebook.buck.apple.project_generator.XCodeProjectCommandHelper] Xcode is not running.
[2017-07-18 00:51:45.012][debug][command:1334dde5-8144-4e91-88d5-d1fe49edb188][tid:01][com.facebook.buck.apple.project_generator.XCodeProjectCommandHelper] Generating workspace for config targets [//:muhanCoupon]
[2017-07-18 00:51:45.019][debug][command:1334dde5-8144-4e91-88d5-d1fe49edb188][tid:01][com.facebook.buck.apple.project_generator.WorkspaceAndProjectGenerator] Generating workspace for target //:muhanCoupon
[2017-07-18 00:51:45.032][debug][command:1334dde5-8144-4e91-88d5-d1fe49edb188][tid:01][com.facebook.buck.apple.project_generator.WorkspaceAndProjectGenerator] Adding scheme muhanCoupon
[2017-07-18 00:51:45.042][debug][command:1334dde5-8144-4e91-88d5-d1fe49edb188][tid:01][com.facebook.buck.apple.project_generator.WorkspaceAndProjectGenerator] Getting ordered test target nodes for [//:muhanCoupon]
[2017-07-18 00:51:45.054][debug][command:null][tid:34][com.facebook.buck.apple.project_generator.WorkspaceAndProjectGenerator] Generating project for directory  with targets [//:muhanCouponResources, //:muhanCoupon]
[2017-07-18 00:51:45.054][debug][command:null][tid:34][com.facebook.buck.apple.project_generator.WorkspaceAndProjectGenerator] Generating project for directory  with targets [//:muhanCouponResources, //:muhanCoupon]
[2017-07-18 00:51:45.061][debug][command:null][tid:34][com.facebook.buck.apple.project_generator.ProjectGenerator] Output directory , profile fs root path /Users/chengxiang/Projects/muhanCoupon, repo root relative to output dir .
[2017-07-18 00:51:45.061][debug][command:null][tid:34][com.facebook.buck.apple.project_generator.ProjectGenerator] Output directory , profile fs root path /Users/chengxiang/Projects/muhanCoupon, repo root relative to output dir .
[2017-07-18 00:51:45.075][debug][command:null][tid:34][com.facebook.buck.apple.project_generator.ProjectGenerator] Creating projects for targets [//:muhanCouponResources, //:muhanCoupon]
[2017-07-18 00:51:45.075][debug][command:null][tid:34][com.facebook.buck.apple.project_generator.ProjectGenerator] Creating projects for targets [//:muhanCouponResources, //:muhanCoupon]
[2017-07-18 00:51:45.076][debug][command:null][tid:34][com.facebook.buck.apple.project_generator.ProjectGenerator] Including rule //:muhanCouponResources in project
[2017-07-18 00:51:45.076][debug][command:null][tid:34][com.facebook.buck.apple.project_generator.ProjectGenerator] Including rule //:muhanCouponResources in project
[2017-07-18 00:51:45.077][debug][command:null][tid:34][com.facebook.buck.apple.project_generator.ProjectGenerator] Including rule //:muhanCoupon in project
[2017-07-18 00:51:45.077][debug][command:null][tid:34][com.facebook.buck.apple.project_generator.ProjectGenerator] Including rule //:muhanCoupon in project
[2017-07-18 00:51:45.087][debug][command:null][tid:34][com.facebook.buck.apple.project_generator.ProjectGenerator] Generating binary target for node //:muhanCouponBinary
[2017-07-18 00:51:45.087][debug][command:null][tid:34][com.facebook.buck.apple.project_generator.ProjectGenerator] Generating binary target for node //:muhanCouponBinary
[2017-07-18 00:51:45.136][debug][command:null][tid:34][com.facebook.buck.apple.project_generator.NewNativeTargetProjectMutator] Added resources build phase com.facebook.buck.apple.xcode.xcodeproj.PBXResourcesBuildPhase@473935b3 isa=PBXResourcesBuildPhase gid=null
[2017-07-18 00:51:45.136][debug][command:null][tid:34][com.facebook.buck.apple.project_generator.NewNativeTargetProjectMutator] Added resources build phase com.facebook.buck.apple.xcode.xcodeproj.PBXResourcesBuildPhase@473935b3 isa=PBXResourcesBuildPhase gid=null
[2017-07-18 00:51:45.172][debug][command:null][tid:34][com.facebook.buck.apple.project_generator.CxxPlatformXcodeConfigGenerator] Cannot determine value of CLANG_CXX_LIBRARY
[2017-07-18 00:51:45.172][debug][command:null][tid:34][com.facebook.buck.apple.project_generator.CxxPlatformXcodeConfigGenerator] Cannot determine value of CLANG_CXX_LIBRARY
[2017-07-18 00:51:45.183][debug][command:null][tid:34][com.facebook.buck.apple.project_generator.ProjectGenerator] Symlink tree at buck-out/gen/_p/zM2oZvPDGJ-pub is up to date, not regenerating (key 0931b625aca4ff08191d2c1f85e1b658c22959bd).
[2017-07-18 00:51:45.183][debug][command:null][tid:34][com.facebook.buck.apple.project_generator.ProjectGenerator] Symlink tree at buck-out/gen/_p/zM2oZvPDGJ-pub is up to date, not regenerating (key 0931b625aca4ff08191d2c1f85e1b658c22959bd).
[2017-07-18 00:51:45.185][debug][command:null][tid:34][com.facebook.buck.apple.project_generator.ProjectGenerator] Symlink tree at buck-out/gen/_p/zM2oZvPDGJ-priv is up to date, not regenerating (key c02105097e0ef0c8a6556bcfc8ed77897a8782ff).
[2017-07-18 00:51:45.185][debug][command:null][tid:34][com.facebook.buck.apple.project_generator.ProjectGenerator] Symlink tree at buck-out/gen/_p/zM2oZvPDGJ-priv is up to date, not regenerating (key c02105097e0ef0c8a6556bcfc8ed77897a8782ff).
[2017-07-18 00:51:45.186][debug][command:null][tid:34][com.facebook.buck.apple.project_generator.ProjectGenerator] Generated iOS bundle target com.facebook.buck.apple.xcode.xcodeproj.PBXNativeTarget@614045c5 isa=PBXNativeTarget gid=null
[2017-07-18 00:51:45.186][debug][command:null][tid:34][com.facebook.buck.apple.project_generator.ProjectGenerator] Generated iOS bundle target com.facebook.buck.apple.xcode.xcodeproj.PBXNativeTarget@614045c5 isa=PBXNativeTarget gid=null
[2017-07-18 00:51:45.206][debug][command:null][tid:34][com.facebook.buck.apple.project_generator.ProjectGenerator] Regenerating project at Project.xcodeproj/project.pbxproj
[2017-07-18 00:51:45.206][debug][command:null][tid:34][com.facebook.buck.apple.project_generator.ProjectGenerator] Regenerating project at Project.xcodeproj/project.pbxproj
[2017-07-18 00:51:45.215][debug][command:1334dde5-8144-4e91-88d5-d1fe49edb188][tid:01][com.facebook.buck.apple.project_generator.SchemeGenerator] Generating scheme with build targets [com.facebook.buck.apple.xcode.xcodeproj.PBXNativeTarget@614045c5 isa=PBXNativeTarget gid=E66DC04ED6A5227300000000], test build targets [], test bundle targets []
[2017-07-18 00:51:45.290][debug][command:1334dde5-8144-4e91-88d5-d1fe49edb188][tid:01][com.facebook.buck.apple.project_generator.XCodeProjectCommandHelper] Required build targets for workspace //:muhanCoupon: []
[2017-07-18 00:51:45.292][info ][command:1334dde5-8144-4e91-88d5-d1fe49edb188][tid:01][com.facebook.buck.cli.Main] Awaiting termination of HTTP Write executor service. Waiting for all jobs to complete, or up to maximum of 1800 seconds...
[2017-07-18 00:51:45.294][info ][command:1334dde5-8144-4e91-88d5-d1fe49edb188][tid:01][com.facebook.buck.cli.Main] Awaiting termination of CounterAggregatorExecutor executor service. Waiting for all jobs to complete, or up to maximum of 20 seconds...
[2017-07-18 00:51:45.297][debug][command:1334dde5-8144-4e91-88d5-d1fe49edb188][tid:17][com.facebook.buck.util.perf.ProcessTracker] shutDown
[2017-07-18 00:51:45.298][debug][command:1334dde5-8144-4e91-88d5-d1fe49edb188][tid:16][com.google.common.util.concurrent.ServiceManager] Service PerfStatsTracking [TERMINATED] has terminated. Previous state was: STOPPING
[2017-07-18 00:51:45.299][debug][command:1334dde5-8144-4e91-88d5-d1fe49edb188][tid:01][com.facebook.buck.event.listener.SuperConsoleEventBusListener] Stopping render scheduler
[2017-07-18 00:51:45.302][debug][command:1334dde5-8144-4e91-88d5-d1fe49edb188][tid:17][com.google.common.util.concurrent.ServiceManager] Service ProcessTracker [TERMINATED] has terminated. Previous state was: STOPPING
[2017-07-18 00:51:45.312][info ][command:null][tid:01][com.facebook.buck.cli.Main] Awaiting termination of CPU executor service. Waiting for all jobs to complete, or up to maximum of 60 seconds...
[2017-07-18 00:51:45.312][info ][command:null][tid:01][com.facebook.buck.cli.Main] Awaiting termination of PROJECT executor service. Waiting for all jobs to complete, or up to maximum of 60 seconds...
[2017-07-18 00:51:45.313][info ][command:null][tid:01][com.facebook.buck.cli.Main] Awaiting termination of NETWORK executor service. Waiting for all jobs to complete, or up to maximum of 60 seconds...
[2017-07-18 00:51:45.313][info ][command:null][tid:01][com.facebook.buck.cli.Main] Awaiting termination of Disk IO executor service. Waiting for all jobs to complete, or up to maximum of 10 seconds...
[2017-07-18 00:51:45.313][debug][command:null][tid:01][com.facebook.buck.event.listener.ChromeTraceBuildListener] Writing Chrome trace to buck-out/log/2017-07-17_16h51m36s_projectcommand_1334dde5-8144-4e91-88d5-d1fe49edb188/build.2017-07-18.00-51-36.1334dde5-8144-4e91-88d5-d1fe49edb188.trace
[2017-07-18 00:51:45.338][debug][command:null][tid:01][com.facebook.buck.cli.Main] Done.
