[2017-05-14 01:09:11.216][debug][command:48a334a3-6be9-4ed5-be2c-37531c4bb4b7][tid:01][com.facebook.buck.event.listener.SuperConsoleEventBusListener] Starting render scheduler (interval 100 ms)
[2017-05-14 01:09:11.285][debug][command:48a334a3-6be9-4ed5-be2c-37531c4bb4b7][tid:01][com.google.common.util.concurrent.ServiceManager] Starting PerfStatsTracking [STARTING].
[2017-05-14 01:09:11.285][debug][command:48a334a3-6be9-4ed5-be2c-37531c4bb4b7][tid:01][com.google.common.util.concurrent.ServiceManager] Started PerfStatsTracking [RUNNING] in 501.2 μs.
[2017-05-14 01:09:11.293][debug][command:48a334a3-6be9-4ed5-be2c-37531c4bb4b7][tid:01][com.google.common.util.concurrent.ServiceManager] Starting ProcessTracker [STARTING].
[2017-05-14 01:09:11.293][debug][command:null][tid:17][com.facebook.buck.util.perf.ProcessTracker] startUp
[2017-05-14 01:09:11.293][debug][command:null][tid:17][com.facebook.buck.util.perf.ProcessTracker] startUp
[2017-05-14 01:09:11.293][debug][command:48a334a3-6be9-4ed5-be2c-37531c4bb4b7][tid:01][com.facebook.buck.cli.Main] InvocationInfo BuildId=[48a334a3-6be9-4ed5-be2c-37531c4bb4b7] Args=[project, mhc]
[2017-05-14 01:09:11.331][debug][command:48a334a3-6be9-4ed5-be2c-37531c4bb4b7][tid:01][com.facebook.buck.util.environment.MacWifiSsidFinder] Getting current SSID..
[2017-05-14 01:09:11.388][debug][command:48a334a3-6be9-4ed5-be2c-37531c4bb4b7][tid:01][com.facebook.buck.util.environment.MacWifiSsidFinder] Getting SSID from Wi-Fi interface: <CWInterface: 0x7feba8848150> [interfaceName=en0]
[2017-05-14 01:09:11.390][debug][command:48a334a3-6be9-4ed5-be2c-37531c4bb4b7][tid:01][com.facebook.buck.util.environment.MacWifiSsidFinder] Found SSID: Intranet
[2017-05-14 01:09:11.400][debug][command:null][tid:17][com.google.common.util.concurrent.ServiceManager] Started ProcessTracker [RUNNING] in 107.9 ms.
[2017-05-14 01:09:11.400][debug][command:null][tid:17][com.google.common.util.concurrent.ServiceManager] Started ProcessTracker [RUNNING] in 107.9 ms.
[2017-05-14 01:09:12.249][warn ][command:null][tid:20][com.facebook.buck.event.listener.PublicAnnouncementManager] Failed to get public announcements. Reason: Failed to establish connection to server.
[2017-05-14 01:09:12.249][warn ][command:null][tid:20][com.facebook.buck.event.listener.PublicAnnouncementManager] Failed to get public announcements. Reason: Failed to establish connection to server.
[2017-05-14 01:09:12.279][info ][command:null][tid:22][com.facebook.buck.util.versioncontrol.VersionControlStatsGenerator] Starting generation of version control stats.
[2017-05-14 01:09:12.279][info ][command:null][tid:22][com.facebook.buck.util.versioncontrol.VersionControlStatsGenerator] Starting generation of version control stats.
[2017-05-14 01:09:12.286][debug][command:null][tid:22][com.facebook.buck.util.versioncontrol.VersionControlCmdLineInterface] Executing command: hg log -l 1 --template {node|short}
[2017-05-14 01:09:12.286][debug][command:null][tid:22][com.facebook.buck.util.versioncontrol.VersionControlCmdLineInterface] Executing command: hg log -l 1 --template {node|short}
[2017-05-14 01:09:12.305][warn ][command:null][tid:22][com.facebook.buck.util.versioncontrol.DelegatingVersionControlCmdLineInterface] Mercurial is the only VCS supported for VCS stats generation, however current project (which has enabled VCS stats generation in its .buckconfig) does not appear to be a Mercurial repository: 
com.facebook.buck.util.versioncontrol.VersionControlCommandFailedException: java.io.IOException: Cannot run program "hg" (in directory "/Users/chengxiang/Projects/muhanCoupon"): error=2, No such file or directory
[2017-05-14 01:09:12.305][warn ][command:null][tid:22][com.facebook.buck.util.versioncontrol.DelegatingVersionControlCmdLineInterface] Mercurial is the only VCS supported for VCS stats generation, however current project (which has enabled VCS stats generation in its .buckconfig) does not appear to be a Mercurial repository: 
com.facebook.buck.util.versioncontrol.VersionControlCommandFailedException: java.io.IOException: Cannot run program "hg" (in directory "/Users/chengxiang/Projects/muhanCoupon"): error=2, No such file or directory
[2017-05-14 01:09:12.305][debug][command:null][tid:22][com.facebook.buck.util.versioncontrol.DelegatingVersionControlCmdLineInterface] Using NoOpCmdLineInterface.
[2017-05-14 01:09:12.305][debug][command:null][tid:22][com.facebook.buck.util.versioncontrol.DelegatingVersionControlCmdLineInterface] Using NoOpCmdLineInterface.
[2017-05-14 01:09:12.307][warn ][command:null][tid:22][com.facebook.buck.util.versioncontrol.VersionControlStatsGenerator] Skipping generation of version control stats as unsupported repository type.
[2017-05-14 01:09:12.307][warn ][command:null][tid:22][com.facebook.buck.util.versioncontrol.VersionControlStatsGenerator] Skipping generation of version control stats as unsupported repository type.
[2017-05-14 01:09:17.487][debug][command:48a334a3-6be9-4ed5-be2c-37531c4bb4b7][tid:01][com.facebook.buck.parser.DaemonicParserState] Starting to invalidate caches for /Users/chengxiang/Projects/muhanCoupon..
[2017-05-14 01:09:17.487][debug][command:48a334a3-6be9-4ed5-be2c-37531c4bb4b7][tid:01][com.facebook.buck.parser.DaemonicParserState] Cell caches were empty, no data invalidated.
[2017-05-14 01:09:17.522][debug][command:48a334a3-6be9-4ed5-be2c-37531c4bb4b7][tid:23][com.facebook.buck.io.ExecutableFinder] Executable 'python2' mapped to 'Optional.empty'
[2017-05-14 01:09:17.523][debug][command:48a334a3-6be9-4ed5-be2c-37531c4bb4b7][tid:23][com.facebook.buck.io.ExecutableFinder] Executable 'python' mapped to 'Optional[/usr/bin/python]'
[2017-05-14 01:09:17.600][debug][command:48a334a3-6be9-4ed5-be2c-37531c4bb4b7][tid:23][com.facebook.buck.apple.AppleToolchainDiscovery] Searching for Xcode toolchains under /Applications/Xcode.app/Contents/Developer/Toolchains
[2017-05-14 01:09:17.601][debug][command:48a334a3-6be9-4ed5-be2c-37531c4bb4b7][tid:23][com.facebook.buck.apple.AppleToolchainDiscovery] Searching for Xcode toolchains in /Applications/Xcode.app/Contents/Developer/Toolchains
[2017-05-14 01:09:17.602][debug][command:48a334a3-6be9-4ed5-be2c-37531c4bb4b7][tid:23][com.facebook.buck.apple.AppleToolchainDiscovery] Getting identifier for for Xcode toolchain under /Applications/Xcode.app/Contents/Developer/Toolchains/Swift_2.3.xctoolchain
[2017-05-14 01:09:17.603][debug][command:48a334a3-6be9-4ed5-be2c-37531c4bb4b7][tid:23][com.facebook.buck.apple.AppleToolchainDiscovery] Loading toolchain from plist ToolchainInfo.plist for /Applications/Xcode.app/Contents/Developer/Toolchains/Swift_2.3.xctoolchain failed
[2017-05-14 01:09:17.603][debug][command:48a334a3-6be9-4ed5-be2c-37531c4bb4b7][tid:23][com.facebook.buck.apple.AppleToolchainDiscovery] Loading toolchain from plist Info.plist for /Applications/Xcode.app/Contents/Developer/Toolchains/Swift_2.3.xctoolchain failed
[2017-05-14 01:09:17.603][debug][command:48a334a3-6be9-4ed5-be2c-37531c4bb4b7][tid:23][com.facebook.buck.apple.AppleToolchainDiscovery] Failed to resolve info about toolchain /Applications/Xcode.app/Contents/Developer/Toolchains/Swift_2.3.xctoolchain from plist files [ToolchainInfo.plist, Info.plist]
[2017-05-14 01:09:17.603][debug][command:48a334a3-6be9-4ed5-be2c-37531c4bb4b7][tid:23][com.facebook.buck.apple.AppleToolchainDiscovery] Getting identifier for for Xcode toolchain under /Applications/Xcode.app/Contents/Developer/Toolchains/XcodeDefault.xctoolchain
[2017-05-14 01:09:17.619][debug][command:48a334a3-6be9-4ed5-be2c-37531c4bb4b7][tid:23][com.facebook.buck.apple.AppleToolchainDiscovery] Mapped SDK identifier com.apple.dt.toolchain.XcodeDefault to path /Applications/Xcode.app/Contents/Developer/Toolchains/XcodeDefault.xctoolchain
[2017-05-14 01:09:17.631][debug][command:48a334a3-6be9-4ed5-be2c-37531c4bb4b7][tid:23][com.facebook.buck.apple.AppleSdkDiscovery] Searching for Xcode platforms under /Applications/Xcode.app/Contents/Developer/Platforms
[2017-05-14 01:09:17.636][debug][command:48a334a3-6be9-4ed5-be2c-37531c4bb4b7][tid:23][com.facebook.buck.apple.AppleSdkDiscovery] Searching for Xcode SDKs in /Applications/Xcode.app/Contents/Developer/Platforms
[2017-05-14 01:09:17.636][debug][command:48a334a3-6be9-4ed5-be2c-37531c4bb4b7][tid:23][com.facebook.buck.apple.AppleSdkDiscovery] Fetching SDK name for /Applications/Xcode.app/Contents/Developer/Platforms/AppleTVOS.platform/Developer/SDKs/AppleTVOS.sdk
[2017-05-14 01:09:17.645][debug][command:48a334a3-6be9-4ed5-be2c-37531c4bb4b7][tid:23][com.facebook.buck.apple.AppleSdkDiscovery] Found SDK AppleSdk{name=appletvos10.2, version=10.2, applePlatform=ApplePlatform{name=appletvos, provisioningProfileName=tvOS, architectures=[arm64], minVersionFlagPrefix=-mtvos-version-min=, appIncludesFrameworks=false}, architectures=[arm64], toolchains=[AppleToolchain{identifier=com.apple.dt.toolchain.XcodeDefault, path=/Applications/Xcode.app/Contents/Developer/Toolchains/XcodeDefault.xctoolchain}]}
[2017-05-14 01:09:17.647][debug][command:48a334a3-6be9-4ed5-be2c-37531c4bb4b7][tid:23][com.facebook.buck.apple.AppleSdkDiscovery] Fetching SDK name for /Applications/Xcode.app/Contents/Developer/Platforms/AppleTVOS.platform/Developer/SDKs/AppleTVOS10.2.sdk
[2017-05-14 01:09:17.647][debug][command:48a334a3-6be9-4ed5-be2c-37531c4bb4b7][tid:23][com.facebook.buck.apple.AppleSdkDiscovery] Skipping already scanned SDK directory /Applications/Xcode.app/Contents/Developer/Platforms/AppleTVOS.platform/Developer/SDKs/AppleTVOS.sdk
[2017-05-14 01:09:17.647][debug][command:48a334a3-6be9-4ed5-be2c-37531c4bb4b7][tid:23][com.facebook.buck.apple.AppleSdkDiscovery] Fetching SDK name for /Applications/Xcode.app/Contents/Developer/Platforms/AppleTVSimulator.platform/Developer/SDKs/AppleTVSimulator.sdk
[2017-05-14 01:09:17.680][debug][command:48a334a3-6be9-4ed5-be2c-37531c4bb4b7][tid:23][com.facebook.buck.apple.AppleSdkDiscovery] Specified toolchain com.apple.dt.toolchain.AppleTVOS10_2 not found for SDK path /Applications/Xcode.app/Contents/Developer/Platforms/AppleTVSimulator.platform/Developer/SDKs/AppleTVSimulator.sdk
[2017-05-14 01:09:17.681][debug][command:48a334a3-6be9-4ed5-be2c-37531c4bb4b7][tid:23][com.facebook.buck.apple.AppleSdkDiscovery] Found SDK AppleSdk{name=appletvsimulator10.2, version=10.2, applePlatform=ApplePlatform{name=appletvsimulator, swiftName=tvos, architectures=[x86_64], minVersionFlagPrefix=-mtvos-simulator-version-min=, appIncludesFrameworks=false}, architectures=[x86_64], toolchains=[AppleToolchain{identifier=com.apple.dt.toolchain.XcodeDefault, path=/Applications/Xcode.app/Contents/Developer/Toolchains/XcodeDefault.xctoolchain}]}
[2017-05-14 01:09:17.681][debug][command:48a334a3-6be9-4ed5-be2c-37531c4bb4b7][tid:23][com.facebook.buck.apple.AppleSdkDiscovery] Fetching SDK name for /Applications/Xcode.app/Contents/Developer/Platforms/AppleTVSimulator.platform/Developer/SDKs/AppleTVSimulator10.2.sdk
[2017-05-14 01:09:17.681][debug][command:48a334a3-6be9-4ed5-be2c-37531c4bb4b7][tid:23][com.facebook.buck.apple.AppleSdkDiscovery] Skipping already scanned SDK directory /Applications/Xcode.app/Contents/Developer/Platforms/AppleTVSimulator.platform/Developer/SDKs/AppleTVSimulator.sdk
[2017-05-14 01:09:17.682][debug][command:48a334a3-6be9-4ed5-be2c-37531c4bb4b7][tid:23][com.facebook.buck.apple.AppleSdkDiscovery] Fetching SDK name for /Applications/Xcode.app/Contents/Developer/Platforms/iPhoneOS.platform/Developer/SDKs/iPhoneOS.sdk
[2017-05-14 01:09:17.682][debug][command:48a334a3-6be9-4ed5-be2c-37531c4bb4b7][tid:23][com.facebook.buck.apple.AppleSdkDiscovery] Found SDK AppleSdk{name=iphoneos10.3, version=10.3, applePlatform=ApplePlatform{name=iphoneos, swiftName=ios, provisioningProfileName=iOS, architectures=[armv7, arm64], minVersionFlagPrefix=-mios-version-min=, stubBinaryPath=Library/Application Support/WatchKit/WK, appIncludesFrameworks=false}, architectures=[armv7, arm64], toolchains=[AppleToolchain{identifier=com.apple.dt.toolchain.XcodeDefault, path=/Applications/Xcode.app/Contents/Developer/Toolchains/XcodeDefault.xctoolchain}]}
[2017-05-14 01:09:17.683][debug][command:48a334a3-6be9-4ed5-be2c-37531c4bb4b7][tid:23][com.facebook.buck.apple.AppleSdkDiscovery] Fetching SDK name for /Applications/Xcode.app/Contents/Developer/Platforms/iPhoneOS.platform/Developer/SDKs/iPhoneOS10.3.sdk
[2017-05-14 01:09:17.683][debug][command:48a334a3-6be9-4ed5-be2c-37531c4bb4b7][tid:23][com.facebook.buck.apple.AppleSdkDiscovery] Skipping already scanned SDK directory /Applications/Xcode.app/Contents/Developer/Platforms/iPhoneOS.platform/Developer/SDKs/iPhoneOS.sdk
[2017-05-14 01:09:17.684][debug][command:48a334a3-6be9-4ed5-be2c-37531c4bb4b7][tid:23][com.facebook.buck.apple.AppleSdkDiscovery] Fetching SDK name for /Applications/Xcode.app/Contents/Developer/Platforms/iPhoneSimulator.platform/Developer/SDKs/iPhoneSimulator.sdk
[2017-05-14 01:09:17.687][debug][command:48a334a3-6be9-4ed5-be2c-37531c4bb4b7][tid:23][com.facebook.buck.apple.AppleSdkDiscovery] Specified toolchain com.apple.dt.toolchain.iOS10_3 not found for SDK path /Applications/Xcode.app/Contents/Developer/Platforms/iPhoneSimulator.platform/Developer/SDKs/iPhoneSimulator.sdk
[2017-05-14 01:09:17.688][debug][command:48a334a3-6be9-4ed5-be2c-37531c4bb4b7][tid:23][com.facebook.buck.apple.AppleSdkDiscovery] Found SDK AppleSdk{name=iphonesimulator10.3, version=10.3, applePlatform=ApplePlatform{name=iphonesimulator, swiftName=ios, architectures=[i386, x86_64], minVersionFlagPrefix=-mios-simulator-version-min=, stubBinaryPath=Library/Application Support/WatchKit/WK, appIncludesFrameworks=false}, architectures=[i386, x86_64], toolchains=[AppleToolchain{identifier=com.apple.dt.toolchain.XcodeDefault, path=/Applications/Xcode.app/Contents/Developer/Toolchains/XcodeDefault.xctoolchain}]}
[2017-05-14 01:09:17.688][debug][command:48a334a3-6be9-4ed5-be2c-37531c4bb4b7][tid:23][com.facebook.buck.apple.AppleSdkDiscovery] Fetching SDK name for /Applications/Xcode.app/Contents/Developer/Platforms/iPhoneSimulator.platform/Developer/SDKs/iPhoneSimulator10.3.sdk
[2017-05-14 01:09:17.688][debug][command:48a334a3-6be9-4ed5-be2c-37531c4bb4b7][tid:23][com.facebook.buck.apple.AppleSdkDiscovery] Skipping already scanned SDK directory /Applications/Xcode.app/Contents/Developer/Platforms/iPhoneSimulator.platform/Developer/SDKs/iPhoneSimulator.sdk
[2017-05-14 01:09:17.689][debug][command:48a334a3-6be9-4ed5-be2c-37531c4bb4b7][tid:23][com.facebook.buck.apple.AppleSdkDiscovery] Fetching SDK name for /Applications/Xcode.app/Contents/Developer/Platforms/MacOSX.platform/Developer/SDKs/MacOSX.sdk
[2017-05-14 01:09:17.691][debug][command:48a334a3-6be9-4ed5-be2c-37531c4bb4b7][tid:23][com.facebook.buck.apple.AppleSdkDiscovery] Found SDK AppleSdk{name=macosx10.12, version=10.12, applePlatform=ApplePlatform{name=macosx, architectures=[i386, x86_64], minVersionFlagPrefix=-mmacosx-version-min=, appIncludesFrameworks=true}, architectures=[i386, x86_64], toolchains=[AppleToolchain{identifier=com.apple.dt.toolchain.XcodeDefault, path=/Applications/Xcode.app/Contents/Developer/Toolchains/XcodeDefault.xctoolchain}]}
[2017-05-14 01:09:17.692][debug][command:48a334a3-6be9-4ed5-be2c-37531c4bb4b7][tid:23][com.facebook.buck.apple.AppleSdkDiscovery] Fetching SDK name for /Applications/Xcode.app/Contents/Developer/Platforms/MacOSX.platform/Developer/SDKs/MacOSX10.12.sdk
[2017-05-14 01:09:17.692][debug][command:48a334a3-6be9-4ed5-be2c-37531c4bb4b7][tid:23][com.facebook.buck.apple.AppleSdkDiscovery] Skipping already scanned SDK directory /Applications/Xcode.app/Contents/Developer/Platforms/MacOSX.platform/Developer/SDKs/MacOSX.sdk
[2017-05-14 01:09:17.692][debug][command:48a334a3-6be9-4ed5-be2c-37531c4bb4b7][tid:23][com.facebook.buck.apple.AppleSdkDiscovery] Fetching SDK name for /Applications/Xcode.app/Contents/Developer/Platforms/WatchOS.platform/Developer/SDKs/WatchOS.sdk
[2017-05-14 01:09:17.694][debug][command:48a334a3-6be9-4ed5-be2c-37531c4bb4b7][tid:23][com.facebook.buck.apple.AppleSdkDiscovery] Found SDK AppleSdk{name=watchos3.2, version=3.2, applePlatform=ApplePlatform{name=watchos, provisioningProfileName=iOS, architectures=[armv7k], minVersionFlagPrefix=-mwatchos-version-min=, stubBinaryPath=Library/Application Support/WatchKit/WK, appIncludesFrameworks=false}, architectures=[armv7k], toolchains=[AppleToolchain{identifier=com.apple.dt.toolchain.XcodeDefault, path=/Applications/Xcode.app/Contents/Developer/Toolchains/XcodeDefault.xctoolchain}]}
[2017-05-14 01:09:17.694][debug][command:48a334a3-6be9-4ed5-be2c-37531c4bb4b7][tid:23][com.facebook.buck.apple.AppleSdkDiscovery] Fetching SDK name for /Applications/Xcode.app/Contents/Developer/Platforms/WatchOS.platform/Developer/SDKs/WatchOS3.2.sdk
[2017-05-14 01:09:17.695][debug][command:48a334a3-6be9-4ed5-be2c-37531c4bb4b7][tid:23][com.facebook.buck.apple.AppleSdkDiscovery] Skipping already scanned SDK directory /Applications/Xcode.app/Contents/Developer/Platforms/WatchOS.platform/Developer/SDKs/WatchOS.sdk
[2017-05-14 01:09:17.695][debug][command:48a334a3-6be9-4ed5-be2c-37531c4bb4b7][tid:23][com.facebook.buck.apple.AppleSdkDiscovery] Fetching SDK name for /Applications/Xcode.app/Contents/Developer/Platforms/WatchSimulator.platform/Developer/SDKs/WatchSimulator.sdk
[2017-05-14 01:09:17.698][debug][command:48a334a3-6be9-4ed5-be2c-37531c4bb4b7][tid:23][com.facebook.buck.apple.AppleSdkDiscovery] Specified toolchain com.apple.dt.toolchain.WatchOS3_2 not found for SDK path /Applications/Xcode.app/Contents/Developer/Platforms/WatchSimulator.platform/Developer/SDKs/WatchSimulator.sdk
[2017-05-14 01:09:17.699][debug][command:48a334a3-6be9-4ed5-be2c-37531c4bb4b7][tid:23][com.facebook.buck.apple.AppleSdkDiscovery] Found SDK AppleSdk{name=watchsimulator3.2, version=3.2, applePlatform=ApplePlatform{name=watchsimulator, architectures=[i386], minVersionFlagPrefix=-mwatchos-simulator-version-min=, stubBinaryPath=Library/Application Support/WatchKit/WK, appIncludesFrameworks=false}, architectures=[i386], toolchains=[AppleToolchain{identifier=com.apple.dt.toolchain.XcodeDefault, path=/Applications/Xcode.app/Contents/Developer/Toolchains/XcodeDefault.xctoolchain}]}
[2017-05-14 01:09:17.699][debug][command:48a334a3-6be9-4ed5-be2c-37531c4bb4b7][tid:23][com.facebook.buck.apple.AppleSdkDiscovery] Fetching SDK name for /Applications/Xcode.app/Contents/Developer/Platforms/WatchSimulator.platform/Developer/SDKs/WatchSimulator3.2.sdk
[2017-05-14 01:09:17.699][debug][command:48a334a3-6be9-4ed5-be2c-37531c4bb4b7][tid:23][com.facebook.buck.apple.AppleSdkDiscovery] Skipping already scanned SDK directory /Applications/Xcode.app/Contents/Developer/Platforms/WatchSimulator.platform/Developer/SDKs/WatchSimulator.sdk
[2017-05-14 01:09:17.712][debug][command:48a334a3-6be9-4ed5-be2c-37531c4bb4b7][tid:23][com.facebook.buck.apple.AppleCxxPlatforms] SDK AppleSdk{name=appletvos10.2, version=10.2, applePlatform=ApplePlatform{name=appletvos, provisioningProfileName=tvOS, architectures=[arm64], minVersionFlagPrefix=-mtvos-version-min=, appIncludesFrameworks=false}, architectures=[arm64], toolchains=[AppleToolchain{identifier=com.apple.dt.toolchain.XcodeDefault, path=/Applications/Xcode.app/Contents/Developer/Toolchains/XcodeDefault.xctoolchain}]} using default version 10.2
[2017-05-14 01:09:17.725][debug][command:48a334a3-6be9-4ed5-be2c-37531c4bb4b7][tid:23][com.facebook.buck.apple.AppleCxxPlatforms] Xcode build version is: 8E2002
[2017-05-14 01:09:17.763][debug][command:48a334a3-6be9-4ed5-be2c-37531c4bb4b7][tid:23][com.facebook.buck.apple.AppleCxxPlatforms] Apple toolchain path: /Applications/Xcode.app/Contents/Developer/Toolchains/XcodeDefault.xctoolchain
[2017-05-14 01:09:17.770][debug][command:48a334a3-6be9-4ed5-be2c-37531c4bb4b7][tid:23][com.facebook.buck.apple.AppleCxxPlatforms] Headers verification platform whitelist: [^\Q/Applications/Xcode.app/Contents/Developer/Platforms/AppleTVOS.platform/Developer/Library/Frameworks\E\/.*, ^\Q/Applications/Xcode.app/Contents/Developer/Platforms/AppleTVOS.platform/Developer/SDKs/AppleTVOS.sdk\E\/.*, ^\Q/Applications/Xcode.app/Contents/Developer/Toolchains/XcodeDefault.xctoolchain\E\/.*]
[2017-05-14 01:09:17.813][debug][command:48a334a3-6be9-4ed5-be2c-37531c4bb4b7][tid:23][com.facebook.buck.apple.AppleCxxPlatforms] SDK AppleSdk{name=appletvsimulator10.2, version=10.2, applePlatform=ApplePlatform{name=appletvsimulator, swiftName=tvos, architectures=[x86_64], minVersionFlagPrefix=-mtvos-simulator-version-min=, appIncludesFrameworks=false}, architectures=[x86_64], toolchains=[AppleToolchain{identifier=com.apple.dt.toolchain.XcodeDefault, path=/Applications/Xcode.app/Contents/Developer/Toolchains/XcodeDefault.xctoolchain}]} using default version 10.2
[2017-05-14 01:09:17.815][debug][command:48a334a3-6be9-4ed5-be2c-37531c4bb4b7][tid:23][com.facebook.buck.apple.AppleCxxPlatforms] Xcode build version is: 8E2002
[2017-05-14 01:09:17.820][warn ][command:48a334a3-6be9-4ed5-be2c-37531c4bb4b7][tid:23][com.facebook.buck.apple.AppleCxxPlatforms] /Applications/Xcode.app/Contents/Developer/Platforms/AppleTVSimulator.platform/version.plist does not exist. Build version will be unset for this platform.
[2017-05-14 01:09:17.821][debug][command:48a334a3-6be9-4ed5-be2c-37531c4bb4b7][tid:23][com.facebook.buck.apple.AppleCxxPlatforms] Apple toolchain path: /Applications/Xcode.app/Contents/Developer/Toolchains/XcodeDefault.xctoolchain
[2017-05-14 01:09:17.821][debug][command:48a334a3-6be9-4ed5-be2c-37531c4bb4b7][tid:23][com.facebook.buck.apple.AppleCxxPlatforms] Headers verification platform whitelist: [^\Q/Applications/Xcode.app/Contents/Developer/Platforms/AppleTVSimulator.platform/Developer/Library/Frameworks\E\/.*, ^\Q/Applications/Xcode.app/Contents/Developer/Platforms/AppleTVSimulator.platform/Developer/SDKs/AppleTVSimulator.sdk\E\/.*, ^\Q/Applications/Xcode.app/Contents/Developer/Toolchains/XcodeDefault.xctoolchain\E\/.*]
[2017-05-14 01:09:17.823][debug][command:48a334a3-6be9-4ed5-be2c-37531c4bb4b7][tid:23][com.facebook.buck.apple.AppleCxxPlatforms] SDK AppleSdk{name=iphoneos10.3, version=10.3, applePlatform=ApplePlatform{name=iphoneos, swiftName=ios, provisioningProfileName=iOS, architectures=[armv7, arm64], minVersionFlagPrefix=-mios-version-min=, stubBinaryPath=Library/Application Support/WatchKit/WK, appIncludesFrameworks=false}, architectures=[armv7, arm64], toolchains=[AppleToolchain{identifier=com.apple.dt.toolchain.XcodeDefault, path=/Applications/Xcode.app/Contents/Developer/Toolchains/XcodeDefault.xctoolchain}]} using default version 10.3
[2017-05-14 01:09:17.826][debug][command:48a334a3-6be9-4ed5-be2c-37531c4bb4b7][tid:23][com.facebook.buck.apple.AppleCxxPlatforms] Xcode build version is: 8E2002
[2017-05-14 01:09:17.836][debug][command:48a334a3-6be9-4ed5-be2c-37531c4bb4b7][tid:23][com.facebook.buck.apple.AppleCxxPlatforms] Apple toolchain path: /Applications/Xcode.app/Contents/Developer/Toolchains/XcodeDefault.xctoolchain
[2017-05-14 01:09:17.837][debug][command:48a334a3-6be9-4ed5-be2c-37531c4bb4b7][tid:23][com.facebook.buck.apple.AppleCxxPlatforms] Headers verification platform whitelist: [^\Q/Applications/Xcode.app/Contents/Developer/Platforms/iPhoneOS.platform/Developer/Library/Frameworks\E\/.*, ^\Q/Applications/Xcode.app/Contents/Developer/Platforms/iPhoneOS.platform/Developer/SDKs/iPhoneOS.sdk\E\/.*, ^\Q/Applications/Xcode.app/Contents/Developer/Toolchains/XcodeDefault.xctoolchain\E\/.*]
[2017-05-14 01:09:17.840][debug][command:48a334a3-6be9-4ed5-be2c-37531c4bb4b7][tid:23][com.facebook.buck.apple.AppleCxxPlatforms] Xcode build version is: 8E2002
[2017-05-14 01:09:17.845][debug][command:48a334a3-6be9-4ed5-be2c-37531c4bb4b7][tid:23][com.facebook.buck.apple.AppleCxxPlatforms] Apple toolchain path: /Applications/Xcode.app/Contents/Developer/Toolchains/XcodeDefault.xctoolchain
[2017-05-14 01:09:17.846][debug][command:48a334a3-6be9-4ed5-be2c-37531c4bb4b7][tid:23][com.facebook.buck.apple.AppleCxxPlatforms] Headers verification platform whitelist: [^\Q/Applications/Xcode.app/Contents/Developer/Platforms/iPhoneOS.platform/Developer/Library/Frameworks\E\/.*, ^\Q/Applications/Xcode.app/Contents/Developer/Platforms/iPhoneOS.platform/Developer/SDKs/iPhoneOS.sdk\E\/.*, ^\Q/Applications/Xcode.app/Contents/Developer/Toolchains/XcodeDefault.xctoolchain\E\/.*]
[2017-05-14 01:09:17.848][debug][command:48a334a3-6be9-4ed5-be2c-37531c4bb4b7][tid:23][com.facebook.buck.apple.AppleCxxPlatforms] SDK AppleSdk{name=iphonesimulator10.3, version=10.3, applePlatform=ApplePlatform{name=iphonesimulator, swiftName=ios, architectures=[i386, x86_64], minVersionFlagPrefix=-mios-simulator-version-min=, stubBinaryPath=Library/Application Support/WatchKit/WK, appIncludesFrameworks=false}, architectures=[i386, x86_64], toolchains=[AppleToolchain{identifier=com.apple.dt.toolchain.XcodeDefault, path=/Applications/Xcode.app/Contents/Developer/Toolchains/XcodeDefault.xctoolchain}]} using default version 10.3
[2017-05-14 01:09:17.850][debug][command:48a334a3-6be9-4ed5-be2c-37531c4bb4b7][tid:23][com.facebook.buck.apple.AppleCxxPlatforms] Xcode build version is: 8E2002
[2017-05-14 01:09:17.854][warn ][command:48a334a3-6be9-4ed5-be2c-37531c4bb4b7][tid:23][com.facebook.buck.apple.AppleCxxPlatforms] /Applications/Xcode.app/Contents/Developer/Platforms/iPhoneSimulator.platform/version.plist does not exist. Build version will be unset for this platform.
[2017-05-14 01:09:17.855][debug][command:48a334a3-6be9-4ed5-be2c-37531c4bb4b7][tid:23][com.facebook.buck.apple.AppleCxxPlatforms] Apple toolchain path: /Applications/Xcode.app/Contents/Developer/Toolchains/XcodeDefault.xctoolchain
[2017-05-14 01:09:17.855][debug][command:48a334a3-6be9-4ed5-be2c-37531c4bb4b7][tid:23][com.facebook.buck.apple.AppleCxxPlatforms] Headers verification platform whitelist: [^\Q/Applications/Xcode.app/Contents/Developer/Platforms/iPhoneSimulator.platform/Developer/Library/Frameworks\E\/.*, ^\Q/Applications/Xcode.app/Contents/Developer/Platforms/iPhoneSimulator.platform/Developer/SDKs/iPhoneSimulator.sdk\E\/.*, ^\Q/Applications/Xcode.app/Contents/Developer/Toolchains/XcodeDefault.xctoolchain\E\/.*]
[2017-05-14 01:09:17.860][debug][command:48a334a3-6be9-4ed5-be2c-37531c4bb4b7][tid:23][com.facebook.buck.apple.AppleCxxPlatforms] Xcode build version is: 8E2002
[2017-05-14 01:09:17.866][warn ][command:48a334a3-6be9-4ed5-be2c-37531c4bb4b7][tid:23][com.facebook.buck.apple.AppleCxxPlatforms] /Applications/Xcode.app/Contents/Developer/Platforms/iPhoneSimulator.platform/version.plist does not exist. Build version will be unset for this platform.
[2017-05-14 01:09:17.866][debug][command:48a334a3-6be9-4ed5-be2c-37531c4bb4b7][tid:23][com.facebook.buck.apple.AppleCxxPlatforms] Apple toolchain path: /Applications/Xcode.app/Contents/Developer/Toolchains/XcodeDefault.xctoolchain
[2017-05-14 01:09:17.867][debug][command:48a334a3-6be9-4ed5-be2c-37531c4bb4b7][tid:23][com.facebook.buck.apple.AppleCxxPlatforms] Headers verification platform whitelist: [^\Q/Applications/Xcode.app/Contents/Developer/Platforms/iPhoneSimulator.platform/Developer/Library/Frameworks\E\/.*, ^\Q/Applications/Xcode.app/Contents/Developer/Platforms/iPhoneSimulator.platform/Developer/SDKs/iPhoneSimulator.sdk\E\/.*, ^\Q/Applications/Xcode.app/Contents/Developer/Toolchains/XcodeDefault.xctoolchain\E\/.*]
[2017-05-14 01:09:17.869][debug][command:48a334a3-6be9-4ed5-be2c-37531c4bb4b7][tid:23][com.facebook.buck.apple.AppleCxxPlatforms] SDK AppleSdk{name=macosx10.12, version=10.12, applePlatform=ApplePlatform{name=macosx, architectures=[i386, x86_64], minVersionFlagPrefix=-mmacosx-version-min=, appIncludesFrameworks=true}, architectures=[i386, x86_64], toolchains=[AppleToolchain{identifier=com.apple.dt.toolchain.XcodeDefault, path=/Applications/Xcode.app/Contents/Developer/Toolchains/XcodeDefault.xctoolchain}]} using default version 10.12
[2017-05-14 01:09:17.871][debug][command:48a334a3-6be9-4ed5-be2c-37531c4bb4b7][tid:23][com.facebook.buck.apple.AppleCxxPlatforms] Xcode build version is: 8E2002
[2017-05-14 01:09:17.876][warn ][command:48a334a3-6be9-4ed5-be2c-37531c4bb4b7][tid:23][com.facebook.buck.apple.AppleCxxPlatforms] In /Applications/Xcode.app/Contents/Developer/Platforms/MacOSX.platform/version.plist, missing ProductBuildVersion. Build version will be unset for this platform.
[2017-05-14 01:09:17.877][debug][command:48a334a3-6be9-4ed5-be2c-37531c4bb4b7][tid:23][com.facebook.buck.apple.AppleCxxPlatforms] Apple toolchain path: /Applications/Xcode.app/Contents/Developer/Toolchains/XcodeDefault.xctoolchain
[2017-05-14 01:09:17.878][debug][command:48a334a3-6be9-4ed5-be2c-37531c4bb4b7][tid:23][com.facebook.buck.apple.AppleCxxPlatforms] Headers verification platform whitelist: [^\Q/Applications/Xcode.app/Contents/Developer/Platforms/MacOSX.platform/Developer/Library/Frameworks\E\/.*, ^\Q/Applications/Xcode.app/Contents/Developer/Platforms/MacOSX.platform/Developer/SDKs/MacOSX.sdk\E\/.*, ^\Q/Applications/Xcode.app/Contents/Developer/Toolchains/XcodeDefault.xctoolchain\E\/.*]
[2017-05-14 01:09:17.882][debug][command:48a334a3-6be9-4ed5-be2c-37531c4bb4b7][tid:23][com.facebook.buck.apple.AppleCxxPlatforms] Xcode build version is: 8E2002
[2017-05-14 01:09:17.886][warn ][command:48a334a3-6be9-4ed5-be2c-37531c4bb4b7][tid:23][com.facebook.buck.apple.AppleCxxPlatforms] In /Applications/Xcode.app/Contents/Developer/Platforms/MacOSX.platform/version.plist, missing ProductBuildVersion. Build version will be unset for this platform.
[2017-05-14 01:09:17.886][debug][command:48a334a3-6be9-4ed5-be2c-37531c4bb4b7][tid:23][com.facebook.buck.apple.AppleCxxPlatforms] Apple toolchain path: /Applications/Xcode.app/Contents/Developer/Toolchains/XcodeDefault.xctoolchain
[2017-05-14 01:09:17.887][debug][command:48a334a3-6be9-4ed5-be2c-37531c4bb4b7][tid:23][com.facebook.buck.apple.AppleCxxPlatforms] Headers verification platform whitelist: [^\Q/Applications/Xcode.app/Contents/Developer/Platforms/MacOSX.platform/Developer/Library/Frameworks\E\/.*, ^\Q/Applications/Xcode.app/Contents/Developer/Platforms/MacOSX.platform/Developer/SDKs/MacOSX.sdk\E\/.*, ^\Q/Applications/Xcode.app/Contents/Developer/Toolchains/XcodeDefault.xctoolchain\E\/.*]
[2017-05-14 01:09:17.889][debug][command:48a334a3-6be9-4ed5-be2c-37531c4bb4b7][tid:23][com.facebook.buck.apple.AppleCxxPlatforms] SDK AppleSdk{name=watchos3.2, version=3.2, applePlatform=ApplePlatform{name=watchos, provisioningProfileName=iOS, architectures=[armv7k], minVersionFlagPrefix=-mwatchos-version-min=, stubBinaryPath=Library/Application Support/WatchKit/WK, appIncludesFrameworks=false}, architectures=[armv7k], toolchains=[AppleToolchain{identifier=com.apple.dt.toolchain.XcodeDefault, path=/Applications/Xcode.app/Contents/Developer/Toolchains/XcodeDefault.xctoolchain}]} using default version 3.2
[2017-05-14 01:09:17.891][debug][command:48a334a3-6be9-4ed5-be2c-37531c4bb4b7][tid:23][com.facebook.buck.apple.AppleCxxPlatforms] Xcode build version is: 8E2002
[2017-05-14 01:09:17.895][debug][command:48a334a3-6be9-4ed5-be2c-37531c4bb4b7][tid:23][com.facebook.buck.apple.AppleCxxPlatforms] Apple toolchain path: /Applications/Xcode.app/Contents/Developer/Toolchains/XcodeDefault.xctoolchain
[2017-05-14 01:09:17.896][debug][command:48a334a3-6be9-4ed5-be2c-37531c4bb4b7][tid:23][com.facebook.buck.apple.AppleCxxPlatforms] Headers verification platform whitelist: [^\Q/Applications/Xcode.app/Contents/Developer/Platforms/WatchOS.platform/Developer/Library/Frameworks\E\/.*, ^\Q/Applications/Xcode.app/Contents/Developer/Platforms/WatchOS.platform/Developer/SDKs/WatchOS.sdk\E\/.*, ^\Q/Applications/Xcode.app/Contents/Developer/Toolchains/XcodeDefault.xctoolchain\E\/.*]
[2017-05-14 01:09:17.898][debug][command:48a334a3-6be9-4ed5-be2c-37531c4bb4b7][tid:23][com.facebook.buck.apple.AppleCxxPlatforms] SDK AppleSdk{name=watchsimulator3.2, version=3.2, applePlatform=ApplePlatform{name=watchsimulator, architectures=[i386], minVersionFlagPrefix=-mwatchos-simulator-version-min=, stubBinaryPath=Library/Application Support/WatchKit/WK, appIncludesFrameworks=false}, architectures=[i386], toolchains=[AppleToolchain{identifier=com.apple.dt.toolchain.XcodeDefault, path=/Applications/Xcode.app/Contents/Developer/Toolchains/XcodeDefault.xctoolchain}]} using default version 3.2
[2017-05-14 01:09:17.900][debug][command:48a334a3-6be9-4ed5-be2c-37531c4bb4b7][tid:23][com.facebook.buck.apple.AppleCxxPlatforms] Xcode build version is: 8E2002
[2017-05-14 01:09:17.904][debug][command:48a334a3-6be9-4ed5-be2c-37531c4bb4b7][tid:23][com.facebook.buck.apple.AppleCxxPlatforms] Apple toolchain path: /Applications/Xcode.app/Contents/Developer/Toolchains/XcodeDefault.xctoolchain
[2017-05-14 01:09:17.905][debug][command:48a334a3-6be9-4ed5-be2c-37531c4bb4b7][tid:23][com.facebook.buck.apple.AppleCxxPlatforms] Headers verification platform whitelist: [^\Q/Applications/Xcode.app/Contents/Developer/Platforms/WatchSimulator.platform/Developer/Library/Frameworks\E\/.*, ^\Q/Applications/Xcode.app/Contents/Developer/Platforms/WatchSimulator.platform/Developer/SDKs/WatchSimulator.sdk\E\/.*, ^\Q/Applications/Xcode.app/Contents/Developer/Toolchains/XcodeDefault.xctoolchain\E\/.*]
[2017-05-14 01:09:17.906][debug][command:48a334a3-6be9-4ed5-be2c-37531c4bb4b7][tid:23][com.facebook.buck.apple.AppleCxxPlatforms] SDK AppleSdk{name=appletvos, version=10.2, applePlatform=ApplePlatform{name=appletvos, provisioningProfileName=tvOS, architectures=[arm64], minVersionFlagPrefix=-mtvos-version-min=, appIncludesFrameworks=false}, architectures=[arm64], toolchains=[AppleToolchain{identifier=com.apple.dt.toolchain.XcodeDefault, path=/Applications/Xcode.app/Contents/Developer/Toolchains/XcodeDefault.xctoolchain}]} using default version 10.2
[2017-05-14 01:09:17.908][debug][command:48a334a3-6be9-4ed5-be2c-37531c4bb4b7][tid:23][com.facebook.buck.apple.AppleCxxPlatforms] Xcode build version is: 8E2002
[2017-05-14 01:09:17.912][debug][command:48a334a3-6be9-4ed5-be2c-37531c4bb4b7][tid:23][com.facebook.buck.apple.AppleCxxPlatforms] Apple toolchain path: /Applications/Xcode.app/Contents/Developer/Toolchains/XcodeDefault.xctoolchain
[2017-05-14 01:09:17.913][debug][command:48a334a3-6be9-4ed5-be2c-37531c4bb4b7][tid:23][com.facebook.buck.apple.AppleCxxPlatforms] Headers verification platform whitelist: [^\Q/Applications/Xcode.app/Contents/Developer/Platforms/AppleTVOS.platform/Developer/Library/Frameworks\E\/.*, ^\Q/Applications/Xcode.app/Contents/Developer/Platforms/AppleTVOS.platform/Developer/SDKs/AppleTVOS.sdk\E\/.*, ^\Q/Applications/Xcode.app/Contents/Developer/Toolchains/XcodeDefault.xctoolchain\E\/.*]
[2017-05-14 01:09:17.914][debug][command:48a334a3-6be9-4ed5-be2c-37531c4bb4b7][tid:23][com.facebook.buck.apple.AppleCxxPlatforms] SDK AppleSdk{name=appletvsimulator, version=10.2, applePlatform=ApplePlatform{name=appletvsimulator, swiftName=tvos, architectures=[x86_64], minVersionFlagPrefix=-mtvos-simulator-version-min=, appIncludesFrameworks=false}, architectures=[x86_64], toolchains=[AppleToolchain{identifier=com.apple.dt.toolchain.XcodeDefault, path=/Applications/Xcode.app/Contents/Developer/Toolchains/XcodeDefault.xctoolchain}]} using default version 10.2
[2017-05-14 01:09:17.916][debug][command:48a334a3-6be9-4ed5-be2c-37531c4bb4b7][tid:23][com.facebook.buck.apple.AppleCxxPlatforms] Xcode build version is: 8E2002
[2017-05-14 01:09:17.918][warn ][command:48a334a3-6be9-4ed5-be2c-37531c4bb4b7][tid:23][com.facebook.buck.apple.AppleCxxPlatforms] /Applications/Xcode.app/Contents/Developer/Platforms/AppleTVSimulator.platform/version.plist does not exist. Build version will be unset for this platform.
[2017-05-14 01:09:17.919][debug][command:48a334a3-6be9-4ed5-be2c-37531c4bb4b7][tid:23][com.facebook.buck.apple.AppleCxxPlatforms] Apple toolchain path: /Applications/Xcode.app/Contents/Developer/Toolchains/XcodeDefault.xctoolchain
[2017-05-14 01:09:17.920][debug][command:48a334a3-6be9-4ed5-be2c-37531c4bb4b7][tid:23][com.facebook.buck.apple.AppleCxxPlatforms] Headers verification platform whitelist: [^\Q/Applications/Xcode.app/Contents/Developer/Platforms/AppleTVSimulator.platform/Developer/Library/Frameworks\E\/.*, ^\Q/Applications/Xcode.app/Contents/Developer/Platforms/AppleTVSimulator.platform/Developer/SDKs/AppleTVSimulator.sdk\E\/.*, ^\Q/Applications/Xcode.app/Contents/Developer/Toolchains/XcodeDefault.xctoolchain\E\/.*]
[2017-05-14 01:09:17.922][debug][command:48a334a3-6be9-4ed5-be2c-37531c4bb4b7][tid:23][com.facebook.buck.apple.AppleCxxPlatforms] SDK AppleSdk{name=iphoneos, version=10.3, applePlatform=ApplePlatform{name=iphoneos, swiftName=ios, provisioningProfileName=iOS, architectures=[armv7, arm64], minVersionFlagPrefix=-mios-version-min=, stubBinaryPath=Library/Application Support/WatchKit/WK, appIncludesFrameworks=false}, architectures=[armv7, arm64], toolchains=[AppleToolchain{identifier=com.apple.dt.toolchain.XcodeDefault, path=/Applications/Xcode.app/Contents/Developer/Toolchains/XcodeDefault.xctoolchain}]} using default version 10.3
[2017-05-14 01:09:17.924][debug][command:48a334a3-6be9-4ed5-be2c-37531c4bb4b7][tid:23][com.facebook.buck.apple.AppleCxxPlatforms] Xcode build version is: 8E2002
[2017-05-14 01:09:17.927][debug][command:48a334a3-6be9-4ed5-be2c-37531c4bb4b7][tid:23][com.facebook.buck.apple.AppleCxxPlatforms] Apple toolchain path: /Applications/Xcode.app/Contents/Developer/Toolchains/XcodeDefault.xctoolchain
[2017-05-14 01:09:17.928][debug][command:48a334a3-6be9-4ed5-be2c-37531c4bb4b7][tid:23][com.facebook.buck.apple.AppleCxxPlatforms] Headers verification platform whitelist: [^\Q/Applications/Xcode.app/Contents/Developer/Platforms/iPhoneOS.platform/Developer/Library/Frameworks\E\/.*, ^\Q/Applications/Xcode.app/Contents/Developer/Platforms/iPhoneOS.platform/Developer/SDKs/iPhoneOS.sdk\E\/.*, ^\Q/Applications/Xcode.app/Contents/Developer/Toolchains/XcodeDefault.xctoolchain\E\/.*]
[2017-05-14 01:09:17.931][debug][command:48a334a3-6be9-4ed5-be2c-37531c4bb4b7][tid:23][com.facebook.buck.apple.AppleCxxPlatforms] Xcode build version is: 8E2002
[2017-05-14 01:09:17.935][debug][command:48a334a3-6be9-4ed5-be2c-37531c4bb4b7][tid:23][com.facebook.buck.apple.AppleCxxPlatforms] Apple toolchain path: /Applications/Xcode.app/Contents/Developer/Toolchains/XcodeDefault.xctoolchain
[2017-05-14 01:09:17.936][debug][command:48a334a3-6be9-4ed5-be2c-37531c4bb4b7][tid:23][com.facebook.buck.apple.AppleCxxPlatforms] Headers verification platform whitelist: [^\Q/Applications/Xcode.app/Contents/Developer/Platforms/iPhoneOS.platform/Developer/Library/Frameworks\E\/.*, ^\Q/Applications/Xcode.app/Contents/Developer/Platforms/iPhoneOS.platform/Developer/SDKs/iPhoneOS.sdk\E\/.*, ^\Q/Applications/Xcode.app/Contents/Developer/Toolchains/XcodeDefault.xctoolchain\E\/.*]
[2017-05-14 01:09:17.937][debug][command:48a334a3-6be9-4ed5-be2c-37531c4bb4b7][tid:23][com.facebook.buck.apple.AppleCxxPlatforms] SDK AppleSdk{name=iphonesimulator, version=10.3, applePlatform=ApplePlatform{name=iphonesimulator, swiftName=ios, architectures=[i386, x86_64], minVersionFlagPrefix=-mios-simulator-version-min=, stubBinaryPath=Library/Application Support/WatchKit/WK, appIncludesFrameworks=false}, architectures=[i386, x86_64], toolchains=[AppleToolchain{identifier=com.apple.dt.toolchain.XcodeDefault, path=/Applications/Xcode.app/Contents/Developer/Toolchains/XcodeDefault.xctoolchain}]} using default version 10.3
[2017-05-14 01:09:17.939][debug][command:48a334a3-6be9-4ed5-be2c-37531c4bb4b7][tid:23][com.facebook.buck.apple.AppleCxxPlatforms] Xcode build version is: 8E2002
[2017-05-14 01:09:17.941][warn ][command:48a334a3-6be9-4ed5-be2c-37531c4bb4b7][tid:23][com.facebook.buck.apple.AppleCxxPlatforms] /Applications/Xcode.app/Contents/Developer/Platforms/iPhoneSimulator.platform/version.plist does not exist. Build version will be unset for this platform.
[2017-05-14 01:09:17.941][debug][command:48a334a3-6be9-4ed5-be2c-37531c4bb4b7][tid:23][com.facebook.buck.apple.AppleCxxPlatforms] Apple toolchain path: /Applications/Xcode.app/Contents/Developer/Toolchains/XcodeDefault.xctoolchain
[2017-05-14 01:09:17.942][debug][command:48a334a3-6be9-4ed5-be2c-37531c4bb4b7][tid:23][com.facebook.buck.apple.AppleCxxPlatforms] Headers verification platform whitelist: [^\Q/Applications/Xcode.app/Contents/Developer/Platforms/iPhoneSimulator.platform/Developer/Library/Frameworks\E\/.*, ^\Q/Applications/Xcode.app/Contents/Developer/Platforms/iPhoneSimulator.platform/Developer/SDKs/iPhoneSimulator.sdk\E\/.*, ^\Q/Applications/Xcode.app/Contents/Developer/Toolchains/XcodeDefault.xctoolchain\E\/.*]
[2017-05-14 01:09:17.944][debug][command:48a334a3-6be9-4ed5-be2c-37531c4bb4b7][tid:23][com.facebook.buck.apple.AppleCxxPlatforms] Xcode build version is: 8E2002
[2017-05-14 01:09:17.947][warn ][command:48a334a3-6be9-4ed5-be2c-37531c4bb4b7][tid:23][com.facebook.buck.apple.AppleCxxPlatforms] /Applications/Xcode.app/Contents/Developer/Platforms/iPhoneSimulator.platform/version.plist does not exist. Build version will be unset for this platform.
[2017-05-14 01:09:17.947][debug][command:48a334a3-6be9-4ed5-be2c-37531c4bb4b7][tid:23][com.facebook.buck.apple.AppleCxxPlatforms] Apple toolchain path: /Applications/Xcode.app/Contents/Developer/Toolchains/XcodeDefault.xctoolchain
[2017-05-14 01:09:17.948][debug][command:48a334a3-6be9-4ed5-be2c-37531c4bb4b7][tid:23][com.facebook.buck.apple.AppleCxxPlatforms] Headers verification platform whitelist: [^\Q/Applications/Xcode.app/Contents/Developer/Platforms/iPhoneSimulator.platform/Developer/Library/Frameworks\E\/.*, ^\Q/Applications/Xcode.app/Contents/Developer/Platforms/iPhoneSimulator.platform/Developer/SDKs/iPhoneSimulator.sdk\E\/.*, ^\Q/Applications/Xcode.app/Contents/Developer/Toolchains/XcodeDefault.xctoolchain\E\/.*]
[2017-05-14 01:09:17.950][debug][command:48a334a3-6be9-4ed5-be2c-37531c4bb4b7][tid:23][com.facebook.buck.apple.AppleCxxPlatforms] SDK AppleSdk{name=macosx, version=10.12, applePlatform=ApplePlatform{name=macosx, architectures=[i386, x86_64], minVersionFlagPrefix=-mmacosx-version-min=, appIncludesFrameworks=true}, architectures=[i386, x86_64], toolchains=[AppleToolchain{identifier=com.apple.dt.toolchain.XcodeDefault, path=/Applications/Xcode.app/Contents/Developer/Toolchains/XcodeDefault.xctoolchain}]} using default version 10.12
[2017-05-14 01:09:17.951][debug][command:48a334a3-6be9-4ed5-be2c-37531c4bb4b7][tid:23][com.facebook.buck.apple.AppleCxxPlatforms] Xcode build version is: 8E2002
[2017-05-14 01:09:17.954][warn ][command:48a334a3-6be9-4ed5-be2c-37531c4bb4b7][tid:23][com.facebook.buck.apple.AppleCxxPlatforms] In /Applications/Xcode.app/Contents/Developer/Platforms/MacOSX.platform/version.plist, missing ProductBuildVersion. Build version will be unset for this platform.
[2017-05-14 01:09:17.955][debug][command:48a334a3-6be9-4ed5-be2c-37531c4bb4b7][tid:23][com.facebook.buck.apple.AppleCxxPlatforms] Apple toolchain path: /Applications/Xcode.app/Contents/Developer/Toolchains/XcodeDefault.xctoolchain
[2017-05-14 01:09:17.959][debug][command:48a334a3-6be9-4ed5-be2c-37531c4bb4b7][tid:23][com.facebook.buck.apple.AppleCxxPlatforms] Headers verification platform whitelist: [^\Q/Applications/Xcode.app/Contents/Developer/Platforms/MacOSX.platform/Developer/Library/Frameworks\E\/.*, ^\Q/Applications/Xcode.app/Contents/Developer/Platforms/MacOSX.platform/Developer/SDKs/MacOSX.sdk\E\/.*, ^\Q/Applications/Xcode.app/Contents/Developer/Toolchains/XcodeDefault.xctoolchain\E\/.*]
[2017-05-14 01:09:17.962][debug][command:48a334a3-6be9-4ed5-be2c-37531c4bb4b7][tid:23][com.facebook.buck.apple.AppleCxxPlatforms] Xcode build version is: 8E2002
[2017-05-14 01:09:17.965][warn ][command:48a334a3-6be9-4ed5-be2c-37531c4bb4b7][tid:23][com.facebook.buck.apple.AppleCxxPlatforms] In /Applications/Xcode.app/Contents/Developer/Platforms/MacOSX.platform/version.plist, missing ProductBuildVersion. Build version will be unset for this platform.
[2017-05-14 01:09:17.966][debug][command:48a334a3-6be9-4ed5-be2c-37531c4bb4b7][tid:23][com.facebook.buck.apple.AppleCxxPlatforms] Apple toolchain path: /Applications/Xcode.app/Contents/Developer/Toolchains/XcodeDefault.xctoolchain
[2017-05-14 01:09:17.966][debug][command:48a334a3-6be9-4ed5-be2c-37531c4bb4b7][tid:23][com.facebook.buck.apple.AppleCxxPlatforms] Headers verification platform whitelist: [^\Q/Applications/Xcode.app/Contents/Developer/Platforms/MacOSX.platform/Developer/Library/Frameworks\E\/.*, ^\Q/Applications/Xcode.app/Contents/Developer/Platforms/MacOSX.platform/Developer/SDKs/MacOSX.sdk\E\/.*, ^\Q/Applications/Xcode.app/Contents/Developer/Toolchains/XcodeDefault.xctoolchain\E\/.*]
[2017-05-14 01:09:17.967][debug][command:48a334a3-6be9-4ed5-be2c-37531c4bb4b7][tid:23][com.facebook.buck.apple.AppleCxxPlatforms] SDK AppleSdk{name=watchos, version=3.2, applePlatform=ApplePlatform{name=watchos, provisioningProfileName=iOS, architectures=[armv7k], minVersionFlagPrefix=-mwatchos-version-min=, stubBinaryPath=Library/Application Support/WatchKit/WK, appIncludesFrameworks=false}, architectures=[armv7k], toolchains=[AppleToolchain{identifier=com.apple.dt.toolchain.XcodeDefault, path=/Applications/Xcode.app/Contents/Developer/Toolchains/XcodeDefault.xctoolchain}]} using default version 3.2
[2017-05-14 01:09:17.969][debug][command:48a334a3-6be9-4ed5-be2c-37531c4bb4b7][tid:23][com.facebook.buck.apple.AppleCxxPlatforms] Xcode build version is: 8E2002
[2017-05-14 01:09:17.972][debug][command:48a334a3-6be9-4ed5-be2c-37531c4bb4b7][tid:23][com.facebook.buck.apple.AppleCxxPlatforms] Apple toolchain path: /Applications/Xcode.app/Contents/Developer/Toolchains/XcodeDefault.xctoolchain
[2017-05-14 01:09:17.972][debug][command:48a334a3-6be9-4ed5-be2c-37531c4bb4b7][tid:23][com.facebook.buck.apple.AppleCxxPlatforms] Headers verification platform whitelist: [^\Q/Applications/Xcode.app/Contents/Developer/Platforms/WatchOS.platform/Developer/Library/Frameworks\E\/.*, ^\Q/Applications/Xcode.app/Contents/Developer/Platforms/WatchOS.platform/Developer/SDKs/WatchOS.sdk\E\/.*, ^\Q/Applications/Xcode.app/Contents/Developer/Toolchains/XcodeDefault.xctoolchain\E\/.*]
[2017-05-14 01:09:17.974][debug][command:48a334a3-6be9-4ed5-be2c-37531c4bb4b7][tid:23][com.facebook.buck.apple.AppleCxxPlatforms] SDK AppleSdk{name=watchsimulator, version=3.2, applePlatform=ApplePlatform{name=watchsimulator, architectures=[i386], minVersionFlagPrefix=-mwatchos-simulator-version-min=, stubBinaryPath=Library/Application Support/WatchKit/WK, appIncludesFrameworks=false}, architectures=[i386], toolchains=[AppleToolchain{identifier=com.apple.dt.toolchain.XcodeDefault, path=/Applications/Xcode.app/Contents/Developer/Toolchains/XcodeDefault.xctoolchain}]} using default version 3.2
[2017-05-14 01:09:17.975][debug][command:48a334a3-6be9-4ed5-be2c-37531c4bb4b7][tid:23][com.facebook.buck.apple.AppleCxxPlatforms] Xcode build version is: 8E2002
[2017-05-14 01:09:17.979][debug][command:48a334a3-6be9-4ed5-be2c-37531c4bb4b7][tid:23][com.facebook.buck.apple.AppleCxxPlatforms] Apple toolchain path: /Applications/Xcode.app/Contents/Developer/Toolchains/XcodeDefault.xctoolchain
[2017-05-14 01:09:17.979][debug][command:48a334a3-6be9-4ed5-be2c-37531c4bb4b7][tid:23][com.facebook.buck.apple.AppleCxxPlatforms] Headers verification platform whitelist: [^\Q/Applications/Xcode.app/Contents/Developer/Platforms/WatchSimulator.platform/Developer/Library/Frameworks\E\/.*, ^\Q/Applications/Xcode.app/Contents/Developer/Platforms/WatchSimulator.platform/Developer/SDKs/WatchSimulator.sdk\E\/.*, ^\Q/Applications/Xcode.app/Contents/Developer/Toolchains/XcodeDefault.xctoolchain\E\/.*]
[2017-05-14 01:09:17.988][debug][command:48a334a3-6be9-4ed5-be2c-37531c4bb4b7][tid:23][com.facebook.buck.io.ExecutableFinder] Executable 'clang' mapped to 'Optional[/usr/bin/clang]'
[2017-05-14 01:09:17.989][debug][command:48a334a3-6be9-4ed5-be2c-37531c4bb4b7][tid:23][com.facebook.buck.io.ExecutableFinder] Executable 'clang++' mapped to 'Optional[/usr/bin/clang++]'
[2017-05-14 01:09:17.989][debug][command:48a334a3-6be9-4ed5-be2c-37531c4bb4b7][tid:23][com.facebook.buck.io.ExecutableFinder] Executable 'ar' mapped to 'Optional[/usr/bin/ar]'
[2017-05-14 01:09:17.992][debug][command:48a334a3-6be9-4ed5-be2c-37531c4bb4b7][tid:23][com.facebook.buck.io.ExecutableFinder] Executable 'strip' mapped to 'Optional[/usr/bin/strip]'
[2017-05-14 01:09:17.993][debug][command:48a334a3-6be9-4ed5-be2c-37531c4bb4b7][tid:23][com.facebook.buck.io.ExecutableFinder] Executable 'ranlib' mapped to 'Optional[/usr/bin/ranlib]'
[2017-05-14 01:09:17.994][debug][command:48a334a3-6be9-4ed5-be2c-37531c4bb4b7][tid:23][com.facebook.buck.io.ExecutableFinder] Executable 'nm' mapped to 'Optional[/usr/bin/nm]'
[2017-05-14 01:09:17.996][debug][command:48a334a3-6be9-4ed5-be2c-37531c4bb4b7][tid:23][com.facebook.buck.cxx.CxxPlatforms] Using config default C++ platform CxxPlatform{flavor=iphonesimulator-x86_64, as=com.facebook.buck.cxx.CompilerProvider@4963d182, asflags=[-isysroot, /Applications/Xcode.app/Contents/Developer/Platforms/iPhoneSimulator.platform/Developer/SDKs/iPhoneSimulator.sdk, -iquote, /Users/chengxiang/Projects/muhanCoupon, -arch, x86_64, -mios-simulator-version-min=10.3], aspp=com.facebook.buck.cxx.PreprocessorProvider@376ae18c, asppflags=[], cc=com.facebook.buck.cxx.CompilerProvider@2f4a629b, cflags=[-isysroot, /Applications/Xcode.app/Contents/Developer/Platforms/iPhoneSimulator.platform/Developer/SDKs/iPhoneSimulator.sdk, -iquote, /Users/chengxiang/Projects/muhanCoupon, -arch, x86_64, -mios-simulator-version-min=10.3, -g, -std=c11], cxx=com.facebook.buck.cxx.CompilerProvider@4b27573e, cxxflags=[-isysroot, /Applications/Xcode.app/Contents/Developer/Platforms/iPhoneSimulator.platform/Developer/SDKs/iPhoneSimulator.sdk, -iquote, /Users/chengxiang/Projects/muhanCoupon, -arch, x86_64, -mios-simulator-version-min=10.3, -g, -std=c++14], cpp=com.facebook.buck.cxx.PreprocessorProvider@1c9f6019, cppflags=[], cxxpp=com.facebook.buck.cxx.PreprocessorProvider@7c199487, cxxppflags=[], cudappflags=[], cudaflags=[], asmppflags=[], asmflags=[], ld=com.facebook.buck.cxx.DefaultLinkerProvider@3b7f25, ldflags=[-isysroot, /Applications/Xcode.app/Contents/Developer/Platforms/iPhoneSimulator.platform/Developer/SDKs/iPhoneSimulator.sdk, -iquote, /Users/chengxiang/Projects/muhanCoupon, -arch, x86_64, -mios-simulator-version-min=10.3, -Wl,-sdk_version, -Wl,10.3, -Wl,-ObjC], runtimeLdflags={}, strip=VersionedTool{path=/Applications/Xcode.app/Contents/Developer/Toolchains/XcodeDefault.xctoolchain/usr/bin/strip, extraArgs=[], name=apple-strip, version=10.3:8E2002}, stripFlags=[], ar=com.facebook.buck.cxx.LazyDelegatingArchiver@715446bb, arflags=[], ranlib=com.facebook.buck.rules.LazyDelegatingTool@16ac6f20, ranlibflags=[], symbolNameTool=com.facebook.buck.cxx.LazyDelegatingSymbolNameTool@26a16cde, sharedLibraryExtension=dylib, sharedLibraryVersionedExtensionFormat=%s.dylib, staticLibraryExtension=a, objectFileExtension=o, compilerDebugPathSanitizer=com.facebook.buck.cxx.PrefixMapDebugPathSanitizer@7db8fd78, assemblerDebugPathSanitizer=com.facebook.buck.cxx.MungingDebugPathSanitizer@2e8a1dea, headerVerification=HeaderVerification{mode=IGNORE, whitelist=[], platformWhitelist=[^\Q/Applications/Xcode.app/Contents/Developer/Platforms/iPhoneSimulator.platform/Developer/Library/Frameworks\E\/.*, ^\Q/Applications/Xcode.app/Contents/Developer/Platforms/iPhoneSimulator.platform/Developer/SDKs/iPhoneSimulator.sdk\E\/.*, ^\Q/Applications/Xcode.app/Contents/Developer/Toolchains/XcodeDefault.xctoolchain\E\/.*], whitelistPatterns=[^\Q/Applications/Xcode.app/Contents/Developer/Platforms/iPhoneSimulator.platform/Developer/Library/Frameworks\E\/.*, ^\Q/Applications/Xcode.app/Contents/Developer/Platforms/iPhoneSimulator.platform/Developer/SDKs/iPhoneSimulator.sdk\E\/.*, ^\Q/Applications/Xcode.app/Contents/Developer/Toolchains/XcodeDefault.xctoolchain\E\/.*]}, flagMacros={SDKROOT=/Applications/Xcode.app/Contents/Developer/Platforms/iPhoneSimulator.platform/Developer/SDKs/iPhoneSimulator.sdk, PLATFORM_DIR=/Applications/Xcode.app/Contents/Developer/Platforms/iPhoneSimulator.platform, CURRENT_ARCH=x86_64, DEVELOPER_DIR=/Applications/Xcode.app/Contents/Developer}, publicHeadersSymlinksEnabled=true, privateHeadersSymlinksEnabled=true}
[2017-05-14 01:09:18.026][debug][command:48a334a3-6be9-4ed5-be2c-37531c4bb4b7][tid:23][com.facebook.buck.io.ExecutableFinder] Executable 'python2' mapped to 'Optional.empty'
[2017-05-14 01:09:18.027][debug][command:48a334a3-6be9-4ed5-be2c-37531c4bb4b7][tid:23][com.facebook.buck.io.ExecutableFinder] Executable 'python' mapped to 'Optional[/usr/bin/python]'
[2017-05-14 01:09:18.226][debug][command:48a334a3-6be9-4ed5-be2c-37531c4bb4b7][tid:23][com.facebook.buck.apple.ProvisioningProfileStore] Provisioning profile search path: /Users/chengxiang/Library/MobileDevice/Provisioning Profiles
[2017-05-14 01:09:18.656][debug][command:48a334a3-6be9-4ed5-be2c-37531c4bb4b7][tid:23][com.facebook.buck.json.BuckPythonProgram] Writing python rules stub to /Users/chengxiang/Projects/muhanCoupon/buck-out/tmp/buck_run.XedfAW/buck_python_program7506706363563486503.
[2017-05-14 01:09:19.115][debug][command:48a334a3-6be9-4ed5-be2c-37531c4bb4b7][tid:23][com.facebook.buck.json.BuckPythonProgram] Created temporary buck.py instance at /Users/chengxiang/Projects/muhanCoupon/buck-out/tmp/buck_run.XedfAW/buck_python_program7506706363563486503.
[2017-05-14 01:09:19.128][debug][command:48a334a3-6be9-4ed5-be2c-37531c4bb4b7][tid:23][com.facebook.buck.json.ProjectBuildFileParser] Starting buck.py command: [/usr/bin/python, -u, /Users/chengxiang/Projects/muhanCoupon/buck-out/tmp/buck_run.XedfAW/buck_python_program7506706363563486503/__main__.py, --allow_empty_globs, --watchman_glob_stat_results, --project_root, /Users/chengxiang/Projects/muhanCoupon, --cell_name, , --build_file_name, BUCK, --quiet, --config, /Users/chengxiang/Projects/muhanCoupon/buck-out/tmp/buck_run.XedfAW/raw_config1482792543114606066.json, --ignore_paths, /Users/chengxiang/Projects/muhanCoupon/buck-out/tmp/buck_run.XedfAW/ignore_paths2498500583477156203.json] environment: Optional[{PATH=/usr/local/bin:/usr/bin:/bin:/usr/sbin:/sbin:/usr/local/share/dotnet:/Library/Frameworks/Mono.framework/Versions/Current/Commands, JAVA_MAIN_CLASS_9601=com.facebook.buck.cli.bootstrapper.ClassLoaderBootstrapper, JAVA_ARCH=x86_64, BUCK_CLASSPATH=/Users/chengxiang/Projects/muhanCoupon/.buckd/resources/v2017.05.09.01/buck_server, TERM=xterm-256color, ITERM_SESSION_ID=w0t0p0:59F87272-1AFE-422C-8999-4E466AAB3B25, VERSIONER_PYTHON_VERSION=2.7, BUCK_BUILD_ID=48a334a3-6be9-4ed5-be2c-37531c4bb4b7, LOGNAME=chengxiang, PWD=/Users/chengxiang/Projects/muhanCoupon, XPC_SERVICE_NAME=0, TERM_PROGRAM_VERSION=3.0.15, _=/usr/local/bin/buck, SHELL=/bin/bash, TERM_PROGRAM=iTerm.app, BUCK_PYTHON_SPACE_INIT_TIME=2, OLDPWD=/Users/chengxiang/Projects/muhanCoupon/muhanCoupon, USER=chengxiang, VERSIONER_PYTHON_PREFER_32_BIT=no, CLASSPATH=/Users/chengxiang/Projects/muhanCoupon/.buckd/resources/v2017.05.09.01/bootstrapper_jar, ITERM_PROFILE=Default, TMPDIR=/var/folders/v2/h1_yzm2d38l4yql994gm360c0000gn/T/, SSH_AUTH_SOCK=/private/tmp/com.apple.launchd.2ICPaxYwSH/Listeners, XPC_FLAGS=0x0, TERM_SESSION_ID=w0t0p0:59F87272-1AFE-422C-8999-4E466AAB3B25, BUCK_TTY=1, __CF_USER_TEXT_ENCODING=0x1F5:0x0:0x0, Apple_PubSub_Socket_Render=/private/tmp/com.apple.launchd.NFJ83hGdyf/Render, com.apple.java.jvmTask=CommandLine, COLORFGBG=7;0, LC_CTYPE=UTF-8, SHLVL=1, HOME=/Users/chengxiang}]
[2017-05-14 01:09:19.134][debug][command:48a334a3-6be9-4ed5-be2c-37531c4bb4b7][tid:23][com.facebook.buck.json.ProjectBuildFileParser] Started process com.facebook.buck.util.ProcessExecutor$LaunchedProcessImpl@72208529 successfully
[2017-05-14 01:09:19.532][debug][command:null][tid:31][com.facebook.buck.json.ProjectBuildFileParser] Closing buck.py process stdin
[2017-05-14 01:09:19.532][debug][command:null][tid:31][com.facebook.buck.json.ProjectBuildFileParser] Closing buck.py process stdin
[2017-05-14 01:09:19.553][debug][command:48a334a3-6be9-4ed5-be2c-37531c4bb4b7][tid:01][com.facebook.buck.util.PkillProcessManager] Checking if Xcode is running...
[2017-05-14 01:09:19.575][debug][command:null][tid:31][com.facebook.buck.json.ProjectBuildFileParser] Waiting for process com.facebook.buck.util.ProcessExecutor$LaunchedProcessImpl@72208529 to exit...
[2017-05-14 01:09:19.575][debug][command:null][tid:31][com.facebook.buck.json.ProjectBuildFileParser] Waiting for process com.facebook.buck.util.ProcessExecutor$LaunchedProcessImpl@72208529 to exit...
[2017-05-14 01:09:19.576][debug][command:null][tid:31][com.facebook.buck.json.ProjectBuildFileParser] Process com.facebook.buck.util.ProcessExecutor$LaunchedProcessImpl@72208529 exited cleanly.
[2017-05-14 01:09:19.576][debug][command:null][tid:31][com.facebook.buck.json.ProjectBuildFileParser] Process com.facebook.buck.util.ProcessExecutor$LaunchedProcessImpl@72208529 exited cleanly.
[2017-05-14 01:09:19.581][debug][command:48a334a3-6be9-4ed5-be2c-37531c4bb4b7][tid:01][com.facebook.buck.util.PkillProcessManager] Process Xcode is not running
[2017-05-14 01:09:19.581][debug][command:48a334a3-6be9-4ed5-be2c-37531c4bb4b7][tid:01][com.facebook.buck.apple.project_generator.XCodeProjectCommandHelper] Xcode is not running.
[2017-05-14 01:09:19.616][debug][command:48a334a3-6be9-4ed5-be2c-37531c4bb4b7][tid:01][com.facebook.buck.apple.project_generator.XCodeProjectCommandHelper] Generating workspace for config targets [//:muhanCoupon]
[2017-05-14 01:09:19.622][debug][command:48a334a3-6be9-4ed5-be2c-37531c4bb4b7][tid:01][com.facebook.buck.apple.project_generator.WorkspaceAndProjectGenerator] Generating workspace for target //:muhanCoupon
[2017-05-14 01:09:19.637][debug][command:48a334a3-6be9-4ed5-be2c-37531c4bb4b7][tid:01][com.facebook.buck.apple.project_generator.WorkspaceAndProjectGenerator] Adding scheme muhanCoupon
[2017-05-14 01:09:19.646][debug][command:48a334a3-6be9-4ed5-be2c-37531c4bb4b7][tid:01][com.facebook.buck.apple.project_generator.WorkspaceAndProjectGenerator] Getting ordered test target nodes for [//:muhanCoupon]
[2017-05-14 01:09:19.654][debug][command:null][tid:35][com.facebook.buck.apple.project_generator.WorkspaceAndProjectGenerator] Generating project for directory  with targets [//:muhanCoupon, //:muhanCouponResources]
[2017-05-14 01:09:19.654][debug][command:null][tid:35][com.facebook.buck.apple.project_generator.WorkspaceAndProjectGenerator] Generating project for directory  with targets [//:muhanCoupon, //:muhanCouponResources]
[2017-05-14 01:09:19.663][debug][command:null][tid:35][com.facebook.buck.apple.project_generator.ProjectGenerator] Output directory , profile fs root path /Users/chengxiang/Projects/muhanCoupon, repo root relative to output dir .
[2017-05-14 01:09:19.663][debug][command:null][tid:35][com.facebook.buck.apple.project_generator.ProjectGenerator] Output directory , profile fs root path /Users/chengxiang/Projects/muhanCoupon, repo root relative to output dir .
[2017-05-14 01:09:19.676][debug][command:null][tid:35][com.facebook.buck.apple.project_generator.ProjectGenerator] Creating projects for targets [//:muhanCoupon, //:muhanCouponResources]
[2017-05-14 01:09:19.676][debug][command:null][tid:35][com.facebook.buck.apple.project_generator.ProjectGenerator] Creating projects for targets [//:muhanCoupon, //:muhanCouponResources]
[2017-05-14 01:09:19.676][debug][command:null][tid:35][com.facebook.buck.apple.project_generator.ProjectGenerator] Including rule //:muhanCoupon in project
[2017-05-14 01:09:19.676][debug][command:null][tid:35][com.facebook.buck.apple.project_generator.ProjectGenerator] Including rule //:muhanCoupon in project
[2017-05-14 01:09:19.686][debug][command:null][tid:35][com.facebook.buck.apple.project_generator.ProjectGenerator] Generating binary target for node //:muhanCouponBinary
[2017-05-14 01:09:19.686][debug][command:null][tid:35][com.facebook.buck.apple.project_generator.ProjectGenerator] Generating binary target for node //:muhanCouponBinary
[2017-05-14 01:09:19.728][debug][command:null][tid:35][com.facebook.buck.apple.project_generator.NewNativeTargetProjectMutator] Added resources build phase com.facebook.buck.apple.xcode.xcodeproj.PBXResourcesBuildPhase@dc73d42 isa=PBXResourcesBuildPhase gid=null
[2017-05-14 01:09:19.728][debug][command:null][tid:35][com.facebook.buck.apple.project_generator.NewNativeTargetProjectMutator] Added resources build phase com.facebook.buck.apple.xcode.xcodeproj.PBXResourcesBuildPhase@dc73d42 isa=PBXResourcesBuildPhase gid=null
[2017-05-14 01:09:19.762][debug][command:null][tid:35][com.facebook.buck.apple.project_generator.CxxPlatformXcodeConfigGenerator] Cannot determine value of CLANG_CXX_LIBRARY
[2017-05-14 01:09:19.762][debug][command:null][tid:35][com.facebook.buck.apple.project_generator.CxxPlatformXcodeConfigGenerator] Cannot determine value of CLANG_CXX_LIBRARY
[2017-05-14 01:09:19.771][debug][command:null][tid:35][com.facebook.buck.apple.project_generator.ProjectGenerator] Symlink tree at buck-out/gen/_p/zM2oZvPDGJ-pub is up to date, not regenerating (key 0931b625aca4ff08191d2c1f85e1b658c22959bd).
[2017-05-14 01:09:19.771][debug][command:null][tid:35][com.facebook.buck.apple.project_generator.ProjectGenerator] Symlink tree at buck-out/gen/_p/zM2oZvPDGJ-pub is up to date, not regenerating (key 0931b625aca4ff08191d2c1f85e1b658c22959bd).
[2017-05-14 01:09:19.773][debug][command:null][tid:35][com.facebook.buck.apple.project_generator.ProjectGenerator] Updating symlink tree at buck-out/gen/_p/zM2oZvPDGJ-priv (old key Optional[dc0a4b7f20c7c7976a17977ce9736d594279a6e1], new key fe65ee95f74f614f5c3491154c77fab0ac334b4c).
[2017-05-14 01:09:19.773][debug][command:null][tid:35][com.facebook.buck.apple.project_generator.ProjectGenerator] Updating symlink tree at buck-out/gen/_p/zM2oZvPDGJ-priv (old key Optional[dc0a4b7f20c7c7976a17977ce9736d594279a6e1], new key fe65ee95f74f614f5c3491154c77fab0ac334b4c).
[2017-05-14 01:09:19.784][debug][command:null][tid:35][com.facebook.buck.apple.project_generator.ProjectGenerator] Generated iOS bundle target com.facebook.buck.apple.xcode.xcodeproj.PBXNativeTarget@59704b8a isa=PBXNativeTarget gid=null
[2017-05-14 01:09:19.784][debug][command:null][tid:35][com.facebook.buck.apple.project_generator.ProjectGenerator] Generated iOS bundle target com.facebook.buck.apple.xcode.xcodeproj.PBXNativeTarget@59704b8a isa=PBXNativeTarget gid=null
[2017-05-14 01:09:19.785][debug][command:null][tid:35][com.facebook.buck.apple.project_generator.ProjectGenerator] Including rule //:muhanCouponResources in project
[2017-05-14 01:09:19.785][debug][command:null][tid:35][com.facebook.buck.apple.project_generator.ProjectGenerator] Including rule //:muhanCouponResources in project
[2017-05-14 01:09:19.803][debug][command:null][tid:35][com.facebook.buck.apple.project_generator.ProjectGenerator] Regenerating project at Project.xcodeproj/project.pbxproj
[2017-05-14 01:09:19.803][debug][command:null][tid:35][com.facebook.buck.apple.project_generator.ProjectGenerator] Regenerating project at Project.xcodeproj/project.pbxproj
[2017-05-14 01:09:19.812][debug][command:48a334a3-6be9-4ed5-be2c-37531c4bb4b7][tid:01][com.facebook.buck.apple.project_generator.SchemeGenerator] Generating scheme with build targets [com.facebook.buck.apple.xcode.xcodeproj.PBXNativeTarget@59704b8a isa=PBXNativeTarget gid=E66DC04ED6A5227300000000], test build targets [], test bundle targets []
[2017-05-14 01:09:19.862][debug][command:48a334a3-6be9-4ed5-be2c-37531c4bb4b7][tid:01][com.facebook.buck.apple.project_generator.XCodeProjectCommandHelper] Required build targets for workspace //:muhanCoupon: []
[2017-05-14 01:09:19.864][info ][command:48a334a3-6be9-4ed5-be2c-37531c4bb4b7][tid:01][com.facebook.buck.cli.Main] Awaiting termination of HTTP Write executor service. Waiting for all jobs to complete, or up to maximum of 1800 seconds...
[2017-05-14 01:09:19.867][info ][command:48a334a3-6be9-4ed5-be2c-37531c4bb4b7][tid:01][com.facebook.buck.cli.Main] Awaiting termination of CounterAggregatorExecutor executor service. Waiting for all jobs to complete, or up to maximum of 20 seconds...
[2017-05-14 01:09:19.870][debug][command:48a334a3-6be9-4ed5-be2c-37531c4bb4b7][tid:17][com.facebook.buck.util.perf.ProcessTracker] shutDown
[2017-05-14 01:09:19.871][debug][command:48a334a3-6be9-4ed5-be2c-37531c4bb4b7][tid:16][com.google.common.util.concurrent.ServiceManager] Service PerfStatsTracking [TERMINATED] has terminated. Previous state was: STOPPING
[2017-05-14 01:09:19.871][debug][command:48a334a3-6be9-4ed5-be2c-37531c4bb4b7][tid:01][com.facebook.buck.event.listener.SuperConsoleEventBusListener] Stopping render scheduler
[2017-05-14 01:09:19.875][debug][command:null][tid:17][com.google.common.util.concurrent.ServiceManager] Service ProcessTracker [TERMINATED] has terminated. Previous state was: STOPPING
[2017-05-14 01:09:19.885][info ][command:null][tid:01][com.facebook.buck.cli.Main] Awaiting termination of CPU executor service. Waiting for all jobs to complete, or up to maximum of 60 seconds...
[2017-05-14 01:09:19.885][info ][command:null][tid:01][com.facebook.buck.cli.Main] Awaiting termination of PROJECT executor service. Waiting for all jobs to complete, or up to maximum of 60 seconds...
[2017-05-14 01:09:19.886][info ][command:null][tid:01][com.facebook.buck.cli.Main] Awaiting termination of NETWORK executor service. Waiting for all jobs to complete, or up to maximum of 60 seconds...
[2017-05-14 01:09:19.886][info ][command:null][tid:01][com.facebook.buck.cli.Main] Awaiting termination of Disk IO executor service. Waiting for all jobs to complete, or up to maximum of 10 seconds...
[2017-05-14 01:09:19.886][debug][command:null][tid:01][com.facebook.buck.event.listener.ChromeTraceBuildListener] Writing Chrome trace to buck-out/log/2017-05-13_17h09m11s_projectcommand_48a334a3-6be9-4ed5-be2c-37531c4bb4b7/build.2017-05-14.01-09-11.48a334a3-6be9-4ed5-be2c-37531c4bb4b7.trace
[2017-05-14 01:09:19.910][debug][command:null][tid:01][com.facebook.buck.cli.Main] Done.
